01:41:06.480 > ets Jun  8 2016 00:22:57
01:41:06.480 > 
01:41:06.480 > rst:0x10 (RTCWDT_RTC_RESET),boot:0x13 (SPI_FAST_FLASH_BOOT)
01:41:06.480 > flash read err, 1000
01:41:06.480 > ets_main.c 371 
01:41:06.720 > ets Jun  8 2016 00:22:57
01:41:06.723 > 
01:41:06.723 > rst:0x10 (RTCWDT_RTC_RESET),boot:0x13 (SPI_FAST_FLASH_BOOT)
01:41:06.729 > flash read err, 1000
01:41:06.731 > ets_main.c 371 
01:41:07.073 > ets Jun  8 2016 00:22:57
01:41:07.076 > 
01:41:07.077 > rst:0x10 (RTCWDT_RTC_RESET),boot:0x13 (SPI_FAST_FLASH_BOOT)
01:41:07.082 > flash read err, 1000
01:41:07.084 > ets_main.c 371 
01:41:07.427 > ets Jun  8 2016 00:22:57
01:41:07.430 > 
01:41:07.430 > rst:0x10 (RTCWDT_RTC_RESET),boot:0x13 (SPI_FAST_FLASH_BOOT)
01:41:07.435 > flash read err, 1000
01:41:07.437 > ets_main.c 371 
01:41:07.780 > ets Jun  8 2016 00:22:57
01:41:07.783 > 
01:41:07.783 > rst:0x10 (RTCWDT_RTC_RESET),boot:0x13 (SPI_FAST_FLASH_BOOT)
01:41:07.788 > flash read err, 1000
01:41:07.790 > ets_main.c 371 
01:41:08.133 > ets Jun  8 2016 00:22:57
01:41:08.136 > 
01:41:08.136 > rst:0x10 (RTCWDT_RTC_RESET),boot:0x13 (SPI_FAST_FLASH_BOOT)
01:41:08.142 > flash read err, 1000
01:41:08.144 > ets_main.c 371 
01:41:08.487 > ets Jun  8 2016 00:22:57
01:41:08.490 > 
01:41:08.490 > rst:0x10 (RTCWDT_RTC_RESET),boot:0x13 (SPI_FAST_FLASH_BOOT)
01:41:08.495 > flash read err, 1000
01:41:08.497 > ets_main.c 371 
01:41:08.840 > ets Jun  8 2016 00:22:57
01:41:08.843 > 
01:41:08.843 > rst:0x10 (RTCWDT_RTC_RESET),boot:0x13 (SPI_FAST_FLASH_BOOT)
01:41:08.849 > flash read err, 1000
01:41:08.850 > ets_main.c 371 
01:41:09.194 > ets Jun  8 2016 00:22:57
01:41:09.196 > 
01:41:09.197 > rst:0x10 (RTCWDT_RTC_RESET),boot:0x13 (SPI_FAST_FLASH_BOOT)
01:41:09.202 > flash read err, 1000
01:41:09.204 > ets_main.c 371 
01:41:09.547 > ets Jun  8 2016 00:22:57
01:41:09.550 > 
01:41:09.550 > rst:0x10 (RTCWDT_RTC_RESET),boot:0x13 (SPI_FAST_FLASH_BOOT)
01:41:09.555 > flash read err, 1000
01:41:09.557 > ets_main.c 371 
01:41:09.900 > ets Jun  8 2016 00:22:57
01:41:09.903 > 
01:41:09.903 > rst:0x10 (RTCWDT_RTC_RESET),boot:0x13 (SPI_FAST_FLASH_BOOT)
01:41:09.909 > flash read err, 1000
01:41:09.910 > ets_main.c 371 
01:41:10.253 > ets Jun  8 2016 00:22:57
01:41:10.256 > 
01:41:10.257 > rst:0x10 (RTCWDT_RTC_RESET),boot:0x13 (SPI_FAST_FLASH_BOOT)
01:41:10.262 > flash read err, 1000
01:41:10.264 > ets_main.c 371 
01:41:10.607 > ets Jun  8 2016 00:22:57
01:41:10.610 > 
01:41:10.610 > rst:0x10 (RTCWDT_RTC_RESET),boot:0x13 (SPI_FAST_FLASH_BOOT)
01:41:10.615 > flash read err, 1000
01:41:10.617 > ets_main.c 371 
01:41:10.960 > ets Jun  8 2016 00:22:57
01:41:10.963 > 
01:41:10.963 > rst:0x10 (RTCWDT_RTC_RESET),boot:0x13 (SPI_FAST_FLASH_BOOT)
01:41:10.968 > flash read err, 1000
01:41:10.970 > ets_main.c 371 
01:41:11.313 > ets Jun  8 2016 00:22:57
01:41:11.316 > 
01:41:11.316 > rst:0x10 (RTCWDT_RTC_RESET),boot:0x13 (SPI_FAST_FLASH_BOOT)
01:41:11.321 > flash read err, 1000
01:41:11.323 > ets_main.c 371 
01:41:11.666 > ets Jun  8 2016 00:22:57
01:41:11.669 > 
01:41:11.669 > rst:0x10 (RTCWDT_RTC_RESET),boot:0x13 (SPI_FAST_FLASH_BOOT)
01:41:11.675 > flash read err, 1000
01:41:11.677 > ets_main.c 371 
01:41:12.019 > ets Jun  8 2016 00:22:57
01:41:12.023 > 
01:41:12.023 > rst:0x10 (RTCWDT_RTC_RESET),boot:0x13 (SPI_FAST_FLASH_BOOT)
01:41:12.028 > flash read err, 1000
01:41:12.030 > ets_main.c 371 
01:41:12.434 > ets Jun  8 2016 00:22:57
01:41:12.438 > 
01:41:12.438 > rst:0x1 (POWERON_RESET),boot:0x13 (SPI_FAST_FLASH_BOOT)
01:41:12.443 > flash read err, 1000
01:41:12.445 > ets_main.c 371 
01:41:12.788 > ets Jun  8 2016 00:22:57
01:41:12.791 > 
01:41:12.791 > rst:0x10 (RTCWDT_RTC_RESET),boot:0x13 (SPI_FAST_FLASH_BOOT)
01:41:12.796 > flash read err, 1000
01:41:12.798 > ets_main.c 371 
01:41:13.141 > ets Jun  8 2016 00:22:57
01:41:13.144 > 
01:41:13.144 > rst:0x10 (RTCWDT_RTC_RESET),boot:0x13 (SPI_FAST_FLASH_BOOT)
01:41:13.149 > flash read err, 1000
01:41:13.151 > ets_main.c 371 
01:41:13.494 > ets Jun  8 2016 00:22:57
01:41:13.497 > 
01:41:13.497 > rst:0x10 (RTCWDT_RTC_RESET),boot:0x3 (DOWNLOAD_BOOT(UART0/UART1/SDIO_REI_REO_V2))
01:41:13.504 > waiting for download
01:41:15.107 > ets Jun  8 2016 00:22:57
01:41:15.111 > 
01:41:15.111 > rst:0x1 (POWERON_RESET),boot:0x3 (DOWNLOAD_BOOT(UART0/UART1/SDIO_REI_REO_V2))
01:41:15.118 > waiting for download
