02:07:44.377 > ets Jun  8 2016 00:22:57
02:07:44.380 > 
02:07:44.380 > rst:0x1 (POWERON_RESET),boot:0x13 (SPI_FAST_FLASH_BOOT)
02:07:44.385 > configsip: 0, SPIWP:0xee
02:07:44.387 > clk_drv:0x00,q_drv:0x00,d_drv:0x00,cs0_drv:0x00,hd_drv:0x00,wp_drv:0x00
02:07:44.393 > mode:DIO, clock div:2
02:07:44.395 > load:0x3fff0018,len:4
02:07:44.397 > load:0x3fff001c,len:1044
02:07:44.399 > load:0x40078000,len:10124
02:07:44.401 > load:0x40080400,len:5828
02:07:44.404 > entry 0x400806a8
02:07:45.537 > Failed to detect and initialize sensor!
02:07:46.538 > Failed to detect and initialize sensor!
02:07:47.539 > Failed to detect and initialize sensor!
02:07:48.539 > Failed to detect and initialize sensor!
02:07:49.540 > Failed to detect and initialize sensor!
02:07:50.541 > Failed to detect and initialize sensor!
02:07:51.542 > Failed to detect and initialize sensor!
02:07:52.543 > Failed to detect and initialize sensor!
02:07:53.544 > Failed to detect and initialize sensor!
02:07:54.594 > Guru Meditation Error: Core  1 panic'ed (LoadProhibited). Exception was unhandled.
02:07:54.602 > Core 1 register dump:
02:07:54.604 > PC      : 0x400d2b9f  PS      : 0x00060330  A0      : 0x800d2f02  A1      : 0x3ffb1e90  
02:07:54.612 > A2      : 0x00000003  A3      : 0x00000000  A4      : 0x00000000  A5      : 0x3ffbdc54  
02:07:54.619 > A6      : 0x00000000  A7      : 0x60013000  A8      : 0x800d2b6c  A9      : 0x3ffb1e70  
02:07:54.627 > A10     : 0x3ffbdc54  A11     : 0x00000010  A12     : 0x00000000  A13     : 0x00000001  
02:07:54.635 > A14     : 0x00000032  A15     : 0x3ffb84f0  SAR     : 0x0000001c  EXCCAUSE: 0x0000001c  
02:07:54.643 > EXCVADDR: 0x800d2f04  LBEG    : 0x4000c2e0  LEND    : 0x4000c2f6  LCOUNT  : 0x00000000  
02:07:54.651 > 
02:07:54.651 > ELF file SHA256: 0000000000000000
02:07:54.654 > 
02:07:54.654 > Backtrace: 0x400d2b9f:0x3ffb1e90 0x400d2eff:0x3ffb1ec0 0x400d10a9:0x3ffb1ee0 0x400d10fd:0x3ffb1f00 0x400d11f5:0x3ffb1f20 0x400d13b0:0x3ffb1f40 0x400d1921:0x3ffb1f60 0x400d0e02:0x3ffb1f80 0x400d3ab2:0x3ffb1fb0 0x40086a75:0x3ffb1fd0
02:07:54.674 > 
02:07:54.674 > Rebooting...
02:07:54.676 > ets Jun  8 2016 00:22:57
02:07:54.678 > 
02:07:54.678 > rst:0xc (SW_CPU_RESET),boot:0x13 (SPI_FAST_FLASH_BOOT)
02:07:54.683 > flash read err, 1000
02:07:54.685 > ets_main.c 371 
02:07:55.595 > ets Jun  8 2016 00:22:57
02:07:55.598 > 
02:07:55.598 > rst:0x10 (RTCWDT_RTC_RESET),boot:0x13 (SPI_FAST_FLASH_BOOT)
02:07:55.603 > flash read err, 1000
02:07:55.605 > ets_main.c 371 
02:07:55.955 > ets Jun  8 2016 00:22:57
02:07:55.957 > 
02:07:55.957 > rst:0x10 (RTCWDT_RTC_RESET),boot:0x13 (SPI_FAST_FLASH_BOOT)
02:07:55.962 > flash read err, 1000
02:07:55.964 > ets_main.c 371 
02:07:56.314 > ets Jun  8 2016 00:22:57
02:07:56.316 > 
02:07:56.316 > rst:0x10 (RTCWDT_RTC_RESET),boot:0x13 (SPI_FAST_FLASH_BOOT)
02:07:56.321 > flash read err, 1000
02:07:56.323 > ets_main.c 371 
02:07:56.673 > ets Jun  8 2016 00:22:57
02:07:56.675 > 
02:07:56.675 > rst:0x10 (RTCWDT_RTC_RESET),boot:0x13 (SPI_FAST_FLASH_BOOT)
02:07:56.681 > flash read err, 1000
02:07:56.682 > ets_main.c 371 
02:07:57.032 > ets Jun  8 2016 00:22:57
02:07:57.034 > 
02:07:57.034 > rst:0x10 (RTCWDT_RTC_RESET),boot:0x13 (SPI_FAST_FLASH_BOOT)
02:07:57.040 > flash read err, 1000
02:07:57.041 > ets_main.c 371 
02:07:57.391 > ets Jun  8 2016 00:22:57
02:07:57.393 > 
02:07:57.393 > rst:0x10 (RTCWDT_RTC_RESET),boot:0x13 (SPI_FAST_FLASH_BOOT)
02:07:57.399 > flash read err, 1000
02:07:57.401 > ets_main.c 371 
02:07:57.750 > ets Jun  8 2016 00:22:57
02:07:57.752 > 
02:07:57.753 > rst:0x10 (RTCWDT_RTC_RESET),boot:0x13 (SPI_FAST_FLASH_BOOT)
02:07:57.758 > flash read err, 1000
02:07:57.760 > ets_main.c 371 
02:07:58.109 > ets Jun  8 2016 00:22:57
02:07:58.111 > 
02:07:58.111 > rst:0x10 (RTCWDT_RTC_RESET),boot:0x13 (SPI_FAST_FLASH_BOOT)
02:07:58.117 > flash read err, 1000
02:07:58.118 > ets_main.c 371 
02:07:58.467 > ets Jun  8 2016 00:22:57
02:07:58.470 > 
02:07:58.470 > rst:0x10 (RTCWDT_RTC_RESET),boot:0x13 (SPI_FAST_FLASH_BOOT)
02:07:58.475 > flash read err, 1000
02:07:58.477 > ets_main.c 371 
02:07:58.826 > ets Jun  8 2016 00:22:57
02:07:58.829 > 
02:07:58.829 > rst:0x10 (RTCWDT_RTC_RESET),boot:0x13 (SPI_FAST_FLASH_BOOT)
02:07:58.834 > flash read err, 1000
02:07:58.836 > ets_main.c 371 
02:07:59.185 > ets Jun  8 2016 00:22:57
02:07:59.188 > 
02:07:59.188 > rst:0x10 (RTCWDT_RTC_RESET),boot:0x13 (SPI_FAST_FLASH_BOOT)
02:07:59.193 > flash read err, 1000
02:07:59.195 > ets_main.c 371 
02:07:59.544 > ets Jun  8 2016 00:22:57
02:07:59.547 > 
02:07:59.547 > rst:0x10 (RTCWDT_RTC_RESET),boot:0x13 (SPI_FAST_FLASH_BOOT)
02:07:59.567 > flash read err, 1000
02:07:59.567 > ets_main.c 371 
02:07:59.903 > ets Jun  8 2016 00:22:57
02:07:59.906 > 
02:07:59.906 > rst:0x10 (RTCWDT_RTC_RESET),boot:0x13 (SPI_FAST_FLASH_BOOT)
02:07:59.911 > flash read err, 1000
02:07:59.913 > ets_main.c 371 
02:08:00.262 > ets Jun  8 2016 00:22:57
02:08:00.265 > 
02:08:00.265 > rst:0x10 (RTCWDT_RTC_RESET),boot:0x13 (SPI_FAST_FLASH_BOOT)
02:08:00.270 > flash read err, 1000
02:08:00.272 > ets_main.c 371 
02:08:00.621 > ets Jun  8 2016 00:22:57
02:08:00.624 > 
02:08:00.624 > rst:0x10 (RTCWDT_RTC_RESET),boot:0x13 (SPI_FAST_FLASH_BOOT)
02:08:00.629 > flash read err, 1000
02:08:00.631 > ets_main.c 371 
02:08:00.980 > ets Jun  8 2016 00:22:57
02:08:00.983 > 
02:08:00.983 > rst:0x10 (RTCWDT_RTC_RESET),boot:0x13 (SPI_FAST_FLASH_BOOT)
02:08:00.988 > flash read err, 1000
02:08:00.990 > ets_main.c 371 
02:08:01.339 > ets Jun  8 2016 00:22:57
02:08:01.342 > 
02:08:01.342 > rst:0x10 (RTCWDT_RTC_RESET),boot:0x13 (SPI_FAST_FLASH_BOOT)
02:08:01.347 > flash read err, 1000
02:08:01.349 > ets_main.c 371 
02:08:01.698 > ets Jun  8 2016 00:22:57
02:08:01.701 > 
02:08:01.701 > rst:0x10 (RTCWDT_RTC_RESET),boot:0x13 (SPI_FAST_FLASH_BOOT)
02:08:01.706 > flash read err, 1000
02:08:01.708 > ets_main.c 371 
02:08:02.057 > ets Jun  8 2016 00:22:57
02:08:02.060 > 
02:08:02.060 > rst:0x10 (RTCWDT_RTC_RESET),boot:0x13 (SPI_FAST_FLASH_BOOT)
02:08:02.065 > flash read err, 1000
02:08:02.067 > ets_main.c 371 
02:08:02.416 > ets Jun  8 2016 00:22:57
02:08:02.419 > 
02:08:02.419 > rst:0x10 (RTCWDT_RTC_RESET),boot:0x13 (SPI_FAST_FLASH_BOOT)
02:08:02.424 > flash read err, 1000
02:08:02.426 > ets_main.c 371 
02:08:02.775 > ets Jun  8 2016 00:22:57
02:08:02.778 > 
02:08:02.778 > rst:0x10 (RTCWDT_RTC_RESET),boot:0x13 (SPI_FAST_FLASH_BOOT)
02:08:02.783 > flash read err, 1000
02:08:02.785 > ets_main.c 371 
02:08:03.133 > ets Jun  8 2016 00:22:57
02:08:03.136 > 
02:08:03.137 > rst:0x10 (RTCWDT_RTC_RESET),boot:0x13 (SPI_FAST_FLASH_BOOT)
02:08:03.142 > flash read err, 1000
02:08:03.144 > ets_main.c 371 
02:08:03.492 > ets Jun  8 2016 00:22:57
02:08:03.495 > 
02:08:03.495 > rst:0x10 (RTCWDT_RTC_RESET),boot:0x13 (SPI_FAST_FLASH_BOOT)
02:08:03.501 > flash read err, 1000
02:08:03.502 > ets_main.c 371 
02:08:03.851 > ets Jun  8 2016 00:22:57
02:08:03.854 > 
02:08:03.854 > rst:0x10 (RTCWDT_RTC_RESET),boot:0x13 (SPI_FAST_FLASH_BOOT)
02:08:03.859 > flash read err, 1000
02:08:03.861 > ets_main.c 371 
02:08:04.210 > ets Jun  8 2016 00:22:57
02:08:04.213 > 
02:08:04.213 > rst:0x10 (RTCWDT_RTC_RESET),boot:0x13 (SPI_FAST_FLASH_BOOT)
02:08:04.218 > flash read err, 1000
02:08:04.220 > ets_main.c 371 
02:08:04.569 > ets Jun  8 2016 00:22:57
02:08:04.572 > 
02:08:04.572 > rst:0x10 (RTCWDT_RTC_RESET),boot:0x13 (SPI_FAST_FLASH_BOOT)
02:08:04.577 > flash read err, 1000
02:08:04.579 > ets_main.c 371 
02:08:04.928 > ets Jun  8 2016 00:22:57
02:08:04.931 > 
02:08:04.931 > rst:0x10 (RTCWDT_RTC_RESET),boot:0x13 (SPI_FAST_FLASH_BOOT)
02:08:04.936 > flash read err, 1000
02:08:04.938 > ets_main.c 371 
02:08:05.287 > ets Jun  8 2016 00:22:57
02:08:05.290 > 
02:08:05.290 > rst:0x10 (RTCWDT_RTC_RESET),boot:0x13 (SPI_FAST_FLASH_BOOT)
02:08:05.295 > flash read err, 1000
02:08:05.297 > ets_main.c 371 
02:08:05.645 > ets Jun  8 2016 00:22:57
02:08:05.649 > 
02:08:05.649 > rst:0x10 (RTCWDT_RTC_RESET),boot:0x13 (SPI_FAST_FLASH_BOOT)
02:08:05.654 > flash read err, 1000
02:08:05.656 > ets_main.c 371 
02:08:06.004 > ets Jun  8 2016 00:22:57
02:08:06.007 > 
02:08:06.008 > rst:0x10 (RTCWDT_RTC_RESET),boot:0x13 (SPI_FAST_FLASH_BOOT)
02:08:06.013 > flash read err, 1000
02:08:06.015 > ets_main.c 371 
02:08:06.363 > ets Jun  8 2016 00:22:57
02:08:06.365 > 
02:08:06.365 > rst:0x10 (RTCWDT_RTC_RESET),boot:0x13 (SPI_FAST_FLASH_BOOT)
02:08:06.372 > flash read err, 1000
02:08:06.373 > ets_main.c 371 
02:08:06.722 > ets Jun  8 2016 00:22:57
02:08:06.724 > 
02:08:06.724 > rst:0x10 (RTCWDT_RTC_RESET),boot:0x13 (SPI_FAST_FLASH_BOOT)
02:08:06.731 > flash read err, 1000
02:08:06.731 > ets_main.c 371 
02:08:07.081 > ets Jun  8 2016 00:22:57
02:08:07.083 > 
02:08:07.083 > rst:0x10 (RTCWDT_RTC_RESET),boot:0x13 (SPI_FAST_FLASH_BOOT)
02:08:07.088 > flash read err, 1000
02:08:07.090 > ets_main.c 371 
02:08:07.440 > ets Jun  8 2016 00:22:57
02:08:07.442 > 
02:08:07.442 > rst:0x10 (RTCWDT_RTC_RESET),boot:0x13 (SPI_FAST_FLASH_BOOT)
02:08:07.447 > flash read err, 1000
02:08:07.449 > ets_main.c 371 
02:08:07.799 > ets Jun  8 2016 00:22:57
02:08:07.801 > 
02:08:07.801 > rst:0x10 (RTCWDT_RTC_RESET),boot:0x13 (SPI_FAST_FLASH_BOOT)
02:08:07.806 > flash read err, 1000
02:08:07.808 > ets_main.c 371 
02:08:08.157 > ets Jun  8 2016 00:22:57
02:08:08.159 > 
02:08:08.160 > rst:0x10 (RTCWDT_RTC_RESET),boot:0x13 (SPI_FAST_FLASH_BOOT)
02:08:08.165 > flash read err, 1000
02:08:08.167 > ets_main.c 371 
02:08:08.516 > ets Jun  8 2016 00:22:57
02:08:08.518 > 
02:08:08.518 > rst:0x10 (RTCWDT_RTC_RESET),boot:0x13 (SPI_FAST_FLASH_BOOT)
02:08:08.524 > flash read err, 1000
02:08:08.526 > ets_main.c 371 
02:08:08.875 > ets Jun  8 2016 00:22:57
02:08:08.877 > 
02:08:08.877 > rst:0x10 (RTCWDT_RTC_RESET),boot:0x13 (SPI_FAST_FLASH_BOOT)
02:08:08.882 > flash read err, 1000
02:08:08.884 > ets_main.c 371 
02:08:09.233 > ets Jun  8 2016 00:22:57
02:08:09.236 > 
02:08:09.236 > rst:0x10 (RTCWDT_RTC_RESET),boot:0x13 (SPI_FAST_FLASH_BOOT)
02:08:09.241 > flash read err, 1000
02:08:09.243 > ets_main.c 371 
02:08:09.592 > ets Jun  8 2016 00:22:57
02:08:09.595 > 
02:08:09.595 > rst:0x10 (RTCWDT_RTC_RESET),boot:0x13 (SPI_FAST_FLASH_BOOT)
02:08:09.600 > flash read err, 1000
02:08:09.602 > ets_main.c 371 
02:08:09.951 > ets Jun  8 2016 00:22:57
02:08:09.953 > 
02:08:09.953 > rst:0x10 (RTCWDT_RTC_RESET),boot:0x13 (SPI_FAST_FLASH_BOOT)
02:08:09.958 > flash read err, 1000
02:08:09.960 > ets_main.c 371 
02:08:10.309 > ets Jun  8 2016 00:22:57
02:08:10.312 > 
02:08:10.312 > rst:0x10 (RTCWDT_RTC_RESET),boot:0x13 (SPI_FAST_FLASH_BOOT)
02:08:10.317 > flash read err, 1000
02:08:10.319 > ets_main.c 371 
02:08:10.668 > ets Jun  8 2016 00:22:57
02:08:10.671 > 
02:08:10.671 > rst:0x10 (RTCWDT_RTC_RESET),boot:0x13 (SPI_FAST_FLASH_BOOT)
02:08:10.676 > flash read err, 1000
02:08:10.678 > ets_main.c 371 
02:08:11.027 > ets Jun  8 2016 00:22:57
02:08:11.029 > 
02:08:11.030 > rst:0x10 (RTCWDT_RTC_RESET),boot:0x13 (SPI_FAST_FLASH_BOOT)
02:08:11.035 > flash read err, 1000
02:08:11.037 > ets_main.c 371 
02:08:11.386 > ets Jun  8 2016 00:22:57
02:08:11.388 > 
02:08:11.388 > rst:0x10 (RTCWDT_RTC_RESET),boot:0x13 (SPI_FAST_FLASH_BOOT)
02:08:11.393 > flash read err, 1000
02:08:11.395 > ets_main.c 371 
