01:40:37.740 > ets Jun  8 2016 00:22:57
01:40:37.740 > 
01:40:37.740 > rst:0x10 (RTCWDT_RTC_RESET),boot:0x13 (SPI_FAST_FLASH_BOOT)
01:40:37.740 > flash read err, 1000
01:40:37.740 > ets_main.c 371 
01:40:37.989 > ets Jun  8 2016 00:22:57
01:40:37.992 > 
01:40:37.992 > rst:0x10 (RTCWDT_RTC_RESET),boot:0x13 (SPI_FAST_FLASH_BOOT)
01:40:37.997 > flash read err, 1000
01:40:37.999 > ets_main.c 371 
01:40:38.342 > ets Jun  8 2016 00:22:57
01:40:38.345 > 
01:40:38.345 > rst:0x10 (RTCWDT_RTC_RESET),boot:0x13 (SPI_FAST_FLASH_BOOT)
01:40:38.351 > flash read err, 1000
01:40:38.352 > ets_main.c 371 
01:40:38.695 > ets Jun  8 2016 00:22:57
01:40:38.698 > 
01:40:38.699 > rst:0x10 (RTCWDT_RTC_RESET),boot:0x13 (SPI_FAST_FLASH_BOOT)
01:40:38.704 > flash read err, 1000
01:40:38.706 > ets_main.c 371 
01:40:39.049 > ets Jun  8 2016 00:22:57
01:40:39.052 > 
01:40:39.052 > rst:0x10 (RTCWDT_RTC_RESET),boot:0x13 (SPI_FAST_FLASH_BOOT)
01:40:39.057 > flash read err, 1000
01:40:39.059 > ets_main.c 371 
01:40:39.402 > ets Jun  8 2016 00:22:57
01:40:39.405 > 
01:40:39.405 > rst:0x10 (RTCWDT_RTC_RESET),boot:0x13 (SPI_FAST_FLASH_BOOT)
01:40:39.410 > flash read err, 1000
01:40:39.412 > ets_main.c 371 
01:40:39.755 > ets Jun  8 2016 00:22:57
01:40:39.758 > 
01:40:39.758 > rst:0x10 (RTCWDT_RTC_RESET),boot:0x13 (SPI_FAST_FLASH_BOOT)
01:40:39.764 > flash read err, 1000
01:40:39.765 > ets_main.c 371 
01:40:40.108 > ets Jun  8 2016 00:22:57
01:40:40.111 > 
01:40:40.112 > rst:0x10 (RTCWDT_RTC_RESET),boot:0x13 (SPI_FAST_FLASH_BOOT)
01:40:40.117 > flash read err, 1000
01:40:40.119 > ets_main.c 371 
01:40:40.462 > ets Jun  8 2016 00:22:57
01:40:40.465 > 
01:40:40.465 > rst:0x10 (RTCWDT_RTC_RESET),boot:0x13 (SPI_FAST_FLASH_BOOT)
01:40:40.470 > flash read err, 1000
01:40:40.472 > ets_main.c 371 
01:40:40.815 > ets Jun  8 2016 00:22:57
01:40:40.818 > 
01:40:40.818 > rst:0x10 (RTCWDT_RTC_RESET),boot:0x13 (SPI_FAST_FLASH_BOOT)
01:40:40.823 > flash read err, 1000
01:40:40.825 > ets_main.c 371 
01:40:41.168 > ets Jun  8 2016 00:22:57
01:40:41.171 > 
01:40:41.171 > rst:0x10 (RTCWDT_RTC_RESET),boot:0x13 (SPI_FAST_FLASH_BOOT)
01:40:41.177 > flash read err, 1000
01:40:41.179 > ets_main.c 371 
01:40:41.521 > ets Jun  8 2016 00:22:57
01:40:41.524 > 
01:40:41.525 > rst:0x10 (RTCWDT_RTC_RESET),boot:0x13 (SPI_FAST_FLASH_BOOT)
01:40:41.530 > flash read err, 1000
01:40:41.532 > ets_main.c 371 
01:40:41.875 > ets Jun  8 2016 00:22:57
01:40:41.878 > 
01:40:41.878 > rst:0x10 (RTCWDT_RTC_RESET),boot:0x13 (SPI_FAST_FLASH_BOOT)
01:40:41.883 > flash read err, 1000
01:40:41.885 > ets_main.c 371 
01:40:42.228 > ets Jun  8 2016 00:22:57
01:40:42.231 > 
01:40:42.231 > rst:0x10 (RTCWDT_RTC_RESET),boot:0x3 (DOWNLOAD_BOOT(UART0/UART1/SDIO_REI_REO_V2))
01:40:42.238 > waiting for download
01:40:46.904 > ets Jun  8 2016 00:22:57
01:40:46.906 > 
01:40:46.906 > rst:0x1 (POWERON_RESET),boot:0x3 (DOWNLOAD_BOOT(UART0/UART1/SDIO_REI_REO_V2))
01:40:46.913 > waiting for download
