02:57:22.363 > range: 201	status: range valid	peak signal: 7.09	ambient: 1.27
02:57:22.363 > range: 202	status: range valid	peak signal: 7.13	ambient: 1.27
02:57:22.522 > range: 201	status: range valid	peak signal: 8.25	ambient: 1.34
02:57:22.772 > range: 198	status: range valid	peak signal: 8.19	ambient: 1.35
02:57:23.022 > range: 198	status: range valid	peak signal: 8.18	ambient: 1.34
02:57:23.272 > range: 199	status: range valid	peak signal: 7.84	ambient: 1.38
02:57:23.522 > range: 199	status: range valid	peak signal: 8.08	ambient: 1.37
02:57:23.772 > range: 198	status: range valid	peak signal: 8.10	ambient: 1.36
02:57:24.021 > range: 202	status: range valid	peak signal: 8.11	ambient: 1.34
02:57:24.272 > range: 200	status: range valid	peak signal: 8.06	ambient: 1.36
02:57:24.522 > range: 199	status: range valid	peak signal: 8.10	ambient: 1.35
02:57:24.772 > range: 198	status: range valid	peak signal: 8.31	ambient: 1.32
02:57:25.021 > range: 202	status: range valid	peak signal: 8.13	ambient: 1.35
02:57:25.271 > range: 199	status: range valid	peak signal: 8.16	ambient: 1.35
02:57:25.521 > range: 198	status: range valid	peak signal: 8.09	ambient: 1.37
02:57:25.771 > range: 200	status: range valid	peak signal: 7.90	ambient: 1.37
02:57:26.021 > range: 199	status: range valid	peak signal: 7.97	ambient: 1.37
02:57:26.271 > range: 198	status: range valid	peak signal: 7.91	ambient: 1.37
02:57:26.521 > range: 200	status: range valid	peak signal: 7.92	ambient: 1.38
02:57:26.771 > range: 201	status: range valid	peak signal: 8.13	ambient: 1.34
02:57:27.021 > range: 201	status: range valid	peak signal: 8.02	ambient: 1.35
02:57:27.271 > range: 199	status: range valid	peak signal: 7.79	ambient: 1.37
02:57:27.521 > range: 201	status: range valid	peak signal: 7.96	ambient: 1.35
02:57:27.771 > range: 202	status: range valid	peak signal: 7.88	ambient: 1.37
02:57:28.021 > range: 200	status: range valid	peak signal: 7.80	ambient: 1.38
02:57:28.271 > range: 202	status: range valid	peak signal: 8.05	ambient: 1.35
02:57:28.521 > range: 200	status: range valid	peak signal: 8.00	ambient: 1.35
02:57:28.771 > range: 201	status: range valid	peak signal: 8.06	ambient: 1.34
02:57:29.021 > range: 200	status: range valid	peak signal: 8.02	ambient: 1.35
02:57:29.271 > range: 199	status: range valid	peak signal: 7.68	ambient: 1.40
02:57:29.521 > range: 201	status: range valid	peak signal: 7.77	ambient: 1.37
02:57:29.771 > range: 200	status: range valid	peak signal: 7.62	ambient: 1.39
02:57:30.021 > range: 201	status: range valid	peak signal: 7.77	ambient: 1.38
02:57:30.271 > range: 202	status: range valid	peak signal: 7.83	ambient: 1.37
02:57:30.521 > range: 201	status: range valid	peak signal: 7.98	ambient: 1.36
02:57:30.771 > range: 201	status: range valid	peak signal: 7.74	ambient: 1.38
02:57:31.021 > range: 199	status: range valid	peak signal: 7.92	ambient: 1.34
02:57:31.271 > range: 201	status: range valid	peak signal: 7.84	ambient: 1.37
02:57:31.521 > range: 201	status: range valid	peak signal: 7.72	ambient: 1.37
02:57:31.771 > range: 200	status: range valid	peak signal: 7.99	ambient: 1.35
02:57:32.020 > range: 200	status: range valid	peak signal: 7.93	ambient: 1.35
02:57:32.270 > range: 201	status: range valid	peak signal: 7.80	ambient: 1.36
02:57:32.521 > range: 201	status: range valid	peak signal: 7.88	ambient: 1.36
02:57:32.770 > range: 203	status: range valid	peak signal: 7.70	ambient: 1.38
02:57:33.020 > range: 203	status: range valid	peak signal: 8.04	ambient: 1.35
02:57:33.270 > range: 200	status: range valid	peak signal: 7.84	ambient: 1.37
02:57:33.520 > range: 200	status: range valid	peak signal: 7.76	ambient: 1.37
02:57:33.770 > range: 201	status: range valid	peak signal: 7.91	ambient: 1.37
02:57:34.020 > range: 202	status: range valid	peak signal: 7.70	ambient: 1.37
02:57:34.270 > range: 200	status: range valid	peak signal: 7.91	ambient: 1.36
02:57:34.520 > range: 201	status: range valid	peak signal: 7.72	ambient: 1.37
02:57:34.770 > range: 204	status: range valid	peak signal: 7.84	ambient: 1.36
02:57:35.020 > range: 201	status: range valid	peak signal: 7.73	ambient: 1.37
02:57:35.270 > range: 202	status: range valid	peak signal: 7.91	ambient: 1.36
02:57:35.520 > range: 202	status: range valid	peak signal: 7.99	ambient: 1.34
02:57:35.770 > range: 202	status: range valid	peak signal: 7.84	ambient: 1.37
02:57:36.020 > range: 200	status: range valid	peak signal: 7.88	ambient: 1.35
02:57:36.270 > range: 200	status: range valid	peak signal: 8.04	ambient: 1.34
02:57:36.520 > range: 202	status: range valid	peak signal: 7.82	ambient: 1.37
02:57:36.770 > range: 201	status: range valid	peak signal: 7.91	ambient: 1.36
02:57:37.020 > range: 202	status: range valid	peak signal: 7.87	ambient: 1.36
02:57:37.270 > range: 201	status: range valid	peak signal: 7.82	ambient: 1.36
02:57:37.520 > range: 201	status: range valid	peak signal: 7.93	ambient: 1.35
02:57:37.770 > range: 202	status: range valid	peak signal: 7.87	ambient: 1.36
02:57:38.020 > range: 201	status: range valid	peak signal: 7.88	ambient: 1.36
02:57:38.270 > range: 203	status: range valid	peak signal: 7.76	ambient: 1.37
02:57:38.520 > range: 199	status: range valid	peak signal: 8.13	ambient: 1.33
02:57:38.770 > range: 202	status: range valid	peak signal: 7.80	ambient: 1.37
02:57:39.020 > range: 201	status: range valid	peak signal: 7.97	ambient: 1.34
02:57:39.270 > range: 202	status: range valid	peak signal: 7.71	ambient: 1.37
02:57:39.520 > range: 202	status: range valid	peak signal: 7.87	ambient: 1.36
02:57:39.770 > range: 201	status: range valid	peak signal: 7.90	ambient: 1.35
02:57:40.020 > range: 202	status: range valid	peak signal: 7.97	ambient: 1.34
02:57:40.270 > range: 199	status: range valid	peak signal: 7.79	ambient: 1.37
02:57:40.520 > range: 202	status: range valid	peak signal: 7.85	ambient: 1.36
02:57:40.769 > range: 201	status: range valid	peak signal: 7.71	ambient: 1.37
02:57:41.020 > range: 201	status: range valid	peak signal: 7.74	ambient: 1.37
02:57:41.270 > range: 202	status: range valid	peak signal: 8.02	ambient: 1.35
02:57:41.519 > range: 203	status: range valid	peak signal: 7.88	ambient: 1.34
02:57:41.769 > range: 200	status: range valid	peak signal: 7.94	ambient: 1.34
02:57:42.019 > range: 202	status: range valid	peak signal: 7.70	ambient: 1.37
02:57:42.269 > range: 202	status: range valid	peak signal: 7.94	ambient: 1.35
02:57:42.519 > range: 200	status: range valid	peak signal: 7.87	ambient: 1.37
02:57:42.769 > range: 202	status: range valid	peak signal: 7.65	ambient: 1.37
02:57:43.019 > range: 202	status: range valid	peak signal: 7.87	ambient: 1.35
02:57:43.269 > range: 201	status: range valid	peak signal: 7.75	ambient: 1.37
02:57:43.519 > range: 201	status: range valid	peak signal: 7.80	ambient: 1.36
02:57:43.769 > range: 203	status: range valid	peak signal: 7.83	ambient: 1.36
02:57:44.019 > range: 201	status: range valid	peak signal: 7.61	ambient: 1.39
02:57:44.269 > range: 203	status: range valid	peak signal: 7.68	ambient: 1.38
02:57:44.519 > range: 202	status: range valid	peak signal: 7.69	ambient: 1.38
02:57:44.769 > range: 202	status: range valid	peak signal: 7.84	ambient: 1.28
02:57:45.019 > range: 0	status: wrap target fail	peak signal: 304.32	ambient: 1.08
02:57:45.269 > range: 0	status: range valid	peak signal: 302.61	ambient: 1.16
02:57:45.519 > range: 0	status: range valid	peak signal: 202.32	ambient: 0.05
02:57:45.769 > range: 0	status: range valid	peak signal: 212.20	ambient: 0.05
02:57:46.019 > range: 27	status: range valid	peak signal: 39.85	ambient: 0.00
02:57:46.269 > range: 29	status: range valid	peak signal: 40.56	ambient: 0.00
02:57:46.519 > range: 35	status: range valid	peak signal: 30.94	ambient: 0.01
02:57:46.769 > range: 33	status: range valid	peak signal: 35.00	ambient: 0.00
02:57:47.019 > range: 35	status: range valid	peak signal: 31.49	ambient: 0.01
02:57:47.269 > range: 35	status: range valid	peak signal: 33.05	ambient: 0.00
02:57:47.519 > range: 33	status: range valid	peak signal: 33.98	ambient: 0.00
02:57:47.769 > range: 33	status: range valid	peak signal: 35.29	ambient: 0.01
02:57:48.019 > range: 29	status: range valid	peak signal: 40.89	ambient: 0.00
02:57:48.269 > range: 33	status: range valid	peak signal: 28.11	ambient: 0.01
02:57:48.518 > range: 118	status: signal fail	peak signal: 0.02	ambient: 0.01
02:57:48.768 > range: 635	status: signal fail	peak signal: 0.04	ambient: 0.01
02:57:49.019 > range: 436	status: signal fail	peak signal: 1.48	ambient: 1.87
02:57:49.317 > range: 1068	status: wrap target fail	peak signal: 3.16	ambient: 1.51
02:57:49.566 > range: 1281	status: wrap target fail	peak signal: 3.45	ambient: 1.94
02:57:49.816 > range: 1018	status: wrap target fail	peak signal: 3.20	ambient: 1.53
02:57:50.066 > range: 902	status: range valid	peak signal: 3.87	ambient: 1.35
02:57:50.316 > range: 812	status: range valid	peak signal: 6.06	ambient: 0.95
02:57:50.566 > range: 746	status: range valid	peak signal: 5.30	ambient: 1.11
02:57:50.816 > range: 606	status: wrap target fail	peak signal: 4.80	ambient: 1.14
02:57:51.066 > range: 408	status: wrap target fail	peak signal: 9.55	ambient: 0.99
02:57:51.316 > range: 312	status: range valid	peak signal: 22.79	ambient: 0.64
02:57:51.566 > range: 326	status: range valid	peak signal: 10.37	ambient: 0.62
02:57:51.816 > range: 371	status: range valid	peak signal: 4.35	ambient: 0.40
02:57:52.066 > range: 357	status: range valid	peak signal: 56.52	ambient: 0.96
02:57:52.316 > range: 332	status: range valid	peak signal: 106.55	ambient: 0.60
02:57:52.566 > range: 749	status: signal fail	peak signal: 0.23	ambient: 0.14
02:57:52.827 > range: 1700	status: range valid	peak signal: 2.04	ambient: 0.77
02:57:53.076 > range: 1696	status: signal fail	peak signal: 1.48	ambient: 0.76
02:57:53.326 > range: 1052	status: signal fail	peak signal: 0.95	ambient: 0.70
02:57:53.576 > range: 1790	status: range valid	peak signal: 5.67	ambient: 0.76
02:57:53.826 > range: 1804	status: range valid	peak signal: 5.73	ambient: 0.61
02:57:54.076 > range: 1767	status: range valid	peak signal: 5.91	ambient: 0.56
02:57:54.326 > range: 1676	status: range valid	peak signal: 6.89	ambient: 0.45
02:57:54.576 > range: 1593	status: range valid	peak signal: 7.85	ambient: 0.40
02:57:54.826 > range: 1486	status: range valid	peak signal: 9.58	ambient: 0.32
02:57:55.076 > range: 1470	status: range valid	peak signal: 9.63	ambient: 0.31
02:57:55.326 > range: 1467	status: range valid	peak signal: 9.32	ambient: 0.31
02:57:55.575 > range: 1470	status: range valid	peak signal: 8.98	ambient: 0.31
02:57:55.826 > range: 1469	status: range valid	peak signal: 9.06	ambient: 0.31
02:57:56.075 > range: 1469	status: range valid	peak signal: 9.34	ambient: 0.31
02:57:56.325 > range: 1468	status: range valid	peak signal: 9.41	ambient: 0.30
02:57:56.575 > range: 1465	status: range valid	peak signal: 9.36	ambient: 0.31
02:57:56.825 > range: 1465	status: range valid	peak signal: 9.34	ambient: 0.33
02:57:57.075 > range: 1467	status: range valid	peak signal: 9.30	ambient: 0.33
02:57:57.325 > range: 1467	status: range valid	peak signal: 9.28	ambient: 0.34
02:57:57.575 > range: 1467	status: range valid	peak signal: 9.27	ambient: 0.33
02:57:57.825 > range: 1466	status: range valid	peak signal: 9.41	ambient: 0.33
02:57:58.075 > range: 1465	status: range valid	peak signal: 9.34	ambient: 0.33
02:57:58.325 > range: 1463	status: range valid	peak signal: 9.28	ambient: 0.34
02:57:58.575 > range: 1462	status: range valid	peak signal: 9.27	ambient: 0.34
02:57:58.825 > range: 1464	status: range valid	peak signal: 9.33	ambient: 0.34
02:57:59.075 > range: 1463	status: range valid	peak signal: 9.47	ambient: 0.33
02:57:59.325 > range: 1463	status: range valid	peak signal: 9.34	ambient: 0.35
02:57:59.575 > range: 1463	status: range valid	peak signal: 9.27	ambient: 0.34
02:57:59.825 > range: 1463	status: range valid	peak signal: 9.23	ambient: 0.35
02:58:00.075 > range: 1464	status: range valid	peak signal: 9.30	ambient: 0.34
02:58:00.325 > range: 1460	status: range valid	peak signal: 9.30	ambient: 0.34
02:58:00.575 > range: 1457	status: range valid	peak signal: 9.32	ambient: 0.36
02:58:00.825 > range: 1458	status: range valid	peak signal: 9.24	ambient: 0.34
02:58:01.075 > range: 1454	status: range valid	peak signal: 9.36	ambient: 0.35
02:58:01.325 > range: 1452	status: range valid	peak signal: 9.48	ambient: 0.35
02:58:01.575 > range: 1450	status: range valid	peak signal: 9.56	ambient: 0.34
02:58:01.825 > range: 1441	status: range valid	peak signal: 9.92	ambient: 0.34
02:58:02.075 > range: 1431	status: range valid	peak signal: 9.87	ambient: 0.30
02:58:02.325 > range: 1409	status: range valid	peak signal: 10.52	ambient: 0.30
02:58:02.575 > range: 1370	status: range valid	peak signal: 10.95	ambient: 0.28
02:58:02.825 > range: 1328	status: range valid	peak signal: 11.41	ambient: 0.29
02:58:03.075 > range: 1284	status: range valid	peak signal: 11.97	ambient: 0.25
02:58:03.325 > range: 1245	status: range valid	peak signal: 12.42	ambient: 0.26
02:58:03.575 > range: 1223	status: range valid	peak signal: 13.26	ambient: 0.25
02:58:03.825 > range: 1214	status: range valid	peak signal: 13.66	ambient: 0.26
02:58:04.075 > range: 1210	status: range valid	peak signal: 13.53	ambient: 0.26
02:58:04.324 > range: 1210	status: range valid	peak signal: 13.48	ambient: 0.25
02:58:04.575 > range: 1210	status: range valid	peak signal: 13.20	ambient: 0.25
02:58:04.824 > range: 1211	status: range valid	peak signal: 13.15	ambient: 0.25
02:58:05.074 > range: 1212	status: range valid	peak signal: 13.05	ambient: 0.26
02:58:05.324 > range: 1210	status: range valid	peak signal: 13.06	ambient: 0.25
02:58:05.574 > range: 1211	status: range valid	peak signal: 12.63	ambient: 0.24
02:58:05.824 > range: 1212	status: range valid	peak signal: 12.41	ambient: 0.24
02:58:06.074 > range: 1213	status: range valid	peak signal: 12.29	ambient: 0.24
02:58:06.324 > range: 1212	status: range valid	peak signal: 12.09	ambient: 0.25
02:58:06.574 > range: 1212	status: range valid	peak signal: 12.23	ambient: 0.24
02:58:06.824 > range: 1212	status: range valid	peak signal: 12.21	ambient: 0.25
02:58:07.074 > range: 1212	status: range valid	peak signal: 12.35	ambient: 0.23
02:58:07.324 > range: 1216	status: range valid	peak signal: 12.55	ambient: 0.25
02:58:07.574 > range: 1295	status: range valid	peak signal: 11.79	ambient: 0.25
02:58:07.824 > range: 1335	status: range valid	peak signal: 11.15	ambient: 0.27
02:58:08.074 > range: 1374	status: range valid	peak signal: 10.61	ambient: 0.28
02:58:08.324 > range: 1404	status: range valid	peak signal: 8.56	ambient: 0.30
02:58:08.574 > range: 1444	status: range valid	peak signal: 5.41	ambient: 0.35
02:58:08.824 > range: 1438	status: range valid	peak signal: 2.34	ambient: 0.34
02:58:09.074 > range: 724	status: signal fail	peak signal: 1.35	ambient: 0.34
02:58:09.324 > range: 524	status: signal fail	peak signal: 1.41	ambient: 0.34
02:58:09.574 > range: 528	status: signal fail	peak signal: 1.15	ambient: 0.34
02:58:09.824 > range: 494	status: signal fail	peak signal: 1.41	ambient: 0.35
02:58:10.074 > range: 506	status: signal fail	peak signal: 1.36	ambient: 0.36
02:58:10.324 > range: 540	status: signal fail	peak signal: 1.34	ambient: 0.32
02:58:10.574 > range: 603	status: signal fail	peak signal: 1.17	ambient: 0.34
02:58:10.824 > range: 635	status: signal fail	peak signal: 1.27	ambient: 0.33
02:58:11.074 > range: 694	status: signal fail	peak signal: 1.30	ambient: 0.34
02:58:11.324 > range: 451	status: range valid	peak signal: 2.88	ambient: 0.36
02:58:11.574 > range: 297	status: wrap target fail	peak signal: 37.67	ambient: 0.85
02:58:11.824 > range: 98	status: range valid	peak signal: 13.66	ambient: 0.16
02:58:12.074 > range: 60	status: range valid	peak signal: 16.29	ambient: 0.17
02:58:12.323 > range: 29	status: range valid	peak signal: 39.18	ambient: 0.15
02:58:12.573 > range: 5	status: range valid	peak signal: 81.17	ambient: 0.16
02:58:12.823 > range: 18	status: range valid	peak signal: 33.38	ambient: 0.09
02:58:13.073 > range: 14	status: range valid	peak signal: 28.34	ambient: 0.05
02:58:13.323 > range: 14	status: range valid	peak signal: 30.34	ambient: 0.05
02:58:13.573 > range: 23	status: range valid	peak signal: 8.80	ambient: 0.04
02:58:13.823 > range: 24	status: range valid	peak signal: 10.87	ambient: 0.03
02:58:14.073 > range: 14	status: range valid	peak signal: 20.73	ambient: 0.05
02:58:14.323 > range: 13	status: range valid	peak signal: 19.43	ambient: 0.05
02:58:14.573 > range: 14	status: range valid	peak signal: 18.83	ambient: 0.04
02:58:14.823 > range: 13	status: range valid	peak signal: 19.06	ambient: 0.05
02:58:15.073 > range: 15	status: range valid	peak signal: 19.68	ambient: 0.05
02:58:15.323 > range: 13	status: range valid	peak signal: 19.21	ambient: 0.05
02:58:15.573 > range: 13	status: range valid	peak signal: 19.49	ambient: 0.05
02:58:15.823 > range: 12	status: range valid	peak signal: 19.77	ambient: 0.05
02:58:16.073 > range: 12	status: range valid	peak signal: 19.73	ambient: 0.06
02:58:16.323 > range: 14	status: range valid	peak signal: 19.82	ambient: 0.05
02:58:16.573 > range: 13	status: range valid	peak signal: 19.66	ambient: 0.05
02:58:16.823 > range: 13	status: range valid	peak signal: 19.98	ambient: 0.05
02:58:17.073 > range: 14	status: range valid	peak signal: 19.65	ambient: 0.05
02:58:17.323 > range: 13	status: range valid	peak signal: 19.23	ambient: 0.05
02:58:17.573 > range: 13	status: range valid	peak signal: 20.10	ambient: 0.05
02:58:17.823 > range: 14	status: range valid	peak signal: 19.27	ambient: 0.05
02:58:18.073 > range: 13	status: range valid	peak signal: 19.23	ambient: 0.05
02:58:18.323 > range: 13	status: range valid	peak signal: 19.37	ambient: 0.05
02:58:18.573 > range: 14	status: range valid	peak signal: 19.77	ambient: 0.05
02:58:18.823 > range: 14	status: range valid	peak signal: 19.73	ambient: 0.05
02:58:19.073 > range: 14	status: range valid	peak signal: 19.48	ambient: 0.05
02:58:19.323 > range: 13	status: range valid	peak signal: 19.84	ambient: 0.05
02:58:19.573 > range: 14	status: range valid	peak signal: 19.88	ambient: 0.05
02:58:19.823 > range: 14	status: range valid	peak signal: 20.09	ambient: 0.05
02:58:20.072 > range: 13	status: range valid	peak signal: 20.06	ambient: 0.05
02:58:20.322 > range: 13	status: range valid	peak signal: 19.34	ambient: 0.04
02:58:20.573 > range: 13	status: range valid	peak signal: 20.27	ambient: 0.04
02:58:20.822 > range: 14	status: range valid	peak signal: 19.68	ambient: 0.04
02:58:21.072 > range: 14	status: range valid	peak signal: 19.55	ambient: 0.03
02:58:21.322 > range: 14	status: range valid	peak signal: 19.63	ambient: 0.04
02:58:21.572 > range: 14	status: range valid	peak signal: 19.65	ambient: 0.03
02:58:21.822 > range: 14	status: range valid	peak signal: 19.68	ambient: 0.04
02:58:22.072 > range: 13	status: range valid	peak signal: 19.84	ambient: 0.03
02:58:22.322 > range: 13	status: range valid	peak signal: 19.83	ambient: 0.04
02:58:22.572 > range: 13	status: range valid	peak signal: 19.81	ambient: 0.03
02:58:22.822 > range: 13	status: range valid	peak signal: 19.78	ambient: 0.03
02:58:23.072 > range: 12	status: range valid	peak signal: 19.63	ambient: 0.03
02:58:23.322 > range: 13	status: range valid	peak signal: 19.82	ambient: 0.03
02:58:23.572 > range: 12	status: range valid	peak signal: 19.85	ambient: 0.04
02:58:23.822 > range: 13	status: range valid	peak signal: 20.08	ambient: 0.04
02:58:24.072 > range: 13	status: range valid	peak signal: 20.09	ambient: 0.04
02:58:24.322 > range: 15	status: range valid	peak signal: 19.49	ambient: 0.05
02:58:24.572 > range: 14	status: range valid	peak signal: 19.58	ambient: 0.05
02:58:24.822 > range: 13	status: range valid	peak signal: 20.34	ambient: 0.03
02:58:25.072 > range: 14	status: range valid	peak signal: 19.58	ambient: 0.05
02:58:25.322 > range: 14	status: range valid	peak signal: 19.65	ambient: 0.05
02:58:25.572 > range: 14	status: range valid	peak signal: 19.58	ambient: 0.05
02:58:25.822 > range: 14	status: range valid	peak signal: 19.61	ambient: 0.05
02:58:26.072 > range: 14	status: range valid	peak signal: 19.66	ambient: 0.05
02:58:26.322 > range: 14	status: range valid	peak signal: 19.70	ambient: 0.05
02:58:26.572 > range: 14	status: range valid	peak signal: 19.63	ambient: 0.05
02:58:26.822 > range: 13	status: range valid	peak signal: 19.66	ambient: 0.05
02:58:27.072 > range: 14	status: range valid	peak signal: 19.55	ambient: 0.05
02:58:27.322 > range: 14	status: range valid	peak signal: 19.65	ambient: 0.05
02:58:27.572 > range: 13	status: range valid	peak signal: 20.30	ambient: 0.04
02:58:27.821 > range: 13	status: range valid	peak signal: 19.52	ambient: 0.05
02:58:28.072 > range: 13	status: range valid	peak signal: 19.62	ambient: 0.05
02:58:28.322 > range: 13	status: range valid	peak signal: 20.23	ambient: 0.04
02:58:28.571 > range: 14	status: range valid	peak signal: 19.62	ambient: 0.05
02:58:28.821 > range: 13	status: range valid	peak signal: 19.53	ambient: 0.05
02:58:29.071 > range: 14	status: range valid	peak signal: 19.59	ambient: 0.05
02:58:29.321 > range: 14	status: range valid	peak signal: 20.20	ambient: 0.04
02:58:29.571 > range: 14	status: range valid	peak signal: 19.48	ambient: 0.05
02:58:29.821 > range: 13	status: range valid	peak signal: 20.12	ambient: 0.04
02:58:30.071 > range: 13	status: range valid	peak signal: 19.46	ambient: 0.05
02:58:30.321 > range: 14	status: range valid	peak signal: 20.18	ambient: 0.03
02:58:30.571 > range: 13	status: range valid	peak signal: 20.17	ambient: 0.04
02:58:30.821 > range: 14	status: range valid	peak signal: 19.55	ambient: 0.05
02:58:31.071 > range: 13	status: range valid	peak signal: 19.53	ambient: 0.05
02:58:31.321 > range: 13	status: range valid	peak signal: 19.65	ambient: 0.05
02:58:31.571 > range: 13	status: range valid	peak signal: 19.80	ambient: 0.03
02:58:31.821 > range: 14	status: range valid	peak signal: 18.59	ambient: 0.05
02:58:32.071 > range: 29	status: range valid	peak signal: 4.79	ambient: 0.03
02:58:32.321 > range: 125	status: wrap target fail	peak signal: 5.03	ambient: 0.08
02:58:32.571 > range: 199	status: range valid	peak signal: 32.20	ambient: 0.42
02:58:32.821 > range: 742	status: signal fail	peak signal: 0.55	ambient: 0.09
02:58:33.071 > range: 672	status: range valid	peak signal: 4.17	ambient: 0.24
02:58:33.321 > range: 670	status: range valid	peak signal: 8.71	ambient: 0.30
02:58:33.571 > range: 675	status: range valid	peak signal: 10.02	ambient: 0.31
02:58:33.821 > range: 670	status: range valid	peak signal: 6.96	ambient: 0.27
02:58:34.071 > range: 209	status: wrap target fail	peak signal: 22.52	ambient: 0.55
02:58:34.321 > range: 190	status: range valid	peak signal: 52.30	ambient: 0.57
02:58:34.571 > range: 82	status: wrap target fail	peak signal: 22.42	ambient: 0.20
02:58:34.821 > range: 23	status: range valid	peak signal: 23.43	ambient: 0.11
02:58:35.071 > range: 5	status: range valid	peak signal: 67.76	ambient: 0.17
02:58:35.321 > range: 17	status: range valid	peak signal: 26.70	ambient: 0.09
02:58:35.571 > range: 14	status: range valid	peak signal: 16.56	ambient: 0.05
02:58:35.821 > range: 90	status: range valid	peak signal: 14.60	ambient: 0.05
02:58:36.071 > range: 364	status: signal fail	peak signal: 0.58	ambient: 0.08
02:58:36.341 > range: 335	status: wrap target fail	peak signal: 9.65	ambient: 0.75
02:58:36.590 > range: 320	status: wrap target fail	peak signal: 13.49	ambient: 0.72
02:58:36.840 > range: 98	status: wrap target fail	peak signal: 128.00	ambient: 0.32
02:58:37.090 > range: 89	status: range valid	peak signal: 8.94	ambient: 0.05
02:58:37.340 > range: 60	status: range valid	peak signal: 8.12	ambient: 0.09
02:58:37.590 > range: 34	status: range valid	peak signal: 9.98	ambient: 0.09
02:58:37.840 > range: 25	status: range valid	peak signal: 28.30	ambient: 0.16
02:58:38.090 > range: 23	status: range valid	peak signal: 26.12	ambient: 0.11
02:58:38.340 > range: 24	status: range valid	peak signal: 20.30	ambient: 0.12
02:58:38.590 > range: 24	status: range valid	peak signal: 21.37	ambient: 0.12
02:58:38.840 > range: 23	status: range valid	peak signal: 21.24	ambient: 0.11
02:58:39.090 > range: 23	status: range valid	peak signal: 18.23	ambient: 0.11
02:58:39.340 > range: 24	status: range valid	peak signal: 18.75	ambient: 0.10
02:58:39.590 > range: 23	status: range valid	peak signal: 19.16	ambient: 0.10
02:58:39.840 > range: 23	status: range valid	peak signal: 19.28	ambient: 0.11
02:58:40.090 > range: 22	status: range valid	peak signal: 19.91	ambient: 0.09
02:58:40.340 > range: 21	status: range valid	peak signal: 20.27	ambient: 0.11
02:58:40.590 > range: 22	status: range valid	peak signal: 19.83	ambient: 0.09
02:58:40.840 > range: 21	status: range valid	peak signal: 20.09	ambient: 0.10
02:58:41.090 > range: 21	status: range valid	peak signal: 19.74	ambient: 0.08
02:58:41.340 > range: 20	status: range valid	peak signal: 19.89	ambient: 0.09
02:58:41.590 > range: 21	status: range valid	peak signal: 20.12	ambient: 0.09
02:58:41.840 > range: 20	status: range valid	peak signal: 20.19	ambient: 0.09
02:58:42.090 > range: 21	status: range valid	peak signal: 19.42	ambient: 0.09
02:58:42.340 > range: 21	status: range valid	peak signal: 19.60	ambient: 0.09
02:58:42.590 > range: 20	status: range valid	peak signal: 20.20	ambient: 0.09
02:58:42.840 > range: 21	status: range valid	peak signal: 19.96	ambient: 0.09
02:58:43.090 > range: 20	status: range valid	peak signal: 20.37	ambient: 0.09
02:58:43.340 > range: 20	status: range valid	peak signal: 20.32	ambient: 0.08
02:58:43.590 > range: 21	status: range valid	peak signal: 18.30	ambient: 0.09
02:58:43.840 > range: 20	status: range valid	peak signal: 18.45	ambient: 0.09
02:58:44.090 > range: 20	status: range valid	peak signal: 18.48	ambient: 0.09
02:58:44.339 > range: 21	status: range valid	peak signal: 18.69	ambient: 0.09
02:58:44.589 > range: 21	status: range valid	peak signal: 18.64	ambient: 0.09
02:58:44.839 > range: 21	status: range valid	peak signal: 18.80	ambient: 0.09
02:58:45.089 > range: 21	status: range valid	peak signal: 18.86	ambient: 0.09
02:58:45.339 > range: 21	status: range valid	peak signal: 18.87	ambient: 0.09
02:58:45.589 > range: 21	status: range valid	peak signal: 18.87	ambient: 0.09
02:58:45.839 > range: 21	status: range valid	peak signal: 19.04	ambient: 0.09
02:58:46.089 > range: 20	status: range valid	peak signal: 19.12	ambient: 0.09
02:58:46.339 > range: 22	status: range valid	peak signal: 19.05	ambient: 0.09
02:58:46.589 > range: 21	status: range valid	peak signal: 19.05	ambient: 0.09
02:58:46.839 > range: 21	status: range valid	peak signal: 18.98	ambient: 0.10
02:58:47.089 > range: 20	status: range valid	peak signal: 19.08	ambient: 0.09
02:58:47.339 > range: 21	status: range valid	peak signal: 19.15	ambient: 0.09
02:58:47.589 > range: 22	status: range valid	peak signal: 19.11	ambient: 0.09
02:58:47.839 > range: 21	status: range valid	peak signal: 19.17	ambient: 0.09
02:58:48.089 > range: 20	status: range valid	peak signal: 19.21	ambient: 0.09
02:58:48.339 > range: 21	status: range valid	peak signal: 19.25	ambient: 0.09
02:58:48.589 > range: 21	status: range valid	peak signal: 19.24	ambient: 0.09
02:58:48.839 > range: 21	status: range valid	peak signal: 19.37	ambient: 0.09
02:58:49.089 > range: 21	status: range valid	peak signal: 19.20	ambient: 0.09
02:58:49.339 > range: 20	status: range valid	peak signal: 19.36	ambient: 0.09
02:58:49.589 > range: 20	status: range valid	peak signal: 19.67	ambient: 0.09
02:58:49.839 > range: 21	status: range valid	peak signal: 19.27	ambient: 0.09
02:58:50.089 > range: 163	status: wrap target fail	peak signal: 6.41	ambient: 0.18
02:58:50.339 > range: 781	status: signal fail	peak signal: 0.76	ambient: 0.08
02:58:50.589 > range: 1734	status: range valid	peak signal: 1.79	ambient: 0.16
02:58:50.839 > range: 1499	status: wrap target fail	peak signal: 3.79	ambient: 0.22
02:58:51.089 > range: 1491	status: range valid	peak signal: 5.93	ambient: 0.23
02:58:51.339 > range: 1495	status: range valid	peak signal: 6.11	ambient: 0.23
02:58:51.589 > range: 1505	status: range valid	peak signal: 6.44	ambient: 0.26
02:58:51.839 > range: 1509	status: range valid	peak signal: 6.74	ambient: 0.27
02:58:52.089 > range: 1517	status: range valid	peak signal: 7.35	ambient: 0.29
02:58:52.339 > range: 1520	status: range valid	peak signal: 7.70	ambient: 0.27
02:58:52.588 > range: 1526	status: range valid	peak signal: 7.31	ambient: 0.28
02:58:52.838 > range: 1568	status: range valid	peak signal: 5.41	ambient: 0.25
02:58:53.088 > range: 1664	status: range valid	peak signal: 4.23	ambient: 0.26
02:58:53.338 > range: 1650	status: range valid	peak signal: 4.55	ambient: 0.27
02:58:53.588 > range: 1658	status: range valid	peak signal: 4.34	ambient: 0.27
02:58:53.838 > range: 1627	status: range valid	peak signal: 5.02	ambient: 0.28
02:58:54.088 > range: 1601	status: range valid	peak signal: 5.51	ambient: 0.27
02:58:54.338 > range: 1591	status: range valid	peak signal: 5.90	ambient: 0.27
02:58:54.588 > range: 1568	status: range valid	peak signal: 6.86	ambient: 0.28
02:58:54.838 > range: 1544	status: range valid	peak signal: 6.04	ambient: 0.26
02:58:55.088 > range: 1788	status: wrap target fail	peak signal: 1.80	ambient: 0.16
02:58:55.338 > range: 1959	status: signal fail	peak signal: 1.30	ambient: 0.16
02:58:55.588 > range: 384	status: range valid	peak signal: 28.86	ambient: 0.27
02:58:55.838 > range: 394	status: range valid	peak signal: 17.08	ambient: 0.15
02:58:56.088 > range: 410	status: range valid	peak signal: 16.30	ambient: 0.11
02:58:56.338 > range: 391	status: range valid	peak signal: 17.54	ambient: 0.13
02:58:56.588 > range: 408	status: range valid	peak signal: 13.79	ambient: 0.12
02:58:56.838 > range: 411	status: range valid	peak signal: 13.30	ambient: 0.13
02:58:57.088 > range: 412	status: range valid	peak signal: 15.20	ambient: 0.17
02:58:57.338 > range: 424	status: range valid	peak signal: 10.27	ambient: 0.16
02:58:57.588 > range: 428	status: range valid	peak signal: 9.41	ambient: 0.17
02:58:57.838 > range: 446	status: range valid	peak signal: 6.44	ambient: 0.17
02:58:58.088 > range: 447	status: range valid	peak signal: 5.97	ambient: 0.17
02:58:58.338 > range: 189	status: wrap target fail	peak signal: 2.36	ambient: 0.16
02:58:58.588 > range: 3414	status: out of bounds fail	peak signal: 1.44	ambient: 0.16
02:58:58.838 > range: 3437	status: out of bounds fail	peak signal: 1.30	ambient: 0.16
02:58:59.088 > range: 3442	status: out of bounds fail	peak signal: 1.30	ambient: 0.16
02:58:59.338 > range: 3480	status: out of bounds fail	peak signal: 1.20	ambient: 0.16
02:58:59.588 > range: 3486	status: out of bounds fail	peak signal: 1.26	ambient: 0.15
02:58:59.838 > range: 3488	status: out of bounds fail	peak signal: 1.20	ambient: 0.16
02:59:00.087 > range: 3497	status: out of bounds fail	peak signal: 1.26	ambient: 0.15
02:59:00.338 > range: 3494	status: out of bounds fail	peak signal: 1.20	ambient: 0.16
02:59:00.588 > range: 3491	status: out of bounds fail	peak signal: 1.22	ambient: 0.16
02:59:00.837 > range: 3482	status: out of bounds fail	peak signal: 1.25	ambient: 0.15
02:59:01.087 > range: 3484	status: out of bounds fail	peak signal: 1.25	ambient: 0.16
02:59:01.337 > range: 3484	status: out of bounds fail	peak signal: 1.27	ambient: 0.15
02:59:01.587 > range: 3487	status: out of bounds fail	peak signal: 1.23	ambient: 0.16
02:59:01.837 > range: 3477	status: out of bounds fail	peak signal: 1.32	ambient: 0.15
02:59:02.087 > range: 3490	status: out of bounds fail	peak signal: 1.27	ambient: 0.16
02:59:02.337 > range: 3482	status: out of bounds fail	peak signal: 1.30	ambient: 0.15
02:59:02.587 > range: 3477	status: out of bounds fail	peak signal: 1.24	ambient: 0.15
02:59:02.837 > range: 3479	status: out of bounds fail	peak signal: 1.25	ambient: 0.15
02:59:03.087 > range: 3485	status: out of bounds fail	peak signal: 1.29	ambient: 0.15
02:59:03.337 > range: 3486	status: out of bounds fail	peak signal: 1.29	ambient: 0.15
02:59:03.587 > range: 3479	status: out of bounds fail	peak signal: 1.23	ambient: 0.16
02:59:03.837 > range: 3485	status: out of bounds fail	peak signal: 1.25	ambient: 0.15
02:59:04.087 > range: 3433	status: out of bounds fail	peak signal: 1.48	ambient: 0.15
02:59:04.337 > range: 370	status: range valid	peak signal: 7.20	ambient: 0.20
02:59:04.587 > range: 1905	status: wrap target fail	peak signal: 3.20	ambient: 0.27
02:59:04.837 > range: 1612	status: range valid	peak signal: 5.95	ambient: 0.36
02:59:05.087 > range: 1620	status: range valid	peak signal: 6.58	ambient: 0.41
02:59:05.337 > range: 1605	status: range valid	peak signal: 7.73	ambient: 0.44
02:59:05.587 > range: 1608	status: range valid	peak signal: 7.79	ambient: 0.45
02:59:05.837 > range: 1608	status: range valid	peak signal: 7.66	ambient: 0.45
02:59:06.087 > range: 1608	status: range valid	peak signal: 7.73	ambient: 0.45
02:59:06.337 > range: 1607	status: range valid	peak signal: 7.77	ambient: 0.45
02:59:06.587 > range: 1603	status: range valid	peak signal: 7.80	ambient: 0.45
02:59:06.837 > range: 1603	status: range valid	peak signal: 7.71	ambient: 0.46
02:59:07.087 > range: 1601	status: range valid	peak signal: 7.71	ambient: 0.45
02:59:07.337 > range: 1597	status: range valid	peak signal: 7.84	ambient: 0.45
02:59:07.587 > range: 1595	status: range valid	peak signal: 7.80	ambient: 0.45
02:59:07.837 > range: 1593	status: range valid	peak signal: 7.96	ambient: 0.42
02:59:08.087 > range: 1592	status: range valid	peak signal: 8.01	ambient: 0.43
02:59:08.336 > range: 1590	status: range valid	peak signal: 8.00	ambient: 0.42
02:59:08.587 > range: 1588	status: range valid	peak signal: 7.95	ambient: 0.43
02:59:08.837 > range: 1588	status: range valid	peak signal: 8.03	ambient: 0.42
02:59:09.086 > range: 1585	status: range valid	peak signal: 8.14	ambient: 0.41
02:59:09.336 > range: 1584	status: range valid	peak signal: 8.07	ambient: 0.41
02:59:09.586 > range: 1585	status: range valid	peak signal: 8.08	ambient: 0.42
02:59:09.836 > range: 1584	status: range valid	peak signal: 8.02	ambient: 0.41
02:59:10.086 > range: 1582	status: range valid	peak signal: 8.02	ambient: 0.42
02:59:10.336 > range: 1582	status: range valid	peak signal: 8.23	ambient: 0.40
02:59:10.586 > range: 1583	status: range valid	peak signal: 8.12	ambient: 0.40
02:59:10.836 > range: 1581	status: range valid	peak signal: 8.06	ambient: 0.42
02:59:11.086 > range: 1580	status: range valid	peak signal: 8.13	ambient: 0.41
02:59:11.336 > range: 1580	status: range valid	peak signal: 8.16	ambient: 0.41
02:59:11.586 > range: 1580	status: range valid	peak signal: 8.12	ambient: 0.41
02:59:11.836 > range: 1581	status: range valid	peak signal: 8.09	ambient: 0.41
02:59:12.086 > range: 1579	status: range valid	peak signal: 8.00	ambient: 0.41
02:59:12.336 > range: 1578	status: range valid	peak signal: 8.10	ambient: 0.41
02:59:12.586 > range: 1577	status: range valid	peak signal: 8.04	ambient: 0.41
02:59:12.836 > range: 1577	status: range valid	peak signal: 8.03	ambient: 0.41
02:59:13.086 > range: 1577	status: range valid	peak signal: 8.14	ambient: 0.40
02:59:13.336 > range: 1577	status: range valid	peak signal: 7.98	ambient: 0.40
02:59:13.586 > range: 1690	status: wrap target fail	peak signal: 3.52	ambient: 0.25
02:59:13.836 > range: 2350	status: signal fail	peak signal: 1.33	ambient: 0.17
02:59:14.086 > range: 383	status: range valid	peak signal: 29.12	ambient: 0.27
02:59:14.336 > range: 382	status: range valid	peak signal: 25.40	ambient: 0.26
02:59:14.586 > range: 390	status: range valid	peak signal: 9.84	ambient: 0.13
02:59:14.836 > range: 402	status: range valid	peak signal: 6.91	ambient: 0.13
02:59:15.086 > range: 409	status: range valid	peak signal: 8.38	ambient: 0.18
02:59:15.336 > range: 430	status: range valid	peak signal: 5.38	ambient: 0.17
02:59:15.586 > range: 430	status: range valid	peak signal: 4.19	ambient: 0.16
02:59:15.836 > range: 423	status: range valid	peak signal: 3.87	ambient: 0.16
02:59:16.085 > range: 420	status: range valid	peak signal: 3.68	ambient: 0.16
02:59:16.336 > range: 386	status: range valid	peak signal: 3.17	ambient: 0.16
02:59:16.585 > range: 424	status: range valid	peak signal: 3.98	ambient: 0.16
02:59:16.835 > range: 429	status: range valid	peak signal: 4.19	ambient: 0.16
02:59:17.086 > range: 422	status: range valid	peak signal: 4.23	ambient: 0.16
02:59:17.335 > range: 406	status: range valid	peak signal: 4.95	ambient: 0.17
02:59:17.585 > range: 394	status: range valid	peak signal: 4.87	ambient: 0.17
02:59:17.836 > range: 378	status: range valid	peak signal: 4.65	ambient: 0.17
02:59:18.085 > range: 377	status: range valid	peak signal: 4.74	ambient: 0.18
02:59:18.335 > range: 380	status: range valid	peak signal: 4.73	ambient: 0.18
02:59:18.585 > range: 382	status: range valid	peak signal: 4.66	ambient: 0.17
02:59:18.835 > range: 373	status: range valid	peak signal: 4.36	ambient: 0.17
02:59:19.085 > range: 368	status: range valid	peak signal: 4.40	ambient: 0.17
02:59:19.335 > range: 371	status: range valid	peak signal: 4.42	ambient: 0.17
02:59:19.585 > range: 370	status: range valid	peak signal: 4.35	ambient: 0.16
02:59:19.835 > range: 362	status: range valid	peak signal: 4.28	ambient: 0.17
02:59:20.085 > range: 365	status: range valid	peak signal: 4.43	ambient: 0.17
02:59:20.335 > range: 364	status: range valid	peak signal: 4.36	ambient: 0.17
02:59:20.585 > range: 371	status: range valid	peak signal: 4.53	ambient: 0.18
02:59:20.835 > range: 365	status: range valid	peak signal: 4.41	ambient: 0.17
02:59:21.085 > range: 361	status: range valid	peak signal: 4.44	ambient: 0.17
02:59:21.335 > range: 364	status: range valid	peak signal: 4.48	ambient: 0.17
02:59:21.585 > range: 361	status: range valid	peak signal: 4.33	ambient: 0.17
02:59:21.835 > range: 363	status: range valid	peak signal: 4.34	ambient: 0.17
02:59:22.085 > range: 363	status: range valid	peak signal: 4.44	ambient: 0.16
02:59:22.335 > range: 363	status: range valid	peak signal: 4.32	ambient: 0.16
02:59:22.585 > range: 362	status: range valid	peak signal: 4.23	ambient: 0.16
02:59:22.835 > range: 364	status: range valid	peak signal: 4.42	ambient: 0.16
02:59:23.085 > range: 366	status: range valid	peak signal: 4.43	ambient: 0.16
02:59:23.335 > range: 368	status: range valid	peak signal: 4.33	ambient: 0.18
02:59:23.585 > range: 373	status: range valid	peak signal: 4.47	ambient: 0.18
02:59:23.835 > range: 370	status: range valid	peak signal: 4.42	ambient: 0.18
02:59:24.085 > range: 373	status: range valid	peak signal: 4.52	ambient: 0.17
02:59:24.335 > range: 372	status: range valid	peak signal: 4.35	ambient: 0.17
02:59:24.584 > range: 371	status: range valid	peak signal: 4.31	ambient: 0.16
02:59:24.834 > range: 374	status: range valid	peak signal: 4.43	ambient: 0.18
02:59:25.084 > range: 369	status: range valid	peak signal: 4.63	ambient: 0.17
02:59:25.334 > range: 359	status: range valid	peak signal: 4.31	ambient: 0.18
02:59:25.584 > range: 349	status: range valid	peak signal: 4.49	ambient: 0.18
02:59:25.834 > range: 349	status: range valid	peak signal: 4.51	ambient: 0.17
02:59:26.084 > range: 349	status: range valid	peak signal: 4.49	ambient: 0.17
02:59:26.334 > range: 348	status: range valid	peak signal: 4.52	ambient: 0.16
02:59:26.584 > range: 349	status: range valid	peak signal: 4.54	ambient: 0.17
02:59:26.834 > range: 348	status: range valid	peak signal: 4.62	ambient: 0.16
02:59:27.084 > range: 344	status: range valid	peak signal: 4.50	ambient: 0.18
02:59:27.334 > range: 345	status: range valid	peak signal: 4.54	ambient: 0.17
02:59:27.584 > range: 348	status: range valid	peak signal: 4.62	ambient: 0.18
02:59:27.834 > range: 345	status: range valid	peak signal: 4.00	ambient: 0.18
02:59:28.084 > range: 359	status: range valid	peak signal: 3.70	ambient: 0.17
02:59:28.334 > range: 35	status: out of bounds fail	peak signal: 2.48	ambient: 0.16
02:59:28.584 > range: 3542	status: out of bounds fail	peak signal: 2.64	ambient: 0.16
02:59:28.834 > range: 3435	status: out of bounds fail	peak signal: 2.54	ambient: 0.16
02:59:29.084 > range: 3533	status: out of bounds fail	peak signal: 2.56	ambient: 0.16
02:59:29.334 > range: 3499	status: out of bounds fail	peak signal: 2.37	ambient: 0.16
02:59:29.584 > range: 3523	status: out of bounds fail	peak signal: 2.45	ambient: 0.12
02:59:29.834 > range: 3557	status: out of bounds fail	peak signal: 2.52	ambient: 0.11
02:59:30.084 > range: 351	status: range valid	peak signal: 4.05	ambient: 0.12
02:59:30.334 > range: 356	status: range valid	peak signal: 4.13	ambient: 0.12
02:59:30.584 > range: 420	status: range valid	peak signal: 6.99	ambient: 0.13
02:59:30.834 > range: 438	status: range valid	peak signal: 7.49	ambient: 0.13
02:59:31.084 > range: 446	status: range valid	peak signal: 7.50	ambient: 0.12
02:59:31.334 > range: 456	status: range valid	peak signal: 9.45	ambient: 0.13
02:59:31.584 > range: 454	status: range valid	peak signal: 9.66	ambient: 0.13
02:59:31.834 > range: 451	status: range valid	peak signal: 10.06	ambient: 0.13
02:59:32.084 > range: 450	status: range valid	peak signal: 10.16	ambient: 0.13
02:59:32.334 > range: 448	status: range valid	peak signal: 11.17	ambient: 0.13
02:59:32.583 > range: 444	status: range valid	peak signal: 14.02	ambient: 0.13
02:59:32.833 > range: 442	status: range valid	peak signal: 14.30	ambient: 0.13
02:59:33.083 > range: 439	status: range valid	peak signal: 16.14	ambient: 0.13
02:59:33.333 > range: 437	status: range valid	peak signal: 16.84	ambient: 0.13
02:59:33.583 > range: 436	status: range valid	peak signal: 17.26	ambient: 0.13
02:59:33.833 > range: 439	status: range valid	peak signal: 17.08	ambient: 0.13
02:59:34.083 > range: 440	status: range valid	peak signal: 16.32	ambient: 0.13
02:59:34.333 > range: 439	status: range valid	peak signal: 16.03	ambient: 0.13
02:59:34.583 > range: 440	status: range valid	peak signal: 15.20	ambient: 0.13
02:59:34.833 > range: 442	status: range valid	peak signal: 13.98	ambient: 0.13
02:59:35.083 > range: 442	status: range valid	peak signal: 14.28	ambient: 0.13
02:59:35.333 > range: 440	status: range valid	peak signal: 15.01	ambient: 0.13
02:59:35.583 > range: 443	status: range valid	peak signal: 14.85	ambient: 0.13
02:59:35.833 > range: 442	status: range valid	peak signal: 15.51	ambient: 0.13
02:59:36.083 > range: 439	status: range valid	peak signal: 15.28	ambient: 0.13
02:59:36.333 > range: 441	status: range valid	peak signal: 13.63	ambient: 0.13
02:59:36.583 > range: 439	status: range valid	peak signal: 13.52	ambient: 0.13
02:59:36.833 > range: 441	status: range valid	peak signal: 12.16	ambient: 0.13
02:59:37.083 > range: 437	status: range valid	peak signal: 15.31	ambient: 0.13
02:59:37.333 > range: 434	status: range valid	peak signal: 15.71	ambient: 0.13
02:59:37.583 > range: 438	status: range valid	peak signal: 16.08	ambient: 0.13
02:59:37.833 > range: 429	status: range valid	peak signal: 22.85	ambient: 0.13
02:59:38.083 > range: 410	status: range valid	peak signal: 31.96	ambient: 0.13
02:59:38.333 > range: 419	status: range valid	peak signal: 24.92	ambient: 0.12
02:59:38.583 > range: 423	status: range valid	peak signal: 15.77	ambient: 0.08
02:59:38.833 > range: 410	status: range valid	peak signal: 18.25	ambient: 0.09
02:59:39.083 > range: 412	status: range valid	peak signal: 15.50	ambient: 0.09
02:59:39.333 > range: 418	status: range valid	peak signal: 17.35	ambient: 0.12
02:59:39.583 > range: 414	status: range valid	peak signal: 26.44	ambient: 0.13
02:59:39.833 > range: 1455	status: wrap target fail	peak signal: 1.71	ambient: 0.13
02:59:40.083 > range: 1662	status: wrap target fail	peak signal: 4.83	ambient: 0.09
02:59:40.333 > range: 1586	status: range valid	peak signal: 7.73	ambient: 0.12
02:59:40.583 > range: 1611	status: range valid	peak signal: 6.27	ambient: 0.15
02:59:40.832 > range: 1625	status: range valid	peak signal: 5.31	ambient: 0.16
02:59:41.082 > range: 1621	status: range valid	peak signal: 4.65	ambient: 0.16
02:59:41.332 > range: 1618	status: range valid	peak signal: 4.20	ambient: 0.16
02:59:41.582 > range: 1611	status: range valid	peak signal: 3.72	ambient: 0.16
02:59:41.832 > range: 1600	status: range valid	peak signal: 3.41	ambient: 0.18
02:59:42.082 > range: 1597	status: range valid	peak signal: 3.55	ambient: 0.16
02:59:42.332 > range: 1604	status: range valid	peak signal: 4.32	ambient: 0.16
02:59:42.582 > range: 1601	status: range valid	peak signal: 4.94	ambient: 0.16
02:59:42.832 > range: 1598	status: range valid	peak signal: 6.06	ambient: 0.16
02:59:43.082 > range: 1602	status: range valid	peak signal: 6.99	ambient: 0.13
02:59:43.332 > range: 1594	status: range valid	peak signal: 7.51	ambient: 0.13
02:59:43.582 > range: 1593	status: range valid	peak signal: 7.59	ambient: 0.13
02:59:43.832 > range: 1587	status: range valid	peak signal: 7.69	ambient: 0.13
02:59:44.082 > range: 1590	status: range valid	peak signal: 7.84	ambient: 0.13
02:59:44.332 > range: 1587	status: range valid	peak signal: 8.06	ambient: 0.13
02:59:44.582 > range: 1587	status: range valid	peak signal: 8.08	ambient: 0.13
02:59:44.832 > range: 1591	status: range valid	peak signal: 8.04	ambient: 0.13
02:59:45.082 > range: 1586	status: range valid	peak signal: 8.11	ambient: 0.13
02:59:45.332 > range: 1589	status: range valid	peak signal: 8.25	ambient: 0.13
02:59:45.582 > range: 1586	status: range valid	peak signal: 8.13	ambient: 0.13
02:59:45.832 > range: 1582	status: range valid	peak signal: 8.15	ambient: 0.13
02:59:46.082 > range: 1582	status: range valid	peak signal: 8.16	ambient: 0.13
02:59:46.332 > range: 1583	status: range valid	peak signal: 8.05	ambient: 0.13
02:59:46.582 > range: 1617	status: range valid	peak signal: 5.44	ambient: 0.13
02:59:46.832 > range: 1267	status: wrap target fail	peak signal: 9.70	ambient: 0.13
02:59:47.082 > range: 352	status: range valid	peak signal: 27.41	ambient: 0.13
02:59:47.332 > range: 0	status: out of bounds fail	peak signal: 2.25	ambient: 0.13
02:59:47.582 > range: 3400	status: out of bounds fail	peak signal: 1.38	ambient: 0.08
02:59:47.832 > range: 3400	status: out of bounds fail	peak signal: 1.43	ambient: 0.13
02:59:48.082 > range: 3399	status: out of bounds fail	peak signal: 1.44	ambient: 0.12
02:59:48.332 > range: 3401	status: out of bounds fail	peak signal: 1.48	ambient: 0.12
02:59:48.581 > range: 3411	status: out of bounds fail	peak signal: 1.45	ambient: 0.13
02:59:48.831 > range: 3409	status: out of bounds fail	peak signal: 1.59	ambient: 0.12
02:59:49.081 > range: 3432	status: out of bounds fail	peak signal: 1.66	ambient: 0.13
02:59:49.331 > range: 3436	status: out of bounds fail	peak signal: 1.84	ambient: 0.12
02:59:49.581 > range: 3462	status: out of bounds fail	peak signal: 2.01	ambient: 0.11
02:59:49.831 > range: 392	status: wrap target fail	peak signal: 11.48	ambient: 0.12
02:59:50.081 > range: 424	status: range valid	peak signal: 14.77	ambient: 0.13
02:59:50.331 > range: 414	status: range valid	peak signal: 21.76	ambient: 0.13
02:59:50.581 > range: 408	status: range valid	peak signal: 21.62	ambient: 0.09
02:59:50.831 > range: 416	status: range valid	peak signal: 19.59	ambient: 0.09
02:59:51.081 > range: 413	status: range valid	peak signal: 20.20	ambient: 0.10
02:59:51.331 > range: 414	status: range valid	peak signal: 21.66	ambient: 0.12
02:59:51.581 > range: 414	status: range valid	peak signal: 17.90	ambient: 0.09
02:59:51.831 > range: 414	status: range valid	peak signal: 18.95	ambient: 0.09
02:59:52.081 > range: 415	status: range valid	peak signal: 17.15	ambient: 0.09
02:59:52.331 > range: 417	status: range valid	peak signal: 18.68	ambient: 0.12
02:59:52.581 > range: 416	status: range valid	peak signal: 17.93	ambient: 0.08
02:59:52.831 > range: 417	status: range valid	peak signal: 19.77	ambient: 0.09
02:59:53.081 > range: 418	status: range valid	peak signal: 20.19	ambient: 0.11
02:59:53.331 > range: 419	status: range valid	peak signal: 19.25	ambient: 0.09
02:59:53.581 > range: 418	status: range valid	peak signal: 19.62	ambient: 0.12
02:59:53.831 > range: 419	status: range valid	peak signal: 19.22	ambient: 0.12
02:59:54.081 > range: 419	status: range valid	peak signal: 19.35	ambient: 0.12
02:59:54.331 > range: 419	status: range valid	peak signal: 18.16	ambient: 0.12
02:59:54.581 > range: 424	status: range valid	peak signal: 15.52	ambient: 0.12
02:59:54.831 > range: 427	status: range valid	peak signal: 15.05	ambient: 0.13
02:59:55.081 > range: 435	status: range valid	peak signal: 7.33	ambient: 0.13
02:59:55.331 > range: 402	status: range valid	peak signal: 3.75	ambient: 0.12
02:59:55.581 > range: 402	status: range valid	peak signal: 4.09	ambient: 0.13
02:59:55.831 > range: 409	status: range valid	peak signal: 4.45	ambient: 0.12
02:59:56.081 > range: 426	status: range valid	peak signal: 5.16	ambient: 0.13
02:59:56.331 > range: 436	status: range valid	peak signal: 12.56	ambient: 0.13
02:59:56.580 > range: 368	status: range valid	peak signal: 29.09	ambient: 0.13
02:59:56.831 > range: 2061	status: signal fail	peak signal: 0.98	ambient: 0.08
02:59:57.080 > range: 1906	status: range valid	peak signal: 2.55	ambient: 0.13
02:59:57.330 > range: 1739	status: wrap target fail	peak signal: 4.12	ambient: 0.13
02:59:57.580 > range: 1623	status: range valid	peak signal: 6.01	ambient: 0.13
02:59:57.830 > range: 1596	status: range valid	peak signal: 7.09	ambient: 0.13
02:59:58.080 > range: 1594	status: range valid	peak signal: 7.58	ambient: 0.13
02:59:58.330 > range: 1593	status: range valid	peak signal: 7.12	ambient: 0.13
02:59:58.580 > range: 1456	status: wrap target fail	peak signal: 3.85	ambient: 0.13
02:59:58.830 > range: 383	status: range valid	peak signal: 24.68	ambient: 0.13
02:59:59.080 > range: 362	status: range valid	peak signal: 30.68	ambient: 0.13
02:59:59.330 > range: 366	status: range valid	peak signal: 18.88	ambient: 0.09
02:59:59.580 > range: 368	status: range valid	peak signal: 17.25	ambient: 0.08
02:59:59.830 > range: 367	status: range valid	peak signal: 19.72	ambient: 0.09
03:00:00.080 > range: 365	status: range valid	peak signal: 19.97	ambient: 0.09
03:00:00.330 > range: 364	status: range valid	peak signal: 20.05	ambient: 0.09
03:00:00.580 > range: 365	status: range valid	peak signal: 20.39	ambient: 0.09
03:00:00.830 > range: 366	status: range valid	peak signal: 20.17	ambient: 0.08
03:00:01.080 > range: 366	status: range valid	peak signal: 18.55	ambient: 0.08
03:00:01.330 > range: 367	status: range valid	peak signal: 20.05	ambient: 0.07
03:00:01.580 > range: 365	status: range valid	peak signal: 19.98	ambient: 0.06
03:00:01.830 > range: 366	status: range valid	peak signal: 20.01	ambient: 0.07
03:00:02.080 > range: 367	status: range valid	peak signal: 20.02	ambient: 0.07
03:00:02.330 > range: 367	status: range valid	peak signal: 20.09	ambient: 0.07
03:00:02.580 > range: 367	status: range valid	peak signal: 20.11	ambient: 0.06
03:00:02.830 > range: 368	status: range valid	peak signal: 18.53	ambient: 0.08
03:00:03.080 > range: 367	status: range valid	peak signal: 18.56	ambient: 0.08
03:00:03.330 > range: 368	status: range valid	peak signal: 17.98	ambient: 0.06
03:00:03.580 > range: 2036	status: signal fail	peak signal: 1.18	ambient: 0.09
03:00:03.850 > range: 1955	status: range valid	peak signal: 2.19	ambient: 0.12
03:00:04.100 > range: 1867	status: wrap target fail	peak signal: 2.99	ambient: 0.13
03:00:04.350 > range: 1838	status: range valid	peak signal: 2.35	ambient: 0.13
03:00:04.600 > range: 1999	status: range valid	peak signal: 2.00	ambient: 0.12
03:00:04.850 > range: 1951	status: range valid	peak signal: 1.91	ambient: 0.13
03:00:05.099 > range: 2009	status: wrap target fail	peak signal: 1.78	ambient: 0.13
03:00:05.349 > range: 1886	status: range valid	peak signal: 2.29	ambient: 0.13
03:00:05.599 > range: 1692	status: wrap target fail	peak signal: 3.45	ambient: 0.13
03:00:05.849 > range: 1257	status: wrap target fail	peak signal: 4.23	ambient: 0.13
03:00:06.099 > range: 881	status: wrap target fail	peak signal: 9.33	ambient: 0.12
03:00:06.349 > range: 1497	status: range valid	peak signal: 7.99	ambient: 0.13
03:00:06.599 > range: 1392	status: wrap target fail	peak signal: 2.97	ambient: 0.17
03:00:06.849 > range: 364	status: range valid	peak signal: 9.13	ambient: 0.20
03:00:07.099 > range: 311	status: range valid	peak signal: 19.41	ambient: 0.23
03:00:07.349 > range: 286	status: range valid	peak signal: 27.20	ambient: 0.23
03:00:07.599 > range: 290	status: range valid	peak signal: 18.03	ambient: 0.16
03:00:07.849 > range: 291	status: range valid	peak signal: 20.39	ambient: 0.15
03:00:08.099 > range: 294	status: range valid	peak signal: 22.12	ambient: 0.13
03:00:08.349 > range: 284	status: range valid	peak signal: 36.78	ambient: 0.13
03:00:08.599 > range: 278	status: range valid	peak signal: 34.95	ambient: 0.09
03:00:08.849 > range: 291	status: range valid	peak signal: 29.34	ambient: 0.09
03:00:09.099 > range: 287	status: range valid	peak signal: 61.23	ambient: 0.05
03:00:09.349 > range: 280	status: range valid	peak signal: 46.20	ambient: 0.05
03:00:09.599 > range: 287	status: range valid	peak signal: 11.08	ambient: 0.02
03:00:09.849 > range: 285	status: range valid	peak signal: 11.66	ambient: 0.02
03:00:10.099 > range: 280	status: range valid	peak signal: 11.62	ambient: 0.02
03:00:10.349 > range: 272	status: range valid	peak signal: 45.89	ambient: 0.04
03:00:10.599 > range: 279	status: range valid	peak signal: 12.51	ambient: 0.02
03:00:10.849 > range: 274	status: signal fail	peak signal: 1.48	ambient: 0.02
03:00:11.106 > range: 275	status: range valid	peak signal: 2.33	ambient: 0.09
03:00:11.356 > range: 412	status: signal fail	peak signal: 1.29	ambient: 0.16
03:00:11.606 > range: 1157	status: wrap target fail	peak signal: 5.51	ambient: 0.13
03:00:11.856 > range: 355	status: wrap target fail	peak signal: 17.78	ambient: 0.13
03:00:12.106 > range: 904	status: wrap target fail	peak signal: 7.26	ambient: 0.13
03:00:12.356 > range: 478	status: range valid	peak signal: 7.80	ambient: 0.13
03:00:12.606 > range: 1199	status: wrap target fail	peak signal: 5.49	ambient: 0.13
03:00:12.855 > range: 1635	status: wrap target fail	peak signal: 4.84	ambient: 0.13
03:00:13.105 > range: 1622	status: range valid	peak signal: 4.86	ambient: 0.11
03:00:13.355 > range: 1044	status: wrap target fail	peak signal: 6.75	ambient: 0.13
03:00:13.605 > range: 505	status: wrap target fail	peak signal: 6.20	ambient: 0.12
03:00:13.855 > range: 444	status: wrap target fail	peak signal: 6.75	ambient: 0.13
03:00:14.105 > range: 2115	status: wrap target fail	peak signal: 1.91	ambient: 0.12
03:00:14.355 > range: 2158	status: range valid	peak signal: 1.80	ambient: 0.12
03:00:14.605 > range: 2160	status: range valid	peak signal: 1.73	ambient: 0.13
03:00:14.855 > range: 192	status: range valid	peak signal: 71.31	ambient: 0.13
03:00:15.105 > range: 99	status: wrap target fail	peak signal: 119.66	ambient: 0.04
03:00:15.355 > range: 65	status: range valid	peak signal: 9.79	ambient: 0.02
03:00:15.605 > range: 47	status: range valid	peak signal: 1.78	ambient: 0.02
