01:39:10.701 > ets Jun  8 2016 00:22:57
01:39:10.701 > 
01:39:10.701 > rst:0x10 (RTCWDT_RTC_RESET),boot:0x13 (SPI_FAST_FLASH_BOOT)
01:39:10.701 > flash read err, 1000
01:39:10.701 > ets_main.c 371 
01:39:10.938 > ets Jun  8 2016 00:22:57
01:39:10.941 > 
01:39:10.941 > rst:0x10 (RTCWDT_RTC_RESET),boot:0x13 (SPI_FAST_FLASH_BOOT)
01:39:10.947 > flash read err, 1000
01:39:10.948 > ets_main.c 371 
01:39:11.292 > ets Jun  8 2016 00:22:57
01:39:11.295 > 
01:39:11.295 > rst:0x10 (RTCWDT_RTC_RESET),boot:0x13 (SPI_FAST_FLASH_BOOT)
01:39:11.300 > flash read err, 1000
01:39:11.302 > ets_main.c 371 
01:39:11.645 > ets Jun  8 2016 00:22:57
01:39:11.648 > 
01:39:11.648 > rst:0x10 (RTCWDT_RTC_RESET),boot:0x13 (SPI_FAST_FLASH_BOOT)
01:39:11.654 > flash read err, 1000
01:39:11.656 > ets_main.c 371 
01:39:11.999 > ets Jun  8 2016 00:22:57
01:39:12.002 > 
01:39:12.002 > rst:0x10 (RTCWDT_RTC_RESET),boot:0x13 (SPI_FAST_FLASH_BOOT)
01:39:12.007 > flash read err, 1000
01:39:12.009 > ets_main.c 371 
01:39:12.352 > ets Jun  8 2016 00:22:57
01:39:12.355 > 
01:39:12.355 > rst:0x10 (RTCWDT_RTC_RESET),boot:0x13 (SPI_FAST_FLASH_BOOT)
01:39:12.361 > flash read err, 1000
01:39:12.363 > ets_main.c 371 
01:39:12.706 > ets Jun  8 2016 00:22:57
01:39:12.709 > 
01:39:12.709 > rst:0x10 (RTCWDT_RTC_RESET),boot:0x13 (SPI_FAST_FLASH_BOOT)
01:39:12.714 > flash read err, 1000
01:39:12.716 > ets_main.c 371 
01:39:13.059 > ets Jun  8 2016 00:22:57
01:39:13.062 > 
01:39:13.062 > rst:0x10 (RTCWDT_RTC_RESET),boot:0x13 (SPI_FAST_FLASH_BOOT)
01:39:13.067 > flash read err, 1000
01:39:13.069 > ets_main.c 371 
01:39:13.412 > ets Jun  8 2016 00:22:57
01:39:13.415 > 
01:39:13.416 > rst:0x10 (RTCWDT_RTC_RESET),boot:0x13 (SPI_FAST_FLASH_BOOT)
01:39:13.421 > flash read err, 1000
01:39:13.423 > ets_main.c 371 
01:39:13.766 > ets Jun  8 2016 00:22:57
01:39:13.768 > 
01:39:13.768 > rst:0x10 (RTCWDT_RTC_RESET),boot:0x13 (SPI_FAST_FLASH_BOOT)
01:39:13.774 > flash read err, 1000
01:39:13.776 > ets_main.c 371 
01:39:14.119 > ets Jun  8 2016 00:22:57
01:39:14.121 > 
01:39:14.123 > rst:0x10 (RTCWDT_RTC_RESET),boot:0x13 (SPI_FAST_FLASH_BOOT)
01:39:14.128 > flash read err, 1000
01:39:14.130 > ets_main.c 371 
01:39:14.473 > ets Jun  8 2016 00:22:57
01:39:14.476 > 
01:39:14.476 > rst:0x10 (RTCWDT_RTC_RESET),boot:0x13 (SPI_FAST_FLASH_BOOT)
01:39:14.481 > flash read err, 1000
01:39:14.483 > ets_main.c 371 
01:39:14.826 > ets Jun  8 2016 00:22:57
01:39:14.828 > 
01:39:14.829 > rst:0x10 (RTCWDT_RTC_RESET),boot:0x13 (SPI_FAST_FLASH_BOOT)
01:39:14.834 > flash read err, 1000
01:39:14.836 > ets_main.c 371 
01:39:15.180 > ets Jun  8 2016 00:22:57
01:39:15.182 > 
01:39:15.182 > rst:0x10 (RTCWDT_RTC_RESET),boot:0x13 (SPI_FAST_FLASH_BOOT)
01:39:15.188 > flash read err, 1000
01:39:15.189 > ets_main.c 371 
01:39:15.533 > ets Jun  8 2016 00:22:57
01:39:15.535 > 
01:39:15.536 > rst:0x10 (RTCWDT_RTC_RESET),boot:0x13 (SPI_FAST_FLASH_BOOT)
01:39:15.541 > flash read err, 1000
01:39:15.543 > ets_main.c 371 
01:39:15.886 > ets Jun  8 2016 00:22:57
01:39:15.889 > 
01:39:15.889 > rst:0x10 (RTCWDT_RTC_RESET),boot:0x13 (SPI_FAST_FLASH_BOOT)
01:39:15.894 > flash read err, 1000
01:39:15.896 > ets_main.c 371 
01:39:16.240 > ets Jun  8 2016 00:22:57
01:39:16.242 > 
01:39:16.242 > rst:0x10 (RTCWDT_RTC_RESET),boot:0x13 (SPI_FAST_FLASH_BOOT)
01:39:16.248 > flash read err, 1000
01:39:16.249 > ets_main.c 371 
01:39:16.593 > ets Jun  8 2016 00:22:57
01:39:16.596 > 
01:39:16.596 > rst:0x10 (RTCWDT_RTC_RESET),boot:0x13 (SPI_FAST_FLASH_BOOT)
01:39:16.601 > flash read err, 1000
01:39:16.604 > ets_main.c 371 
01:39:16.947 > ets Jun  8 2016 00:22:57
01:39:16.949 > 
01:39:16.949 > rst:0x10 (RTCWDT_RTC_RESET),boot:0x13 (SPI_FAST_FLASH_BOOT)
01:39:16.954 > flash read err, 1000
01:39:16.956 > ets_main.c 371 
01:39:17.300 > ets Jun  8 2016 00:22:57
01:39:17.302 > 
01:39:17.303 > rst:0x10 (RTCWDT_RTC_RESET),boot:0x13 (SPI_FAST_FLASH_BOOT)
01:39:17.308 > flash read err, 1000
01:39:17.310 > ets_main.c 371 
01:39:17.653 > ets Jun  8 2016 00:22:57
01:39:17.656 > 
01:39:17.656 > rst:0x10 (RTCWDT_RTC_RESET),boot:0x13 (SPI_FAST_FLASH_BOOT)
01:39:17.661 > flash read err, 1000
01:39:17.663 > ets_main.c 371 
01:39:18.007 > ets Jun  8 2016 00:22:57
01:39:18.009 > 
01:39:18.009 > rst:0x10 (RTCWDT_RTC_RESET),boot:0x13 (SPI_FAST_FLASH_BOOT)
01:39:18.014 > flash read err, 1000
01:39:18.016 > ets_main.c 371 
01:39:18.360 > ets Jun  8 2016 00:22:57
01:39:18.362 > 
01:39:18.362 > rst:0x10 (RTCWDT_RTC_RESET),boot:0x13 (SPI_FAST_FLASH_BOOT)
01:39:18.368 > flash read err, 1000
01:39:18.370 > ets_main.c 371 
01:39:18.713 > ets Jun  8 2016 00:22:57
01:39:18.716 > 
01:39:18.716 > rst:0x10 (RTCWDT_RTC_RESET),boot:0x13 (SPI_FAST_FLASH_BOOT)
01:39:18.721 > flash read err, 1000
01:39:18.723 > ets_main.c 371 
01:39:19.067 > ets Jun  8 2016 00:22:57
01:39:19.069 > 
01:39:19.069 > rst:0x10 (RTCWDT_RTC_RESET),boot:0x13 (SPI_FAST_FLASH_BOOT)
01:39:19.075 > flash read err, 1000
01:39:19.076 > ets_main.c 371 
01:39:19.420 > ets Jun  8 2016 00:22:57
01:39:19.423 > 
01:39:19.423 > rst:0x10 (RTCWDT_RTC_RESET),boot:0x13 (SPI_FAST_FLASH_BOOT)
01:39:19.428 > flash read err, 1000
01:39:19.430 > ets_main.c 371 
01:39:19.774 > ets Jun  8 2016 00:22:57
01:39:19.776 > 
01:39:19.776 > rst:0x10 (RTCWDT_RTC_RESET),boot:0x13 (SPI_FAST_FLASH_BOOT)
01:39:19.782 > flash read err, 1000
01:39:19.783 > ets_main.c 371 
01:39:20.127 > ets Jun  8 2016 00:22:57
01:39:20.130 > 
01:39:20.130 > rst:0x10 (RTCWDT_RTC_RESET),boot:0x13 (SPI_FAST_FLASH_BOOT)
01:39:20.135 > flash read err, 1000
01:39:20.137 > ets_main.c 371 
01:39:20.481 > ets Jun  8 2016 00:22:57
01:39:20.483 > 
01:39:20.483 > rst:0x10 (RTCWDT_RTC_RESET),boot:0x13 (SPI_FAST_FLASH_BOOT)
01:39:20.489 > flash read err, 1000
01:39:20.490 > ets_main.c 371 
01:39:20.834 > ets Jun  8 2016 00:22:57
01:39:20.837 > 
01:39:20.837 > rst:0x10 (RTCWDT_RTC_RESET),boot:0x13 (SPI_FAST_FLASH_BOOT)
01:39:20.842 > flash read err, 1000
01:39:20.844 > ets_main.c 371 
01:39:21.188 > ets Jun  8 2016 00:22:57
01:39:21.190 > 
01:39:21.190 > rst:0x10 (RTCWDT_RTC_RESET),boot:0x13 (SPI_FAST_FLASH_BOOT)
01:39:21.196 > flash read err, 1000
01:39:21.197 > ets_main.c 371 
01:39:21.541 > ets Jun  8 2016 00:22:57
01:39:21.544 > 
01:39:21.544 > rst:0x10 (RTCWDT_RTC_RESET),boot:0x13 (SPI_FAST_FLASH_BOOT)
01:39:21.549 > flash read err, 1000
01:39:21.551 > ets_main.c 371 
01:39:21.895 > ets Jun  8 2016 00:22:57
01:39:21.897 > 
01:39:21.897 > rst:0x10 (RTCWDT_RTC_RESET),boot:0x13 (SPI_FAST_FLASH_BOOT)
01:39:21.902 > flash read err, 1000
01:39:21.904 > ets_main.c 371 
01:39:22.248 > ets Jun  8 2016 00:22:57
01:39:22.250 > 
01:39:22.251 > rst:0x10 (RTCWDT_RTC_RESET),boot:0x13 (SPI_FAST_FLASH_BOOT)
01:39:22.256 > flash read err, 1000
01:39:22.258 > ets_main.c 371 
01:39:22.602 > ets Jun  8 2016 00:22:57
01:39:22.604 > 
01:39:22.604 > rst:0x10 (RTCWDT_RTC_RESET),boot:0x13 (SPI_FAST_FLASH_BOOT)
01:39:22.609 > flash read err, 1000
01:39:22.611 > ets_main.c 371 
01:39:22.955 > ets Jun  8 2016 00:22:57
01:39:22.958 > 
01:39:22.958 > rst:0x10 (RTCWDT_RTC_RESET),boot:0x13 (SPI_FAST_FLASH_BOOT)
01:39:22.963 > flash read err, 1000
01:39:22.965 > ets_main.c 371 
01:39:23.309 > ets Jun  8 2016 00:22:57
01:39:23.311 > 
01:39:23.311 > rst:0x10 (RTCWDT_RTC_RESET),boot:0x13 (SPI_FAST_FLASH_BOOT)
01:39:23.317 > flash read err, 1000
01:39:23.318 > ets_main.c 371 
01:39:23.662 > ets Jun  8 2016 00:22:57
01:39:23.665 > 
01:39:23.665 > rst:0x10 (RTCWDT_RTC_RESET),boot:0x13 (SPI_FAST_FLASH_BOOT)
01:39:23.670 > flash read err, 1000
01:39:23.672 > ets_main.c 371 
01:39:24.016 > ets Jun  8 2016 00:22:57
01:39:24.018 > 
01:39:24.018 > rst:0x10 (RTCWDT_RTC_RESET),boot:0x13 (SPI_FAST_FLASH_BOOT)
01:39:24.024 > flash read err, 1000
01:39:24.025 > ets_main.c 371 
01:39:24.369 > ets Jun  8 2016 00:22:57
01:39:24.372 > 
01:39:24.372 > rst:0x10 (RTCWDT_RTC_RESET),boot:0x13 (SPI_FAST_FLASH_BOOT)
01:39:24.377 > flash read err, 1000
01:39:24.379 > ets_main.c 371 
01:39:24.723 > ets Jun  8 2016 00:22:57
01:39:24.725 > 
01:39:24.725 > rst:0x10 (RTCWDT_RTC_RESET),boot:0x13 (SPI_FAST_FLASH_BOOT)
01:39:24.731 > flash read err, 1000
01:39:24.733 > ets_main.c 371 
01:39:25.076 > ets Jun  8 2016 00:22:57
01:39:25.079 > 
01:39:25.079 > rst:0x10 (RTCWDT_RTC_RESET),boot:0x13 (SPI_FAST_FLASH_BOOT)
01:39:25.084 > flash read err, 1000
01:39:25.086 > ets_main.c 371 
01:39:25.430 > ets Jun  8 2016 00:22:57
01:39:25.432 > 
01:39:25.432 > rst:0x10 (RTCWDT_RTC_RESET),boot:0x13 (SPI_FAST_FLASH_BOOT)
01:39:25.438 > flash read err, 1000
01:39:25.440 > ets_main.c 371 
01:39:25.783 > ets Jun  8 2016 00:22:57
01:39:25.786 > 
01:39:25.786 > rst:0x10 (RTCWDT_RTC_RESET),boot:0x13 (SPI_FAST_FLASH_BOOT)
01:39:25.791 > flash read err, 1000
01:39:25.793 > ets_main.c 371 
01:39:26.137 > ets Jun  8 2016 00:22:57
01:39:26.139 > 
01:39:26.140 > rst:0x10 (RTCWDT_RTC_RESET),boot:0x13 (SPI_FAST_FLASH_BOOT)
01:39:26.145 > flash read err, 1000
01:39:26.147 > ets_main.c 371 
01:39:26.490 > ets Jun  8 2016 00:22:57
01:39:26.493 > 
01:39:26.493 > rst:0x10 (RTCWDT_RTC_RESET),boot:0x13 (SPI_FAST_FLASH_BOOT)
01:39:26.498 > flash read err, 1000
01:39:26.500 > ets_main.c 371 
01:39:26.844 > ets Jun  8 2016 00:22:57
01:39:26.846 > 
01:39:26.846 > rst:0x10 (RTCWDT_RTC_RESET),boot:0x13 (SPI_FAST_FLASH_BOOT)
01:39:26.852 > flash read err, 1000
01:39:26.854 > ets_main.c 371 
01:39:27.197 > ets Jun  8 2016 00:22:57
01:39:27.200 > 
01:39:27.200 > rst:0x10 (RTCWDT_RTC_RESET),boot:0x13 (SPI_FAST_FLASH_BOOT)
01:39:27.205 > flash read err, 1000
01:39:27.207 > ets_main.c 371 
01:39:27.551 > ets Jun  8 2016 00:22:57
01:39:27.553 > 
01:39:27.553 > rst:0x10 (RTCWDT_RTC_RESET),boot:0x13 (SPI_FAST_FLASH_BOOT)
01:39:27.559 > flash read err, 1000
01:39:27.560 > ets_main.c 371 
01:39:27.904 > ets Jun  8 2016 00:22:57
01:39:27.907 > 
01:39:27.907 > rst:0x10 (RTCWDT_RTC_RESET),boot:0x13 (SPI_FAST_FLASH_BOOT)
01:39:27.912 > flash read err, 1000
01:39:27.914 > ets_main.c 371 
01:39:28.257 > ets Jun  8 2016 00:22:57
01:39:28.260 > 
01:39:28.260 > rst:0x10 (RTCWDT_RTC_RESET),boot:0x13 (SPI_FAST_FLASH_BOOT)
01:39:28.266 > flash read err, 1000
01:39:28.267 > ets_main.c 371 
01:39:28.611 > ets Jun  8 2016 00:22:57
01:39:28.614 > 
01:39:28.614 > rst:0x10 (RTCWDT_RTC_RESET),boot:0x13 (SPI_FAST_FLASH_BOOT)
01:39:28.619 > flash read err, 1000
01:39:28.621 > ets_main.c 371 
01:39:28.964 > ets Jun  8 2016 00:22:57
01:39:28.967 > 
01:39:28.967 > rst:0x10 (RTCWDT_RTC_RESET),boot:0x13 (SPI_FAST_FLASH_BOOT)
01:39:28.972 > flash read err, 1000
01:39:28.974 > ets_main.c 371 
01:39:29.318 > ets Jun  8 2016 00:22:57
01:39:29.321 > 
01:39:29.321 > rst:0x10 (RTCWDT_RTC_RESET),boot:0x13 (SPI_FAST_FLASH_BOOT)
01:39:29.326 > flash read err, 1000
01:39:29.328 > ets_main.c 371 
01:39:29.671 > ets Jun  8 2016 00:22:57
01:39:29.674 > 
01:39:29.674 > rst:0x10 (RTCWDT_RTC_RESET),boot:0x13 (SPI_FAST_FLASH_BOOT)
01:39:29.679 > flash read err, 1000
01:39:29.681 > ets_main.c 371 
01:39:30.025 > ets Jun  8 2016 00:22:57
01:39:30.027 > 
01:39:30.027 > rst:0x10 (RTCWDT_RTC_RESET),boot:0x13 (SPI_FAST_FLASH_BOOT)
01:39:30.033 > flash read err, 1000
01:39:30.035 > ets_main.c 371 
01:39:30.378 > ets Jun  8 2016 00:22:57
01:39:30.381 > 
01:39:30.381 > rst:0x10 (RTCWDT_RTC_RESET),boot:0x13 (SPI_FAST_FLASH_BOOT)
01:39:30.386 > flash read err, 1000
01:39:30.388 > ets_main.c 371 
01:39:30.731 > ets Jun  8 2016 00:22:57
01:39:30.734 > 
01:39:30.734 > rst:0x10 (RTCWDT_RTC_RESET),boot:0x13 (SPI_FAST_FLASH_BOOT)
01:39:30.740 > flash read err, 1000
01:39:30.741 > ets_main.c 371 
01:39:31.085 > ets Jun  8 2016 00:22:57
01:39:31.088 > 
01:39:31.088 > rst:0x10 (RTCWDT_RTC_RESET),boot:0x13 (SPI_FAST_FLASH_BOOT)
01:39:31.093 > flash read err, 1000
01:39:31.095 > ets_main.c 371 
01:39:31.438 > ets Jun  8 2016 00:22:57
01:39:31.441 > 
01:39:31.441 > rst:0x10 (RTCWDT_RTC_RESET),boot:0x13 (SPI_FAST_FLASH_BOOT)
01:39:31.447 > flash read err, 1000
01:39:31.449 > ets_main.c 371 
01:39:31.792 > ets Jun  8 2016 00:22:57
01:39:31.795 > 
01:39:31.795 > rst:0x10 (RTCWDT_RTC_RESET),boot:0x13 (SPI_FAST_FLASH_BOOT)
01:39:31.800 > flash read err, 1000
01:39:31.802 > ets_main.c 371 
01:39:32.145 > ets Jun  8 2016 00:22:57
01:39:32.148 > 
01:39:32.148 > rst:0x10 (RTCWDT_RTC_RESET),boot:0x13 (SPI_FAST_FLASH_BOOT)
01:39:32.154 > flash read err, 1000
01:39:32.156 > ets_main.c 371 
01:39:32.499 > ets Jun  8 2016 00:22:57
01:39:32.502 > 
01:39:32.502 > rst:0x10 (RTCWDT_RTC_RESET),boot:0x13 (SPI_FAST_FLASH_BOOT)
01:39:32.507 > flash read err, 1000
01:39:32.509 > ets_main.c 371 
01:39:32.852 > ets Jun  8 2016 00:22:57
01:39:32.855 > 
01:39:32.855 > rst:0x10 (RTCWDT_RTC_RESET),boot:0x13 (SPI_FAST_FLASH_BOOT)
01:39:32.861 > flash read err, 1000
01:39:32.863 > ets_main.c 371 
01:39:33.206 > ets Jun  8 2016 00:22:57
01:39:33.209 > 
01:39:33.209 > rst:0x10 (RTCWDT_RTC_RESET),boot:0x13 (SPI_FAST_FLASH_BOOT)
01:39:33.214 > flash read err, 1000
01:39:33.216 > ets_main.c 371 
01:39:33.559 > ets Jun  8 2016 00:22:57
01:39:33.562 > 
01:39:33.562 > rst:0x10 (RTCWDT_RTC_RESET),boot:0x13 (SPI_FAST_FLASH_BOOT)
01:39:33.568 > flash read err, 1000
01:39:33.569 > ets_main.c 371 
01:39:33.913 > ets Jun  8 2016 00:22:57
01:39:33.915 > 
01:39:33.916 > rst:0x10 (RTCWDT_RTC_RESET),boot:0x13 (SPI_FAST_FLASH_BOOT)
01:39:33.921 > flash read err, 1000
01:39:33.923 > ets_main.c 371 
01:39:34.266 > ets Jun  8 2016 00:22:57
01:39:34.269 > 
01:39:34.269 > rst:0x10 (RTCWDT_RTC_RESET),boot:0x13 (SPI_FAST_FLASH_BOOT)
01:39:34.274 > flash read err, 1000
01:39:34.276 > ets_main.c 371 
01:39:34.619 > ets Jun  8 2016 00:22:57
01:39:34.622 > 
01:39:34.622 > rst:0x10 (RTCWDT_RTC_RESET),boot:0x13 (SPI_FAST_FLASH_BOOT)
01:39:34.628 > flash read err, 1000
01:39:34.629 > ets_main.c 371 
01:39:34.973 > ets Jun  8 2016 00:22:57
01:39:34.975 > 
01:39:34.976 > rst:0x10 (RTCWDT_RTC_RESET),boot:0x13 (SPI_FAST_FLASH_BOOT)
01:39:34.981 > flash read err, 1000
01:39:34.983 > ets_main.c 371 
01:39:35.326 > ets Jun  8 2016 00:22:57
01:39:35.329 > 
01:39:35.329 > rst:0x10 (RTCWDT_RTC_RESET),boot:0x13 (SPI_FAST_FLASH_BOOT)
01:39:35.334 > flash read err, 1000
01:39:35.336 > ets_main.c 371 
01:39:35.679 > ets Jun  8 2016 00:22:57
01:39:35.682 > 
01:39:35.683 > rst:0x10 (RTCWDT_RTC_RESET),boot:0x13 (SPI_FAST_FLASH_BOOT)
01:39:35.688 > flash read err, 1000
01:39:35.690 > ets_main.c 371 
01:39:36.033 > ets Jun  8 2016 00:22:57
01:39:36.036 > 
01:39:36.036 > rst:0x10 (RTCWDT_RTC_RESET),boot:0x13 (SPI_FAST_FLASH_BOOT)
01:39:36.041 > flash read err, 1000
01:39:36.043 > ets_main.c 371 
01:39:36.386 > ets Jun  8 2016 00:22:57
01:39:36.389 > 
01:39:36.390 > rst:0x10 (RTCWDT_RTC_RESET),boot:0x13 (SPI_FAST_FLASH_BOOT)
01:39:36.395 > flash read err, 1000
01:39:36.397 > ets_main.c 371 
01:39:36.740 > ets Jun  8 2016 00:22:57
01:39:36.743 > 
01:39:36.743 > rst:0x10 (RTCWDT_RTC_RESET),boot:0x13 (SPI_FAST_FLASH_BOOT)
01:39:36.748 > flash read err, 1000
01:39:36.750 > ets_main.c 371 
01:39:37.093 > ets Jun  8 2016 00:22:57
01:39:37.096 > 
01:39:37.096 > rst:0x10 (RTCWDT_RTC_RESET),boot:0x13 (SPI_FAST_FLASH_BOOT)
01:39:37.102 > flash read err, 1000
01:39:37.104 > ets_main.c 371 
01:39:37.447 > ets Jun  8 2016 00:22:57
01:39:37.450 > 
01:39:37.450 > rst:0x10 (RTCWDT_RTC_RESET),boot:0x13 (SPI_FAST_FLASH_BOOT)
01:39:37.455 > flash read err, 1000
01:39:37.457 > ets_main.c 371 
01:39:37.800 > ets Jun  8 2016 00:22:57
01:39:37.803 > 
01:39:37.803 > rst:0x10 (RTCWDT_RTC_RESET),boot:0x13 (SPI_FAST_FLASH_BOOT)
01:39:37.808 > flash read err, 1000
01:39:37.810 > ets_main.c 371 
01:39:38.153 > ets Jun  8 2016 00:22:57
01:39:38.156 > 
01:39:38.156 > rst:0x10 (RTCWDT_RTC_RESET),boot:0x13 (SPI_FAST_FLASH_BOOT)
01:39:38.162 > flash read err, 1000
01:39:38.164 > ets_main.c 371 
01:39:38.507 > ets Jun  8 2016 00:22:57
01:39:38.510 > 
01:39:38.510 > rst:0x10 (RTCWDT_RTC_RESET),boot:0x13 (SPI_FAST_FLASH_BOOT)
01:39:38.515 > flash read err, 1000
01:39:38.517 > ets_main.c 371 
01:39:38.860 > ets Jun  8 2016 00:22:57
01:39:38.863 > 
01:39:38.863 > rst:0x10 (RTCWDT_RTC_RESET),boot:0x13 (SPI_FAST_FLASH_BOOT)
01:39:38.868 > flash read err, 1000
01:39:38.870 > ets_main.c 371 
01:39:39.213 > ets Jun  8 2016 00:22:57
01:39:39.216 > 
01:39:39.216 > rst:0x10 (RTCWDT_RTC_RESET),boot:0x13 (SPI_FAST_FLASH_BOOT)
01:39:39.222 > flash read err, 1000
01:39:39.224 > ets_main.c 371 
01:39:39.566 > ets Jun  8 2016 00:22:57
01:39:39.570 > 
01:39:39.570 > rst:0x10 (RTCWDT_RTC_RESET),boot:0x13 (SPI_FAST_FLASH_BOOT)
01:39:39.575 > flash read err, 1000
01:39:39.577 > ets_main.c 371 
01:39:39.920 > ets Jun  8 2016 00:22:57
01:39:39.923 > 
01:39:39.923 > rst:0x10 (RTCWDT_RTC_RESET),boot:0x13 (SPI_FAST_FLASH_BOOT)
01:39:39.928 > flash read err, 1000
01:39:39.930 > ets_main.c 371 
01:39:40.273 > ets Jun  8 2016 00:22:57
01:39:40.276 > 
01:39:40.276 > rst:0x10 (RTCWDT_RTC_RESET),boot:0x13 (SPI_FAST_FLASH_BOOT)
01:39:40.282 > flash read err, 1000
01:39:40.283 > ets_main.c 371 
01:39:40.626 > ets Jun  8 2016 00:22:57
01:39:40.629 > 
01:39:40.630 > rst:0x10 (RTCWDT_RTC_RESET),boot:0x13 (SPI_FAST_FLASH_BOOT)
01:39:40.635 > flash read err, 1000
01:39:40.637 > ets_main.c 371 
01:39:40.980 > ets Jun  8 2016 00:22:57
01:39:40.983 > 
01:39:40.983 > rst:0x10 (RTCWDT_RTC_RESET),boot:0x13 (SPI_FAST_FLASH_BOOT)
01:39:40.988 > flash read err, 1000
01:39:40.990 > ets_main.c 371 
01:39:41.333 > ets Jun  8 2016 00:22:57
01:39:41.336 > 
01:39:41.336 > rst:0x10 (RTCWDT_RTC_RESET),boot:0x13 (SPI_FAST_FLASH_BOOT)
01:39:41.342 > flash read err, 1000
01:39:41.343 > ets_main.c 371 
01:39:41.686 > ets Jun  8 2016 00:22:57
01:39:41.690 > 
01:39:41.690 > rst:0x10 (RTCWDT_RTC_RESET),boot:0x13 (SPI_FAST_FLASH_BOOT)
01:39:41.695 > flash read err, 1000
01:39:41.697 > ets_main.c 371 
01:39:42.040 > ets Jun  8 2016 00:22:57
01:39:42.043 > 
01:39:42.043 > rst:0x10 (RTCWDT_RTC_RESET),boot:0x13 (SPI_FAST_FLASH_BOOT)
01:39:42.048 > flash read err, 1000
01:39:42.050 > ets_main.c 371 
01:39:42.393 > ets Jun  8 2016 00:22:57
01:39:42.409 > 
01:39:42.409 > rst:0x10 (RTCWDT_RTC_RESET),boot:0x13 (SPI_FAST_FLASH_BOOT)
01:39:42.409 > flash read err, 1000
01:39:42.409 > ets_main.c 371 
01:39:42.747 > ets Jun  8 2016 00:22:57
01:39:42.750 > 
01:39:42.750 > rst:0x10 (RTCWDT_RTC_RESET),boot:0x13 (SPI_FAST_FLASH_BOOT)
01:39:42.755 > flash read err, 1000
01:39:42.757 > ets_main.c 371 
01:39:43.100 > ets Jun  8 2016 00:22:57
01:39:43.103 > 
01:39:43.103 > rst:0x10 (RTCWDT_RTC_RESET),boot:0x13 (SPI_FAST_FLASH_BOOT)
01:39:43.109 > flash read err, 1000
01:39:43.111 > ets_main.c 371 
01:39:43.453 > ets Jun  8 2016 00:22:57
01:39:43.457 > 
01:39:43.457 > rst:0x10 (RTCWDT_RTC_RESET),boot:0x13 (SPI_FAST_FLASH_BOOT)
01:39:43.462 > flash read err, 1000
01:39:43.464 > ets_main.c 371 
01:39:43.807 > ets Jun  8 2016 00:22:57
01:39:43.810 > 
01:39:43.810 > rst:0x10 (RTCWDT_RTC_RESET),boot:0x13 (SPI_FAST_FLASH_BOOT)
01:39:43.815 > flash read err, 1000
01:39:43.817 > ets_main.c 371 
01:39:44.160 > ets Jun  8 2016 00:22:57
01:39:44.164 > 
01:39:44.164 > rst:0x10 (RTCWDT_RTC_RESET),boot:0x13 (SPI_FAST_FLASH_BOOT)
01:39:44.168 > flash read err, 1000
01:39:44.171 > ets_main.c 371 
01:39:44.514 > ets Jun  8 2016 00:22:57
01:39:44.516 > 
01:39:44.516 > rst:0x10 (RTCWDT_RTC_RESET),boot:0x13 (SPI_FAST_FLASH_BOOT)
01:39:44.521 > flash read err, 1000
01:39:44.524 > ets_main.c 371 
01:39:44.867 > ets Jun  8 2016 00:22:57
01:39:44.870 > 
01:39:44.870 > rst:0x10 (RTCWDT_RTC_RESET),boot:0x13 (SPI_FAST_FLASH_BOOT)
01:39:44.875 > flash read err, 1000
01:39:44.877 > ets_main.c 371 
01:39:45.221 > ets Jun  8 2016 00:22:57
01:39:45.224 > 
01:39:45.224 > rst:0x10 (RTCWDT_RTC_RESET),boot:0x13 (SPI_FAST_FLASH_BOOT)
01:39:45.229 > flash read err, 1000
01:39:45.230 > ets_main.c 371 
01:39:45.574 > ets Jun  8 2016 00:22:57
01:39:45.576 > 
01:39:45.578 > rst:0x10 (RTCWDT_RTC_RESET),boot:0x13 (SPI_FAST_FLASH_BOOT)
01:39:45.582 > flash read err, 1000
01:39:45.584 > ets_main.c 371 
01:39:45.928 > ets Jun  8 2016 00:22:57
01:39:45.930 > 
01:39:45.930 > rst:0x10 (RTCWDT_RTC_RESET),boot:0x13 (SPI_FAST_FLASH_BOOT)
01:39:45.935 > flash read err, 1000
01:39:45.937 > ets_main.c 371 
01:39:46.281 > ets Jun  8 2016 00:22:57
01:39:46.283 > 
01:39:46.283 > rst:0x10 (RTCWDT_RTC_RESET),boot:0x13 (SPI_FAST_FLASH_BOOT)
01:39:46.289 > flash read err, 1000
01:39:46.291 > ets_main.c 371 
01:39:46.634 > ets Jun  8 2016 00:22:57
01:39:46.637 > 
01:39:46.637 > rst:0x10 (RTCWDT_RTC_RESET),boot:0x13 (SPI_FAST_FLASH_BOOT)
01:39:46.642 > flash read err, 1000
01:39:46.644 > ets_main.c 371 
01:39:46.988 > ets Jun  8 2016 00:22:57
01:39:46.990 > 
01:39:46.990 > rst:0x10 (RTCWDT_RTC_RESET),boot:0x13 (SPI_FAST_FLASH_BOOT)
01:39:46.996 > flash read err, 1000
01:39:46.997 > ets_main.c 371 
01:39:47.341 > ets Jun  8 2016 00:22:57
01:39:47.343 > 
01:39:47.344 > rst:0x10 (RTCWDT_RTC_RESET),boot:0x13 (SPI_FAST_FLASH_BOOT)
01:39:47.349 > flash read err, 1000
01:39:47.351 > ets_main.c 371 
01:39:47.694 > ets Jun  8 2016 00:22:57
01:39:47.698 > 
01:39:47.698 > rst:0x10 (RTCWDT_RTC_RESET),boot:0x13 (SPI_FAST_FLASH_BOOT)
01:39:47.702 > flash read err, 1000
01:39:47.704 > ets_main.c 371 
01:39:48.048 > ets Jun  8 2016 00:22:57
01:39:48.050 > 
01:39:48.050 > rst:0x10 (RTCWDT_RTC_RESET),boot:0x13 (SPI_FAST_FLASH_BOOT)
01:39:48.056 > flash read err, 1000
01:39:48.058 > ets_main.c 371 
01:39:48.401 > ets Jun  8 2016 00:22:57
01:39:48.404 > 
01:39:48.404 > rst:0x10 (RTCWDT_RTC_RESET),boot:0x13 (SPI_FAST_FLASH_BOOT)
01:39:48.409 > flash read err, 1000
01:39:48.411 > ets_main.c 371 
01:39:48.755 > ets Jun  8 2016 00:22:57
01:39:48.757 > 
01:39:48.757 > rst:0x10 (RTCWDT_RTC_RESET),boot:0x13 (SPI_FAST_FLASH_BOOT)
01:39:48.762 > flash read err, 1000
01:39:48.764 > ets_main.c 371 
01:39:49.108 > ets Jun  8 2016 00:22:57
01:39:49.110 > 
01:39:49.110 > rst:0x10 (RTCWDT_RTC_RESET),boot:0x13 (SPI_FAST_FLASH_BOOT)
01:39:49.116 > flash read err, 1000
01:39:49.118 > ets_main.c 371 
01:39:49.461 > ets Jun  8 2016 00:22:57
01:39:49.464 > 
01:39:49.464 > rst:0x10 (RTCWDT_RTC_RESET),boot:0x13 (SPI_FAST_FLASH_BOOT)
01:39:49.469 > flash read err, 1000
01:39:49.471 > ets_main.c 371 
01:39:49.814 > ets Jun  8 2016 00:22:57
01:39:49.817 > 
01:39:49.817 > rst:0x10 (RTCWDT_RTC_RESET),boot:0x13 (SPI_FAST_FLASH_BOOT)
01:39:49.822 > flash read err, 1000
01:39:49.824 > ets_main.c 371 
01:39:50.168 > ets Jun  8 2016 00:22:57
01:39:50.170 > 
01:39:50.170 > rst:0x10 (RTCWDT_RTC_RESET),boot:0x13 (SPI_FAST_FLASH_BOOT)
01:39:50.176 > flash read err, 1000
01:39:50.177 > ets_main.c 371 
01:39:50.521 > ets Jun  8 2016 00:22:57
01:39:50.523 > 
01:39:50.524 > rst:0x10 (RTCWDT_RTC_RESET),boot:0x13 (SPI_FAST_FLASH_BOOT)
01:39:50.529 > flash read err, 1000
01:39:50.531 > ets_main.c 371 
01:39:50.874 > ets Jun  8 2016 00:22:57
01:39:50.877 > 
01:39:50.877 > rst:0x10 (RTCWDT_RTC_RESET),boot:0x13 (SPI_FAST_FLASH_BOOT)
01:39:50.882 > flash read err, 1000
01:39:50.884 > ets_main.c 371 
01:39:51.228 > ets Jun  8 2016 00:22:57
01:39:51.230 > 
01:39:51.230 > rst:0x10 (RTCWDT_RTC_RESET),boot:0x13 (SPI_FAST_FLASH_BOOT)
01:39:51.236 > flash read err, 1000
01:39:51.237 > ets_main.c 371 
01:39:51.581 > ets Jun  8 2016 00:22:57
01:39:51.583 > 
01:39:51.584 > rst:0x10 (RTCWDT_RTC_RESET),boot:0x13 (SPI_FAST_FLASH_BOOT)
01:39:51.589 > flash read err, 1000
01:39:51.591 > ets_main.c 371 
01:39:51.934 > ets Jun  8 2016 00:22:57
01:39:51.937 > 
01:39:51.937 > rst:0x10 (RTCWDT_RTC_RESET),boot:0x13 (SPI_FAST_FLASH_BOOT)
01:39:51.942 > flash read err, 1000
01:39:51.944 > ets_main.c 371 
01:39:52.287 > ets Jun  8 2016 00:22:57
01:39:52.290 > 
01:39:52.290 > rst:0x10 (RTCWDT_RTC_RESET),boot:0x13 (SPI_FAST_FLASH_BOOT)
01:39:52.295 > flash read err, 1000
01:39:52.297 > ets_main.c 371 
01:39:52.641 > ets Jun  8 2016 00:22:57
01:39:52.643 > 
01:39:52.643 > rst:0x10 (RTCWDT_RTC_RESET),boot:0x13 (SPI_FAST_FLASH_BOOT)
01:39:52.649 > flash read err, 1000
01:39:52.650 > ets_main.c 371 
01:39:52.994 > ets Jun  8 2016 00:22:57
01:39:52.996 > 
01:39:52.997 > rst:0x10 (RTCWDT_RTC_RESET),boot:0x13 (SPI_FAST_FLASH_BOOT)
01:39:53.002 > flash read err, 1000
01:39:53.004 > ets_main.c 371 
01:39:53.347 > ets Jun  8 2016 00:22:57
01:39:53.350 > 
01:39:53.350 > rst:0x10 (RTCWDT_RTC_RESET),boot:0x13 (SPI_FAST_FLASH_BOOT)
01:39:53.355 > flash read err, 1000
01:39:53.357 > ets_main.c 371 
01:39:53.700 > ets Jun  8 2016 00:22:57
01:39:53.703 > 
01:39:53.703 > rst:0x10 (RTCWDT_RTC_RESET),boot:0x13 (SPI_FAST_FLASH_BOOT)
01:39:53.708 > flash read err, 1000
01:39:53.710 > ets_main.c 371 
01:39:54.054 > ets Jun  8 2016 00:22:57
01:39:54.056 > 
01:39:54.056 > rst:0x10 (RTCWDT_RTC_RESET),boot:0x13 (SPI_FAST_FLASH_BOOT)
01:39:54.062 > flash read err, 1000
01:39:54.064 > ets_main.c 371 
01:39:54.407 > ets Jun  8 2016 00:22:57
01:39:54.410 > 
01:39:54.410 > rst:0x10 (RTCWDT_RTC_RESET),boot:0x13 (SPI_FAST_FLASH_BOOT)
01:39:54.415 > flash read err, 1000
01:39:54.417 > ets_main.c 371 
01:39:54.760 > ets Jun  8 2016 00:22:57
01:39:54.763 > 
01:39:54.763 > rst:0x10 (RTCWDT_RTC_RESET),boot:0x13 (SPI_FAST_FLASH_BOOT)
01:39:54.768 > flash read err, 1000
01:39:54.770 > ets_main.c 371 
01:39:55.114 > ets Jun  8 2016 00:22:57
01:39:55.116 > 
01:39:55.116 > rst:0x10 (RTCWDT_RTC_RESET),boot:0x13 (SPI_FAST_FLASH_BOOT)
01:39:55.122 > flash read err, 1000
01:39:55.124 > ets_main.c 371 
01:39:55.467 > ets Jun  8 2016 00:22:57
01:39:55.469 > 
01:39:55.470 > rst:0x10 (RTCWDT_RTC_RESET),boot:0x13 (SPI_FAST_FLASH_BOOT)
01:39:55.475 > flash read err, 1000
01:39:55.477 > ets_main.c 371 
01:39:55.820 > ets Jun  8 2016 00:22:57
01:39:55.823 > 
01:39:55.823 > rst:0x10 (RTCWDT_RTC_RESET),boot:0x13 (SPI_FAST_FLASH_BOOT)
01:39:55.828 > flash read err, 1000
01:39:55.830 > ets_main.c 371 
01:39:56.173 > ets Jun  8 2016 00:22:57
01:39:56.176 > 
01:39:56.176 > rst:0x10 (RTCWDT_RTC_RESET),boot:0x13 (SPI_FAST_FLASH_BOOT)
01:39:56.182 > flash read err, 1000
01:39:56.183 > ets_main.c 371 
01:39:56.527 > ets Jun  8 2016 00:22:57
01:39:56.530 > 
01:39:56.530 > rst:0x10 (RTCWDT_RTC_RESET),boot:0x13 (SPI_FAST_FLASH_BOOT)
01:39:56.535 > flash read err, 1000
01:39:56.537 > ets_main.c 371 
01:39:56.880 > ets Jun  8 2016 00:22:57
01:39:56.883 > 
01:39:56.883 > rst:0x10 (RTCWDT_RTC_RESET),boot:0x13 (SPI_FAST_FLASH_BOOT)
01:39:56.888 > flash read err, 1000
01:39:56.890 > ets_main.c 371 
01:39:57.234 > ets Jun  8 2016 00:22:57
01:39:57.236 > 
01:39:57.236 > rst:0x10 (RTCWDT_RTC_RESET),boot:0x13 (SPI_FAST_FLASH_BOOT)
01:39:57.242 > flash read err, 1000
01:39:57.244 > ets_main.c 371 
01:39:57.587 > ets Jun  8 2016 00:22:57
01:39:57.590 > 
01:39:57.590 > rst:0x10 (RTCWDT_RTC_RESET),boot:0x13 (SPI_FAST_FLASH_BOOT)
01:39:57.595 > flash read err, 1000
01:39:57.597 > ets_main.c 371 
01:39:57.940 > ets Jun  8 2016 00:22:57
01:39:57.943 > 
01:39:57.943 > rst:0x10 (RTCWDT_RTC_RESET),boot:0x13 (SPI_FAST_FLASH_BOOT)
01:39:57.948 > flash read err, 1000
01:39:57.950 > ets_main.c 371 
01:39:58.294 > ets Jun  8 2016 00:22:57
01:39:58.296 > 
01:39:58.296 > rst:0x10 (RTCWDT_RTC_RESET),boot:0x13 (SPI_FAST_FLASH_BOOT)
01:39:58.302 > flash read err, 1000
01:39:58.303 > ets_main.c 371 
01:39:58.647 > ets Jun  8 2016 00:22:57
01:39:58.649 > 
01:39:58.650 > rst:0x10 (RTCWDT_RTC_RESET),boot:0x13 (SPI_FAST_FLASH_BOOT)
01:39:58.655 > flash read err, 1000
01:39:58.657 > ets_main.c 371 
01:39:59.000 > ets Jun  8 2016 00:22:57
01:39:59.003 > 
01:39:59.003 > rst:0x10 (RTCWDT_RTC_RESET),boot:0x13 (SPI_FAST_FLASH_BOOT)
01:39:59.008 > flash read err, 1000
01:39:59.010 > ets_main.c 371 
01:39:59.353 > ets Jun  8 2016 00:22:57
01:39:59.356 > 
01:39:59.356 > rst:0x10 (RTCWDT_RTC_RESET),boot:0x13 (SPI_FAST_FLASH_BOOT)
01:39:59.361 > flash read err, 1000
01:39:59.363 > ets_main.c 371 
01:39:59.706 > ets Jun  8 2016 00:22:57
01:39:59.709 > 
01:39:59.709 > rst:0x10 (RTCWDT_RTC_RESET),boot:0x13 (SPI_FAST_FLASH_BOOT)
01:39:59.715 > flash read err, 1000
01:39:59.716 > ets_main.c 371 
01:40:00.060 > ets Jun  8 2016 00:22:57
01:40:00.062 > 
01:40:00.063 > rst:0x10 (RTCWDT_RTC_RESET),boot:0x13 (SPI_FAST_FLASH_BOOT)
01:40:00.068 > flash read err, 1000
01:40:00.070 > ets_main.c 371 
01:40:00.413 > ets Jun  8 2016 00:22:57
01:40:00.416 > 
01:40:00.416 > rst:0x10 (RTCWDT_RTC_RESET),boot:0x13 (SPI_FAST_FLASH_BOOT)
01:40:00.421 > flash read err, 1000
01:40:00.423 > ets_main.c 371 
01:40:00.766 > ets Jun  8 2016 00:22:57
01:40:00.769 > 
01:40:00.769 > rst:0x10 (RTCWDT_RTC_RESET),boot:0x13 (SPI_FAST_FLASH_BOOT)
01:40:00.774 > flash read err, 1000
01:40:00.776 > ets_main.c 371 
01:40:01.119 > ets Jun  8 2016 00:22:57
01:40:01.122 > 
01:40:01.122 > rst:0x10 (RTCWDT_RTC_RESET),boot:0x13 (SPI_FAST_FLASH_BOOT)
01:40:01.128 > flash read err, 1000
01:40:01.129 > ets_main.c 371 
01:40:01.473 > ets Jun  8 2016 00:22:57
01:40:01.475 > 
01:40:01.476 > rst:0x10 (RTCWDT_RTC_RESET),boot:0x13 (SPI_FAST_FLASH_BOOT)
01:40:01.481 > flash read err, 1000
01:40:01.483 > ets_main.c 371 
01:40:01.826 > ets Jun  8 2016 00:22:57
01:40:01.829 > 
01:40:01.829 > rst:0x10 (RTCWDT_RTC_RESET),boot:0x13 (SPI_FAST_FLASH_BOOT)
01:40:01.834 > flash read err, 1000
01:40:01.836 > ets_main.c 371 
01:40:02.179 > ets Jun  8 2016 00:22:57
01:40:02.182 > 
01:40:02.182 > rst:0x10 (RTCWDT_RTC_RESET),boot:0x13 (SPI_FAST_FLASH_BOOT)
01:40:02.187 > flash read err, 1000
01:40:02.189 > ets_main.c 371 
01:40:02.532 > ets Jun  8 2016 00:22:57
01:40:02.535 > 
01:40:02.535 > rst:0x10 (RTCWDT_RTC_RESET),boot:0x13 (SPI_FAST_FLASH_BOOT)
01:40:02.541 > flash read err, 1000
01:40:02.543 > ets_main.c 371 
01:40:02.886 > ets Jun  8 2016 00:22:57
01:40:02.889 > 
01:40:02.889 > rst:0x10 (RTCWDT_RTC_RESET),boot:0x13 (SPI_FAST_FLASH_BOOT)
01:40:02.894 > flash read err, 1000
01:40:02.896 > ets_main.c 371 
01:40:03.239 > ets Jun  8 2016 00:22:57
01:40:03.242 > 
01:40:03.242 > rst:0x10 (RTCWDT_RTC_RESET),boot:0x13 (SPI_FAST_FLASH_BOOT)
01:40:03.247 > flash read err, 1000
01:40:03.249 > ets_main.c 371 
01:40:03.592 > ets Jun  8 2016 00:22:57
01:40:03.595 > 
01:40:03.595 > rst:0x10 (RTCWDT_RTC_RESET),boot:0x13 (SPI_FAST_FLASH_BOOT)
01:40:03.601 > flash read err, 1000
01:40:03.603 > ets_main.c 371 
01:40:03.946 > ets Jun  8 2016 00:22:57
01:40:03.949 > 
01:40:03.949 > rst:0x10 (RTCWDT_RTC_RESET),boot:0x13 (SPI_FAST_FLASH_BOOT)
01:40:03.954 > flash read err, 1000
01:40:03.956 > ets_main.c 371 
01:40:04.299 > ets Jun  8 2016 00:22:57
01:40:04.302 > 
01:40:04.302 > rst:0x10 (RTCWDT_RTC_RESET),boot:0x13 (SPI_FAST_FLASH_BOOT)
01:40:04.307 > flash read err, 1000
01:40:04.309 > ets_main.c 371 
01:40:04.652 > ets Jun  8 2016 00:22:57
01:40:04.655 > 
01:40:04.655 > rst:0x10 (RTCWDT_RTC_RESET),boot:0x13 (SPI_FAST_FLASH_BOOT)
01:40:04.661 > flash read err, 1000
01:40:04.663 > ets_main.c 371 
01:40:05.006 > ets Jun  8 2016 00:22:57
01:40:05.009 > 
01:40:05.009 > rst:0x10 (RTCWDT_RTC_RESET),boot:0x13 (SPI_FAST_FLASH_BOOT)
01:40:05.014 > flash read err, 1000
01:40:05.016 > ets_main.c 371 
01:40:05.359 > ets Jun  8 2016 00:22:57
01:40:05.362 > 
01:40:05.362 > rst:0x10 (RTCWDT_RTC_RESET),boot:0x13 (SPI_FAST_FLASH_BOOT)
01:40:05.367 > flash read err, 1000
01:40:05.369 > ets_main.c 371 
01:40:05.712 > ets Jun  8 2016 00:22:57
01:40:05.715 > 
01:40:05.716 > rst:0x10 (RTCWDT_RTC_RESET),boot:0x13 (SPI_FAST_FLASH_BOOT)
01:40:05.721 > flash read err, 1000
01:40:05.723 > ets_main.c 371 
01:40:06.066 > ets Jun  8 2016 00:22:57
01:40:06.069 > 
01:40:06.069 > rst:0x10 (RTCWDT_RTC_RESET),boot:0x13 (SPI_FAST_FLASH_BOOT)
01:40:06.074 > flash read err, 1000
01:40:06.076 > ets_main.c 371 
01:40:06.419 > ets Jun  8 2016 00:22:57
01:40:06.422 > 
01:40:06.422 > rst:0x10 (RTCWDT_RTC_RESET),boot:0x13 (SPI_FAST_FLASH_BOOT)
01:40:06.428 > flash read err, 1000
01:40:06.429 > ets_main.c 371 
01:40:06.772 > ets Jun  8 2016 00:22:57
01:40:06.775 > 
01:40:06.776 > rst:0x10 (RTCWDT_RTC_RESET),boot:0x13 (SPI_FAST_FLASH_BOOT)
01:40:06.781 > flash read err, 1000
01:40:06.783 > ets_main.c 371 
01:40:07.126 > ets Jun  8 2016 00:22:57
01:40:07.129 > 
01:40:07.129 > rst:0x10 (RTCWDT_RTC_RESET),boot:0x13 (SPI_FAST_FLASH_BOOT)
01:40:07.134 > flash read err, 1000
01:40:07.136 > ets_main.c 371 
01:40:07.479 > ets Jun  8 2016 00:22:57
01:40:07.482 > 
01:40:07.482 > rst:0x10 (RTCWDT_RTC_RESET),boot:0x13 (SPI_FAST_FLASH_BOOT)
01:40:07.487 > flash read err, 1000
01:40:07.489 > ets_main.c 371 
01:40:07.832 > ets Jun  8 2016 00:22:57
01:40:07.835 > 
01:40:07.836 > rst:0x10 (RTCWDT_RTC_RESET),boot:0x13 (SPI_FAST_FLASH_BOOT)
01:40:07.841 > flash read err, 1000
01:40:07.843 > ets_main.c 371 
01:40:08.186 > ets Jun  8 2016 00:22:57
01:40:08.189 > 
01:40:08.189 > rst:0x10 (RTCWDT_RTC_RESET),boot:0x13 (SPI_FAST_FLASH_BOOT)
01:40:08.194 > flash read err, 1000
01:40:08.196 > ets_main.c 371 
01:40:08.539 > ets Jun  8 2016 00:22:57
01:40:08.542 > 
01:40:08.542 > rst:0x10 (RTCWDT_RTC_RESET),boot:0x13 (SPI_FAST_FLASH_BOOT)
01:40:08.548 > flash read err, 1000
01:40:08.549 > ets_main.c 371 
01:40:08.892 > ets Jun  8 2016 00:22:57
01:40:08.895 > 
01:40:08.896 > rst:0x10 (RTCWDT_RTC_RESET),boot:0x13 (SPI_FAST_FLASH_BOOT)
01:40:08.901 > flash read err, 1000
01:40:08.903 > ets_main.c 371 
01:40:09.246 > ets Jun  8 2016 00:22:57
01:40:09.249 > 
01:40:09.249 > rst:0x10 (RTCWDT_RTC_RESET),boot:0x13 (SPI_FAST_FLASH_BOOT)
01:40:09.254 > flash read err, 1000
01:40:09.256 > ets_main.c 371 
01:40:09.599 > ets Jun  8 2016 00:22:57
01:40:09.602 > 
01:40:09.602 > rst:0x10 (RTCWDT_RTC_RESET),boot:0x13 (SPI_FAST_FLASH_BOOT)
01:40:09.608 > flash read err, 1000
01:40:09.609 > ets_main.c 371 
01:40:09.952 > ets Jun  8 2016 00:22:57
01:40:09.955 > 
01:40:09.956 > rst:0x10 (RTCWDT_RTC_RESET),boot:0x13 (SPI_FAST_FLASH_BOOT)
01:40:09.961 > flash read err, 1000
01:40:09.963 > ets_main.c 371 
01:40:10.306 > ets Jun  8 2016 00:22:57
01:40:10.309 > 
01:40:10.309 > rst:0x10 (RTCWDT_RTC_RESET),boot:0x13 (SPI_FAST_FLASH_BOOT)
01:40:10.314 > flash read err, 1000
01:40:10.316 > ets_main.c 371 
01:40:10.659 > ets Jun  8 2016 00:22:57
01:40:10.662 > 
01:40:10.662 > rst:0x10 (RTCWDT_RTC_RESET),boot:0x13 (SPI_FAST_FLASH_BOOT)
01:40:10.668 > flash read err, 1000
01:40:10.670 > ets_main.c 371 
01:40:11.013 > ets Jun  8 2016 00:22:57
01:40:11.016 > 
01:40:11.016 > rst:0x10 (RTCWDT_RTC_RESET),boot:0x13 (SPI_FAST_FLASH_BOOT)
01:40:11.021 > flash read err, 1000
01:40:11.023 > ets_main.c 371 
01:40:11.366 > ets Jun  8 2016 00:22:57
01:40:11.369 > 
01:40:11.369 > rst:0x10 (RTCWDT_RTC_RESET),boot:0x13 (SPI_FAST_FLASH_BOOT)
01:40:11.374 > flash read err, 1000
01:40:11.376 > ets_main.c 371 
01:40:11.719 > ets Jun  8 2016 00:22:57
01:40:11.722 > 
01:40:11.723 > rst:0x10 (RTCWDT_RTC_RESET),boot:0x13 (SPI_FAST_FLASH_BOOT)
01:40:11.728 > flash read err, 1000
01:40:11.730 > ets_main.c 371 
