02:03:52.014 > ets Jun  8 2016 00:22:57
02:03:52.017 > 
02:03:52.017 > rst:0x1 (POWERON_RESET),boot:0x13 (SPI_FAST_FLASH_BOOT)
02:03:52.022 > configsip: 0, SPIWP:0xee
02:03:52.024 > clk_drv:0x00,q_drv:0x00,d_drv:0x00,cs0_drv:0x00,hd_drv:0x00,wp_drv:0x00
02:03:52.031 > mode:DIO, clock div:2
02:03:52.033 > load:0x3fff0018,len:4
02:03:52.034 > load:0x3fff001c,len:1044
02:03:52.037 > load:0x40078000,len:10124
02:03:52.039 > load:0x40080400,len:5828
02:03:52.041 > entry 0x400806a8
02:03:53.174 > Failed to detect and initialize sensor!
02:03:54.175 > Failed to detect and initialize sensor!
02:03:55.176 > Failed to detect and initialize sensor!
02:03:56.177 > Failed to detect and initialize sensor!
02:03:57.178 > Failed to detect and initialize sensor!
02:03:58.179 > Failed to detect and initialize sensor!
02:03:59.179 > Failed to detect and initialize sensor!
02:04:00.180 > Failed to detect and initialize sensor!
02:04:01.181 > Failed to detect and initialize sensor!
02:04:02.182 > Failed to detect and initialize sensor!
02:04:03.183 > Failed to detect and initialize sensor!
02:04:04.184 > Failed to detect and initialize sensor!
02:04:05.185 > Failed to detect and initialize sensor!
02:04:06.186 > Failed to detect and initialize sensor!
02:04:07.186 > Failed to detect and initialize sensor!
02:04:08.187 > Failed to detect and initialize sensor!
02:04:09.188 > Failed to detect and initialize sensor!
02:04:10.189 > Failed to detect and initialize sensor!
02:04:11.190 > Failed to detect and initialize sensor!
02:04:12.191 > Failed to detect and initialize sensor!
02:04:13.192 > Failed to detect and initialize sensor!
02:04:14.193 > Failed to detect and initialize sensor!
02:04:15.193 > Failed to detect and initialize sensor!
02:04:16.193 > Failed to detect and initialize sensor!
02:04:17.194 > Failed to detect and initialize sensor!
02:04:18.194 > Guru Meditation Error: Core  1 panic'ed (IllegalInstruction). Exception was unhandled.
02:04:18.202 > Memory dump at 0x400d2668: ffffffff ffffffff ffffffff
02:04:18.207 > Core 1 register dump:
02:04:18.209 > PC      : 0x400d266c  PS      : 0x00060130  A0      : 0x800d2c58  A1      : 0x3ffb1e70  
02:04:18.216 > A2      : 0x3ffbdc54  A3      : 0x00000015  A4      : 0x00000029  A5      : 0x3ffc00be  
02:04:18.224 > A6      : 0x00000001  A7      : 0x3ffbdc54  A8      : 0x00000000  A9      : 0x3ffb1e50  
02:04:18.232 > A10     : 0x0000001e  A11     : 0x00000000  A12     : 0x00000000  A13     : 0x3ffb84c4  
02:04:18.240 > A14     : 0x00000000  A15     : 0x00420029  SAR     : 0x0000000b  EXCCAUSE: 0x00000000  
02:04:18.248 > EXCVADDR: 0x00000000  LBEG    : 0x4000c2e0  LEND    : 0x4000c2f6  LCOUNT  : 0x00000000  
02:04:18.255 > 
02:04:18.256 > ELF file SHA256: 0000000000000000
02:04:18.259 > 
02:04:18.259 > Backtrace: 0x400d266c:0x3ffb1e70 0x400d2c55:0x3ffb1e90 0x400d2f14:0x3ffb1ec0 0x400d10a5:0x3ffb1ee0 0x400d10f9:0x3ffb1f00 0x400d11f1:0x3ffb1f20 0x400d13ac:0x3ffb1f40 0x400d191d:0x3ffb1f60 0x400d0dfe:0x3ffb1f80 0x400d3aae:0x3ffb1fb0 0x40086a75:0x3ffb1fd0
02:04:18.281 > 
02:04:18.281 > Rebooting...
02:04:18.283 > ets Jun  8 2016 00:22:57
02:04:18.285 > 
02:04:18.285 > rst:0xc (SW_CPU_RESET),boot:0x13 (SPI_FAST_FLASH_BOOT)
02:04:18.290 > flash read err, 1000
02:04:18.292 > ets_main.c 371 
02:04:19.198 > ets Jun  8 2016 00:22:57
02:04:19.201 > 
02:04:19.201 > rst:0x10 (RTCWDT_RTC_RESET),boot:0x13 (SPI_FAST_FLASH_BOOT)
02:04:19.206 > flash read err, 1000
02:04:19.208 > ets_main.c 371 
02:04:19.556 > ets Jun  8 2016 00:22:57
02:04:19.559 > 
02:04:19.559 > rst:0x10 (RTCWDT_RTC_RESET),boot:0x13 (SPI_FAST_FLASH_BOOT)
02:04:19.564 > flash read err, 1000
02:04:19.566 > ets_main.c 371 
02:04:19.914 > ets Jun  8 2016 00:22:57
02:04:19.917 > 
02:04:19.917 > rst:0x10 (RTCWDT_RTC_RESET),boot:0x13 (SPI_FAST_FLASH_BOOT)
02:04:19.922 > flash read err, 1000
02:04:19.924 > ets_main.c 371 
02:04:20.272 > ets Jun  8 2016 00:22:57
02:04:20.274 > 
02:04:20.275 > rst:0x10 (RTCWDT_RTC_RESET),boot:0x13 (SPI_FAST_FLASH_BOOT)
02:04:20.280 > flash read err, 1000
02:04:20.282 > ets_main.c 371 
02:04:20.630 > ets Jun  8 2016 00:22:57
02:04:20.632 > 
02:04:20.632 > rst:0x10 (RTCWDT_RTC_RESET),boot:0x13 (SPI_FAST_FLASH_BOOT)
02:04:20.638 > flash read err, 1000
02:04:20.639 > ets_main.c 371 
02:04:20.987 > ets Jun  8 2016 00:22:57
02:04:20.990 > 
02:04:20.990 > rst:0x10 (RTCWDT_RTC_RESET),boot:0x13 (SPI_FAST_FLASH_BOOT)
02:04:20.995 > flash read err, 1000
02:04:20.997 > ets_main.c 371 
02:04:21.345 > ets Jun  8 2016 00:22:57
02:04:21.348 > 
02:04:21.348 > rst:0x10 (RTCWDT_RTC_RESET),boot:0x13 (SPI_FAST_FLASH_BOOT)
02:04:21.353 > flash read err, 1000
02:04:21.355 > ets_main.c 371 
02:04:21.703 > ets Jun  8 2016 00:22:57
02:04:21.706 > 
02:04:21.706 > rst:0x10 (RTCWDT_RTC_RESET),boot:0x13 (SPI_FAST_FLASH_BOOT)
02:04:21.711 > flash read err, 1000
02:04:21.713 > ets_main.c 371 
02:04:22.061 > ets Jun  8 2016 00:22:57
02:04:22.063 > 
02:04:22.064 > rst:0x10 (RTCWDT_RTC_RESET),boot:0x13 (SPI_FAST_FLASH_BOOT)
02:04:22.069 > flash read err, 1000
02:04:22.071 > ets_main.c 371 
02:04:22.418 > ets Jun  8 2016 00:22:57
02:04:22.421 > 
02:04:22.421 > rst:0x10 (RTCWDT_RTC_RESET),boot:0x13 (SPI_FAST_FLASH_BOOT)
02:04:22.426 > flash read err, 1000
02:04:22.428 > ets_main.c 371 
02:04:22.776 > ets Jun  8 2016 00:22:57
02:04:22.779 > 
02:04:22.779 > rst:0x10 (RTCWDT_RTC_RESET),boot:0x13 (SPI_FAST_FLASH_BOOT)
02:04:22.784 > flash read err, 1000
02:04:22.786 > ets_main.c 371 
02:04:23.134 > ets Jun  8 2016 00:22:57
02:04:23.137 > 
02:04:23.137 > rst:0x10 (RTCWDT_RTC_RESET),boot:0x13 (SPI_FAST_FLASH_BOOT)
02:04:23.142 > flash read err, 1000
02:04:23.144 > ets_main.c 371 
02:04:23.492 > ets Jun  8 2016 00:22:57
02:04:23.494 > 
02:04:23.495 > rst:0x10 (RTCWDT_RTC_RESET),boot:0x13 (SPI_FAST_FLASH_BOOT)
02:04:23.500 > flash read err, 1000
02:04:23.502 > ets_main.c 371 
02:04:23.849 > ets Jun  8 2016 00:22:57
02:04:23.852 > 
02:04:23.852 > rst:0x10 (RTCWDT_RTC_RESET),boot:0x13 (SPI_FAST_FLASH_BOOT)
02:04:23.857 > flash read err, 1000
02:04:23.859 > ets_main.c 371 
02:04:24.207 > ets Jun  8 2016 00:22:57
02:04:24.210 > 
02:04:24.210 > rst:0x10 (RTCWDT_RTC_RESET),boot:0x13 (SPI_FAST_FLASH_BOOT)
02:04:24.215 > flash read err, 1000
02:04:24.217 > ets_main.c 371 
02:04:24.565 > ets Jun  8 2016 00:22:57
02:04:24.567 > 
02:04:24.568 > rst:0x10 (RTCWDT_RTC_RESET),boot:0x13 (SPI_FAST_FLASH_BOOT)
02:04:24.573 > flash read err, 1000
02:04:24.575 > ets_main.c 371 
02:04:24.922 > ets Jun  8 2016 00:22:57
02:04:24.925 > 
02:04:24.925 > rst:0x10 (RTCWDT_RTC_RESET),boot:0x13 (SPI_FAST_FLASH_BOOT)
02:04:24.930 > flash read err, 1000
02:04:24.932 > ets_main.c 371 
02:04:25.280 > ets Jun  8 2016 00:22:57
02:04:25.283 > 
02:04:25.283 > rst:0x10 (RTCWDT_RTC_RESET),boot:0x13 (SPI_FAST_FLASH_BOOT)
02:04:25.288 > flash read err, 1000
02:04:25.290 > ets_main.c 371 
02:04:25.638 > ets Jun  8 2016 00:22:57
02:04:25.641 > 
02:04:25.641 > rst:0x10 (RTCWDT_RTC_RESET),boot:0x13 (SPI_FAST_FLASH_BOOT)
02:04:25.646 > flash read err, 1000
02:04:25.648 > ets_main.c 371 
02:04:25.995 > ets Jun  8 2016 00:22:57
02:04:25.998 > 
02:04:25.998 > rst:0x10 (RTCWDT_RTC_RESET),boot:0x13 (SPI_FAST_FLASH_BOOT)
02:04:26.004 > flash read err, 1000
02:04:26.005 > ets_main.c 371 
02:04:26.353 > ets Jun  8 2016 00:22:57
02:04:26.356 > 
02:04:26.356 > rst:0x10 (RTCWDT_RTC_RESET),boot:0x13 (SPI_FAST_FLASH_BOOT)
02:04:26.361 > flash read err, 1000
02:04:26.363 > ets_main.c 371 
02:04:26.711 > ets Jun  8 2016 00:22:57
02:04:26.714 > 
02:04:26.714 > rst:0x10 (RTCWDT_RTC_RESET),boot:0x13 (SPI_FAST_FLASH_BOOT)
02:04:26.719 > flash read err, 1000
02:04:26.721 > ets_main.c 371 
02:04:27.068 > ets Jun  8 2016 00:22:57
02:04:27.071 > 
02:04:27.072 > rst:0x10 (RTCWDT_RTC_RESET),boot:0x13 (SPI_FAST_FLASH_BOOT)
02:04:27.077 > flash read err, 1000
02:04:27.079 > ets_main.c 371 
02:04:27.426 > ets Jun  8 2016 00:22:57
02:04:27.429 > 
02:04:27.429 > rst:0x10 (RTCWDT_RTC_RESET),boot:0x13 (SPI_FAST_FLASH_BOOT)
02:04:27.434 > flash read err, 1000
02:04:27.436 > ets_main.c 371 
02:04:27.784 > ets Jun  8 2016 00:22:57
02:04:27.787 > 
02:04:27.787 > rst:0x10 (RTCWDT_RTC_RESET),boot:0x13 (SPI_FAST_FLASH_BOOT)
02:04:27.792 > flash read err, 1000
02:04:27.794 > ets_main.c 371 
02:04:28.142 > ets Jun  8 2016 00:22:57
02:04:28.145 > 
02:04:28.145 > rst:0x10 (RTCWDT_RTC_RESET),boot:0x13 (SPI_FAST_FLASH_BOOT)
02:04:28.150 > flash read err, 1000
02:04:28.152 > ets_main.c 371 
02:04:28.499 > ets Jun  8 2016 00:22:57
02:04:28.502 > 
02:04:28.503 > rst:0x10 (RTCWDT_RTC_RESET),boot:0x13 (SPI_FAST_FLASH_BOOT)
02:04:28.508 > flash read err, 1000
02:04:28.510 > ets_main.c 371 
02:04:28.857 > ets Jun  8 2016 00:22:57
02:04:28.860 > 
02:04:28.860 > rst:0x10 (RTCWDT_RTC_RESET),boot:0x13 (SPI_FAST_FLASH_BOOT)
02:04:28.866 > flash read err, 1000
02:04:28.867 > ets_main.c 371 
02:04:29.215 > ets Jun  8 2016 00:22:57
02:04:29.217 > 
02:04:29.217 > rst:0x10 (RTCWDT_RTC_RESET),boot:0x13 (SPI_FAST_FLASH_BOOT)
02:04:29.222 > flash read err, 1000
02:04:29.224 > ets_main.c 371 
02:04:29.572 > ets Jun  8 2016 00:22:57
02:04:29.576 > 
02:04:29.576 > rst:0x10 (RTCWDT_RTC_RESET),boot:0x13 (SPI_FAST_FLASH_BOOT)
02:04:29.581 > flash read err, 1000
02:04:29.582 > ets_main.c 371 
02:04:29.930 > ets Jun  8 2016 00:22:57
02:04:29.932 > 
02:04:29.932 > rst:0x10 (RTCWDT_RTC_RESET),boot:0x13 (SPI_FAST_FLASH_BOOT)
02:04:29.938 > flash read err, 1000
02:04:29.940 > ets_main.c 371 
02:04:30.288 > ets Jun  8 2016 00:22:57
02:04:30.290 > 
02:04:30.290 > rst:0x10 (RTCWDT_RTC_RESET),boot:0x13 (SPI_FAST_FLASH_BOOT)
02:04:30.295 > flash read err, 1000
02:04:30.297 > ets_main.c 371 
02:04:30.645 > ets Jun  8 2016 00:22:57
02:04:30.648 > 
02:04:30.648 > rst:0x10 (RTCWDT_RTC_RESET),boot:0x13 (SPI_FAST_FLASH_BOOT)
02:04:30.653 > flash read err, 1000
02:04:30.655 > ets_main.c 371 
02:04:31.003 > ets Jun  8 2016 00:22:57
02:04:31.005 > 
02:04:31.005 > rst:0x10 (RTCWDT_RTC_RESET),boot:0x13 (SPI_FAST_FLASH_BOOT)
02:04:31.011 > flash read err, 1000
02:04:31.012 > ets_main.c 371 
02:04:31.360 > ets Jun  8 2016 00:22:57
02:04:31.363 > 
02:04:31.363 > rst:0x10 (RTCWDT_RTC_RESET),boot:0x13 (SPI_FAST_FLASH_BOOT)
02:04:31.368 > flash read err, 1000
02:04:31.370 > ets_main.c 371 
02:04:31.718 > ets Jun  8 2016 00:22:57
02:04:31.720 > 
02:04:31.721 > rst:0x10 (RTCWDT_RTC_RESET),boot:0x13 (SPI_FAST_FLASH_BOOT)
02:04:31.726 > flash read err, 1000
02:04:31.728 > ets_main.c 371 
02:04:32.076 > ets Jun  8 2016 00:22:57
02:04:32.078 > 
02:04:32.078 > rst:0x10 (RTCWDT_RTC_RESET),boot:0x13 (SPI_FAST_FLASH_BOOT)
02:04:32.083 > flash read err, 1000
02:04:32.085 > ets_main.c 371 
02:04:32.433 > ets Jun  8 2016 00:22:57
02:04:32.436 > 
02:04:32.436 > rst:0x10 (RTCWDT_RTC_RESET),boot:0x13 (SPI_FAST_FLASH_BOOT)
02:04:32.441 > flash read err, 1000
02:04:32.443 > ets_main.c 371 
02:04:32.791 > ets Jun  8 2016 00:22:57
02:04:32.793 > 
02:04:32.794 > rst:0x10 (RTCWDT_RTC_RESET),boot:0x13 (SPI_FAST_FLASH_BOOT)
02:04:32.799 > flash read err, 1000
02:04:32.801 > ets_main.c 371 
02:04:33.149 > ets Jun  8 2016 00:22:57
02:04:33.151 > 
02:04:33.151 > rst:0x10 (RTCWDT_RTC_RESET),boot:0x13 (SPI_FAST_FLASH_BOOT)
02:04:33.157 > flash read err, 1000
02:04:33.158 > ets_main.c 371 
02:04:33.507 > ets Jun  8 2016 00:22:57
02:04:33.509 > 
02:04:33.509 > rst:0x10 (RTCWDT_RTC_RESET),boot:0x13 (SPI_FAST_FLASH_BOOT)
02:04:33.514 > flash read err, 1000
02:04:33.516 > ets_main.c 371 
02:04:33.864 > ets Jun  8 2016 00:22:57
02:04:33.867 > 
02:04:33.867 > rst:0x10 (RTCWDT_RTC_RESET),boot:0x13 (SPI_FAST_FLASH_BOOT)
02:04:33.872 > flash read err, 1000
02:04:33.874 > ets_main.c 371 
02:04:34.222 > ets Jun  8 2016 00:22:57
02:04:34.224 > 
02:04:34.225 > rst:0x10 (RTCWDT_RTC_RESET),boot:0x13 (SPI_FAST_FLASH_BOOT)
02:04:34.230 > flash read err, 1000
02:04:34.232 > ets_main.c 371 
02:04:34.580 > ets Jun  8 2016 00:22:57
02:04:34.582 > 
02:04:34.582 > rst:0x10 (RTCWDT_RTC_RESET),boot:0x13 (SPI_FAST_FLASH_BOOT)
02:04:34.587 > flash read err, 1000
02:04:34.589 > ets_main.c 371 
02:04:34.937 > ets Jun  8 2016 00:22:57
02:04:34.940 > 
02:04:34.940 > rst:0x10 (RTCWDT_RTC_RESET),boot:0x13 (SPI_FAST_FLASH_BOOT)
02:04:34.945 > flash read err, 1000
02:04:34.947 > ets_main.c 371 
02:04:35.295 > ets Jun  8 2016 00:22:57
02:04:35.297 > 
02:04:35.298 > rst:0x10 (RTCWDT_RTC_RESET),boot:0x13 (SPI_FAST_FLASH_BOOT)
02:04:35.303 > flash read err, 1000
02:04:35.305 > ets_main.c 371 
02:04:35.653 > ets Jun  8 2016 00:22:57
02:04:35.655 > 
02:04:35.655 > rst:0x10 (RTCWDT_RTC_RESET),boot:0x13 (SPI_FAST_FLASH_BOOT)
02:04:35.661 > flash read err, 1000
02:04:35.662 > ets_main.c 371 
02:04:36.010 > ets Jun  8 2016 00:22:57
02:04:36.013 > 
02:04:36.013 > rst:0x10 (RTCWDT_RTC_RESET),boot:0x13 (SPI_FAST_FLASH_BOOT)
02:04:36.018 > flash read err, 1000
02:04:36.020 > ets_main.c 371 
02:04:36.368 > ets Jun  8 2016 00:22:57
02:04:36.371 > 
02:04:36.371 > rst:0x10 (RTCWDT_RTC_RESET),boot:0x13 (SPI_FAST_FLASH_BOOT)
02:04:36.376 > flash read err, 1000
02:04:36.378 > ets_main.c 371 
02:04:36.726 > ets Jun  8 2016 00:22:57
02:04:36.729 > 
02:04:36.729 > rst:0x10 (RTCWDT_RTC_RESET),boot:0x13 (SPI_FAST_FLASH_BOOT)
02:04:36.734 > flash read err, 1000
02:04:36.736 > ets_main.c 371 
02:04:37.084 > ets Jun  8 2016 00:22:57
02:04:37.086 > 
02:04:37.087 > rst:0x10 (RTCWDT_RTC_RESET),boot:0x13 (SPI_FAST_FLASH_BOOT)
02:04:37.092 > flash read err, 1000
02:04:37.094 > ets_main.c 371 
02:04:37.441 > ets Jun  8 2016 00:22:57
02:04:37.444 > 
02:04:37.444 > rst:0x10 (RTCWDT_RTC_RESET),boot:0x13 (SPI_FAST_FLASH_BOOT)
02:04:37.449 > flash read err, 1000
02:04:37.451 > ets_main.c 371 
02:04:37.799 > ets Jun  8 2016 00:22:57
02:04:37.802 > 
02:04:37.802 > rst:0x10 (RTCWDT_RTC_RESET),boot:0x13 (SPI_FAST_FLASH_BOOT)
02:04:37.807 > flash read err, 1000
02:04:37.809 > ets_main.c 371 
02:04:38.157 > ets Jun  8 2016 00:22:57
02:04:38.160 > 
02:04:38.160 > rst:0x10 (RTCWDT_RTC_RESET),boot:0x13 (SPI_FAST_FLASH_BOOT)
02:04:38.165 > flash read err, 1000
02:04:38.167 > ets_main.c 371 
02:04:38.515 > ets Jun  8 2016 00:22:57
02:04:38.517 > 
02:04:38.517 > rst:0x10 (RTCWDT_RTC_RESET),boot:0x13 (SPI_FAST_FLASH_BOOT)
02:04:38.523 > flash read err, 1000
02:04:38.525 > ets_main.c 371 
02:04:38.872 > ets Jun  8 2016 00:22:57
02:04:38.875 > 
02:04:38.875 > rst:0x10 (RTCWDT_RTC_RESET),boot:0x13 (SPI_FAST_FLASH_BOOT)
02:04:38.880 > flash read err, 1000
02:04:38.882 > ets_main.c 371 
02:04:39.230 > ets Jun  8 2016 00:22:57
02:04:39.233 > 
02:04:39.233 > rst:0x10 (RTCWDT_RTC_RESET),boot:0x13 (SPI_FAST_FLASH_BOOT)
02:04:39.238 > flash read err, 1000
02:04:39.240 > ets_main.c 371 
02:04:39.588 > ets Jun  8 2016 00:22:57
02:04:39.591 > 
02:04:39.591 > rst:0x10 (RTCWDT_RTC_RESET),boot:0x13 (SPI_FAST_FLASH_BOOT)
02:04:39.596 > flash read err, 1000
02:04:39.598 > ets_main.c 371 
02:04:39.945 > ets Jun  8 2016 00:22:57
02:04:39.948 > 
02:04:39.948 > rst:0x10 (RTCWDT_RTC_RESET),boot:0x13 (SPI_FAST_FLASH_BOOT)
02:04:39.954 > flash read err, 1000
02:04:39.956 > ets_main.c 371 
02:04:40.303 > ets Jun  8 2016 00:22:57
02:04:40.306 > 
02:04:40.306 > rst:0x10 (RTCWDT_RTC_RESET),boot:0x13 (SPI_FAST_FLASH_BOOT)
02:04:40.311 > flash read err, 1000
02:04:40.313 > ets_main.c 371 
02:04:40.661 > ets Jun  8 2016 00:22:57
02:04:40.664 > 
02:04:40.664 > rst:0x10 (RTCWDT_RTC_RESET),boot:0x13 (SPI_FAST_FLASH_BOOT)
02:04:40.669 > flash read err, 1000
02:04:40.671 > ets_main.c 371 
02:04:41.019 > ets Jun  8 2016 00:22:57
02:04:41.022 > 
02:04:41.022 > rst:0x10 (RTCWDT_RTC_RESET),boot:0x13 (SPI_FAST_FLASH_BOOT)
02:04:41.027 > flash read err, 1000
02:04:41.029 > ets_main.c 371 
02:04:41.377 > ets Jun  8 2016 00:22:57
02:04:41.379 > 
02:04:41.380 > rst:0x10 (RTCWDT_RTC_RESET),boot:0x13 (SPI_FAST_FLASH_BOOT)
02:04:41.385 > flash read err, 1000
02:04:41.387 > ets_main.c 371 
02:04:41.734 > ets Jun  8 2016 00:22:57
02:04:41.737 > 
02:04:41.737 > rst:0x10 (RTCWDT_RTC_RESET),boot:0x13 (SPI_FAST_FLASH_BOOT)
02:04:41.743 > flash read err, 1000
02:04:41.744 > ets_main.c 371 
02:04:42.092 > ets Jun  8 2016 00:22:57
02:04:42.095 > 
02:04:42.095 > rst:0x10 (RTCWDT_RTC_RESET),boot:0x13 (SPI_FAST_FLASH_BOOT)
02:04:42.100 > flash read err, 1000
02:04:42.102 > ets_main.c 371 
02:04:42.449 > ets Jun  8 2016 00:22:57
02:04:42.452 > 
02:04:42.453 > rst:0x10 (RTCWDT_RTC_RESET),boot:0x13 (SPI_FAST_FLASH_BOOT)
02:04:42.458 > flash read err, 1000
02:04:42.460 > ets_main.c 371 
02:04:42.807 > ets Jun  8 2016 00:22:57
02:04:42.810 > 
02:04:42.810 > rst:0x10 (RTCWDT_RTC_RESET),boot:0x13 (SPI_FAST_FLASH_BOOT)
02:04:42.816 > flash read err, 1000
02:04:42.817 > ets_main.c 371 
02:04:43.165 > ets Jun  8 2016 00:22:57
02:04:43.168 > 
02:04:43.168 > rst:0x10 (RTCWDT_RTC_RESET),boot:0x13 (SPI_FAST_FLASH_BOOT)
02:04:43.173 > flash read err, 1000
02:04:43.175 > ets_main.c 371 
02:04:43.523 > ets Jun  8 2016 00:22:57
02:04:43.526 > 
02:04:43.526 > rst:0x10 (RTCWDT_RTC_RESET),boot:0x13 (SPI_FAST_FLASH_BOOT)
02:04:43.531 > flash read err, 1000
02:04:43.533 > ets_main.c 371 
02:04:43.880 > ets Jun  8 2016 00:22:57
02:04:43.883 > 
02:04:43.884 > rst:0x10 (RTCWDT_RTC_RESET),boot:0x13 (SPI_FAST_FLASH_BOOT)
02:04:43.889 > flash read err, 1000
02:04:43.891 > ets_main.c 371 
02:04:44.238 > ets Jun  8 2016 00:22:57
02:04:44.241 > 
02:04:44.241 > rst:0x10 (RTCWDT_RTC_RESET),boot:0x13 (SPI_FAST_FLASH_BOOT)
02:04:44.247 > flash read err, 1000
02:04:44.248 > ets_main.c 371 
02:04:44.596 > ets Jun  8 2016 00:22:57
02:04:44.599 > 
02:04:44.599 > rst:0x10 (RTCWDT_RTC_RESET),boot:0x13 (SPI_FAST_FLASH_BOOT)
02:04:44.604 > flash read err, 1000
02:04:44.606 > ets_main.c 371 
02:04:44.954 > ets Jun  8 2016 00:22:57
02:04:44.957 > 
02:04:44.957 > rst:0x10 (RTCWDT_RTC_RESET),boot:0x13 (SPI_FAST_FLASH_BOOT)
02:04:44.962 > flash read err, 1000
02:04:44.964 > ets_main.c 371 
02:04:45.311 > ets Jun  8 2016 00:22:57
02:04:45.315 > 
02:04:45.315 > rst:0x10 (RTCWDT_RTC_RESET),boot:0x13 (SPI_FAST_FLASH_BOOT)
02:04:45.320 > flash read err, 1000
02:04:45.322 > ets_main.c 371 
02:04:45.669 > ets Jun  8 2016 00:22:57
02:04:45.672 > 
02:04:45.672 > rst:0x10 (RTCWDT_RTC_RESET),boot:0x13 (SPI_FAST_FLASH_BOOT)
02:04:45.677 > flash read err, 1000
02:04:45.679 > ets_main.c 371 
02:04:46.027 > ets Jun  8 2016 00:22:57
02:04:46.030 > 
02:04:46.030 > rst:0x10 (RTCWDT_RTC_RESET),boot:0x13 (SPI_FAST_FLASH_BOOT)
02:04:46.035 > flash read err, 1000
02:04:46.037 > ets_main.c 371 
02:04:46.384 > ets Jun  8 2016 00:22:57
02:04:46.386 > 
02:04:46.387 > rst:0x10 (RTCWDT_RTC_RESET),boot:0x13 (SPI_FAST_FLASH_BOOT)
02:04:46.392 > flash read err, 1000
02:04:46.394 > ets_main.c 371 
02:04:46.742 > ets Jun  8 2016 00:22:57
02:04:46.744 > 
02:04:46.744 > rst:0x10 (RTCWDT_RTC_RESET),boot:0x13 (SPI_FAST_FLASH_BOOT)
02:04:46.749 > flash read err, 1000
02:04:46.751 > ets_main.c 371 
02:04:47.099 > ets Jun  8 2016 00:22:57
02:04:47.102 > 
02:04:47.102 > rst:0x10 (RTCWDT_RTC_RESET),boot:0x13 (SPI_FAST_FLASH_BOOT)
02:04:47.107 > flash read err, 1000
02:04:47.109 > ets_main.c 371 
02:04:47.457 > ets Jun  8 2016 00:22:57
02:04:47.459 > 
02:04:47.459 > rst:0x10 (RTCWDT_RTC_RESET),boot:0x13 (SPI_FAST_FLASH_BOOT)
02:04:47.465 > flash read err, 1000
02:04:47.467 > ets_main.c 371 
02:04:47.815 > ets Jun  8 2016 00:22:57
02:04:47.817 > 
02:04:47.817 > rst:0x10 (RTCWDT_RTC_RESET),boot:0x13 (SPI_FAST_FLASH_BOOT)
02:04:47.822 > flash read err, 1000
02:04:47.824 > ets_main.c 371 
02:04:48.172 > ets Jun  8 2016 00:22:57
02:04:48.175 > 
02:04:48.175 > rst:0x10 (RTCWDT_RTC_RESET),boot:0x13 (SPI_FAST_FLASH_BOOT)
02:04:48.180 > flash read err, 1000
02:04:48.182 > ets_main.c 371 
02:04:48.530 > ets Jun  8 2016 00:22:57
02:04:48.532 > 
02:04:48.532 > rst:0x10 (RTCWDT_RTC_RESET),boot:0x13 (SPI_FAST_FLASH_BOOT)
02:04:48.537 > flash read err, 1000
02:04:48.539 > ets_main.c 371 
02:04:48.888 > ets Jun  8 2016 00:22:57
02:04:48.890 > 
02:04:48.890 > rst:0x10 (RTCWDT_RTC_RESET),boot:0x13 (SPI_FAST_FLASH_BOOT)
02:04:48.895 > flash read err, 1000
02:04:48.897 > ets_main.c 371 
02:04:49.245 > ets Jun  8 2016 00:22:57
02:04:49.248 > 
02:04:49.248 > rst:0x10 (RTCWDT_RTC_RESET),boot:0x13 (SPI_FAST_FLASH_BOOT)
02:04:49.253 > flash read err, 1000
02:04:49.255 > ets_main.c 371 
02:04:49.603 > ets Jun  8 2016 00:22:57
02:04:49.605 > 
02:04:49.605 > rst:0x10 (RTCWDT_RTC_RESET),boot:0x13 (SPI_FAST_FLASH_BOOT)
02:04:49.611 > flash read err, 1000
02:04:49.612 > ets_main.c 371 
02:04:49.960 > ets Jun  8 2016 00:22:57
02:04:49.963 > 
02:04:49.963 > rst:0x10 (RTCWDT_RTC_RESET),boot:0x13 (SPI_FAST_FLASH_BOOT)
02:04:49.968 > flash read err, 1000
02:04:49.970 > ets_main.c 371 
02:04:50.318 > ets Jun  8 2016 00:22:57
02:04:50.321 > 
02:04:50.321 > rst:0x10 (RTCWDT_RTC_RESET),boot:0x13 (SPI_FAST_FLASH_BOOT)
02:04:50.326 > flash read err, 1000
02:04:50.328 > ets_main.c 371 
02:04:50.676 > ets Jun  8 2016 00:22:57
02:04:50.678 > 
02:04:50.678 > rst:0x10 (RTCWDT_RTC_RESET),boot:0x13 (SPI_FAST_FLASH_BOOT)
02:04:50.684 > flash read err, 1000
02:04:50.685 > ets_main.c 371 
02:04:51.033 > ets Jun  8 2016 00:22:57
02:04:51.036 > 
02:04:51.036 > rst:0x10 (RTCWDT_RTC_RESET),boot:0x13 (SPI_FAST_FLASH_BOOT)
02:04:51.041 > flash read err, 1000
02:04:51.043 > ets_main.c 371 
02:04:51.391 > ets Jun  8 2016 00:22:57
02:04:51.394 > 
02:04:51.394 > rst:0x10 (RTCWDT_RTC_RESET),boot:0x13 (SPI_FAST_FLASH_BOOT)
02:04:51.399 > flash read err, 1000
02:04:51.401 > ets_main.c 371 
02:04:51.749 > ets Jun  8 2016 00:22:57
02:04:51.751 > 
02:04:51.752 > rst:0x10 (RTCWDT_RTC_RESET),boot:0x13 (SPI_FAST_FLASH_BOOT)
02:04:51.757 > flash read err, 1000
02:04:51.759 > ets_main.c 371 
02:04:52.107 > ets Jun  8 2016 00:22:57
02:04:52.109 > 
02:04:52.109 > rst:0x10 (RTCWDT_RTC_RESET),boot:0x13 (SPI_FAST_FLASH_BOOT)
02:04:52.115 > flash read err, 1000
02:04:52.116 > ets_main.c 371 
02:04:52.464 > ets Jun  8 2016 00:22:57
02:04:52.467 > 
02:04:52.467 > rst:0x10 (RTCWDT_RTC_RESET),boot:0x13 (SPI_FAST_FLASH_BOOT)
02:04:52.472 > flash read err, 1000
02:04:52.474 > ets_main.c 371 
02:04:52.822 > ets Jun  8 2016 00:22:57
02:04:52.825 > 
02:04:52.825 > rst:0x10 (RTCWDT_RTC_RESET),boot:0x13 (SPI_FAST_FLASH_BOOT)
02:04:52.830 > flash read err, 1000
02:04:52.832 > ets_main.c 371 
02:04:53.180 > ets Jun  8 2016 00:22:57
02:04:53.182 > 
02:04:53.183 > rst:0x10 (RTCWDT_RTC_RESET),boot:0x13 (SPI_FAST_FLASH_BOOT)
02:04:53.188 > flash read err, 1000
02:04:53.190 > ets_main.c 371 
02:04:53.538 > ets Jun  8 2016 00:22:57
02:04:53.540 > 
02:04:53.540 > rst:0x10 (RTCWDT_RTC_RESET),boot:0x13 (SPI_FAST_FLASH_BOOT)
02:04:53.545 > flash read err, 1000
02:04:53.547 > ets_main.c 371 
02:04:53.895 > ets Jun  8 2016 00:22:57
02:04:53.898 > 
02:04:53.898 > rst:0x10 (RTCWDT_RTC_RESET),boot:0x13 (SPI_FAST_FLASH_BOOT)
02:04:53.903 > flash read err, 1000
02:04:53.905 > ets_main.c 371 
02:04:54.253 > ets Jun  8 2016 00:22:57
02:04:54.256 > 
02:04:54.256 > rst:0x10 (RTCWDT_RTC_RESET),boot:0x13 (SPI_FAST_FLASH_BOOT)
02:04:54.261 > flash read err, 1000
02:04:54.263 > ets_main.c 371 
02:04:54.611 > ets Jun  8 2016 00:22:57
02:04:54.613 > 
02:04:54.613 > rst:0x10 (RTCWDT_RTC_RESET),boot:0x13 (SPI_FAST_FLASH_BOOT)
02:04:54.619 > flash read err, 1000
02:04:54.620 > ets_main.c 371 
02:04:54.968 > ets Jun  8 2016 00:22:57
02:04:54.971 > 
02:04:54.971 > rst:0x10 (RTCWDT_RTC_RESET),boot:0x13 (SPI_FAST_FLASH_BOOT)
02:04:54.976 > flash read err, 1000
02:04:54.978 > ets_main.c 371 
02:04:55.326 > ets Jun  8 2016 00:22:57
02:04:55.329 > 
02:04:55.329 > rst:0x10 (RTCWDT_RTC_RESET),boot:0x13 (SPI_FAST_FLASH_BOOT)
02:04:55.334 > flash read err, 1000
02:04:55.336 > ets_main.c 371 
02:04:55.684 > ets Jun  8 2016 00:22:57
02:04:55.686 > 
02:04:55.687 > rst:0x10 (RTCWDT_RTC_RESET),boot:0x13 (SPI_FAST_FLASH_BOOT)
02:04:55.692 > flash read err, 1000
02:04:55.694 > ets_main.c 371 
02:04:56.041 > ets Jun  8 2016 00:22:57
02:04:56.044 > 
02:04:56.044 > rst:0x10 (RTCWDT_RTC_RESET),boot:0x13 (SPI_FAST_FLASH_BOOT)
02:04:56.050 > flash read err, 1000
02:04:56.051 > ets_main.c 371 
02:04:56.399 > ets Jun  8 2016 00:22:57
02:04:56.402 > 
02:04:56.402 > rst:0x10 (RTCWDT_RTC_RESET),boot:0x13 (SPI_FAST_FLASH_BOOT)
02:04:56.407 > flash read err, 1000
02:04:56.409 > ets_main.c 371 
02:04:56.757 > ets Jun  8 2016 00:22:57
02:04:56.760 > 
02:04:56.760 > rst:0x10 (RTCWDT_RTC_RESET),boot:0x13 (SPI_FAST_FLASH_BOOT)
02:04:56.765 > flash read err, 1000
02:04:56.767 > ets_main.c 371 
02:04:57.115 > ets Jun  8 2016 00:22:57
02:04:57.117 > 
02:04:57.118 > rst:0x10 (RTCWDT_RTC_RESET),boot:0x13 (SPI_FAST_FLASH_BOOT)
02:04:57.123 > flash read err, 1000
02:04:57.125 > ets_main.c 371 
02:04:57.472 > ets Jun  8 2016 00:22:57
02:04:57.475 > 
02:04:57.475 > rst:0x10 (RTCWDT_RTC_RESET),boot:0x13 (SPI_FAST_FLASH_BOOT)
02:04:57.481 > flash read err, 1000
02:04:57.482 > ets_main.c 371 
02:04:57.830 > ets Jun  8 2016 00:22:57
02:04:57.833 > 
02:04:57.833 > rst:0x10 (RTCWDT_RTC_RESET),boot:0x13 (SPI_FAST_FLASH_BOOT)
02:04:57.838 > flash read err, 1000
02:04:57.840 > ets_main.c 371 
02:04:58.188 > ets Jun  8 2016 00:22:57
02:04:58.191 > 
02:04:58.191 > rst:0x10 (RTCWDT_RTC_RESET),boot:0x13 (SPI_FAST_FLASH_BOOT)
02:04:58.196 > flash read err, 1000
02:04:58.198 > ets_main.c 371 
02:04:58.545 > ets Jun  8 2016 00:22:57
02:04:58.548 > 
02:04:58.549 > rst:0x10 (RTCWDT_RTC_RESET),boot:0x13 (SPI_FAST_FLASH_BOOT)
02:04:58.554 > flash read err, 1000
02:04:58.556 > ets_main.c 371 
02:04:58.903 > ets Jun  8 2016 00:22:57
02:04:58.906 > 
02:04:58.906 > rst:0x10 (RTCWDT_RTC_RESET),boot:0x13 (SPI_FAST_FLASH_BOOT)
02:04:58.911 > flash read err, 1000
02:04:58.913 > ets_main.c 371 
02:04:59.261 > ets Jun  8 2016 00:22:57
02:04:59.264 > 
02:04:59.264 > rst:0x10 (RTCWDT_RTC_RESET),boot:0x13 (SPI_FAST_FLASH_BOOT)
02:04:59.269 > flash read err, 1000
02:04:59.271 > ets_main.c 371 
02:04:59.618 > ets Jun  8 2016 00:22:57
02:04:59.621 > 
02:04:59.621 > rst:0x10 (RTCWDT_RTC_RESET),boot:0x13 (SPI_FAST_FLASH_BOOT)
02:04:59.627 > flash read err, 1000
02:04:59.628 > ets_main.c 371 
02:04:59.976 > ets Jun  8 2016 00:22:57
02:04:59.979 > 
02:04:59.979 > rst:0x10 (RTCWDT_RTC_RESET),boot:0x13 (SPI_FAST_FLASH_BOOT)
02:04:59.984 > flash read err, 1000
02:04:59.986 > ets_main.c 371 
02:05:00.334 > ets Jun  8 2016 00:22:57
02:05:00.337 > 
02:05:00.337 > rst:0x10 (RTCWDT_RTC_RESET),boot:0x13 (SPI_FAST_FLASH_BOOT)
02:05:00.342 > flash read err, 1000
02:05:00.344 > ets_main.c 371 
02:05:00.691 > ets Jun  8 2016 00:22:57
02:05:00.694 > 
02:05:00.694 > rst:0x10 (RTCWDT_RTC_RESET),boot:0x13 (SPI_FAST_FLASH_BOOT)
02:05:00.700 > flash read err, 1000
02:05:00.701 > ets_main.c 371 
02:05:01.049 > ets Jun  8 2016 00:22:57
02:05:01.052 > 
02:05:01.052 > rst:0x10 (RTCWDT_RTC_RESET),boot:0x13 (SPI_FAST_FLASH_BOOT)
02:05:01.057 > flash read err, 1000
02:05:01.059 > ets_main.c 371 
02:05:01.407 > ets Jun  8 2016 00:22:57
02:05:01.410 > 
02:05:01.410 > rst:0x10 (RTCWDT_RTC_RESET),boot:0x13 (SPI_FAST_FLASH_BOOT)
02:05:01.415 > flash read err, 1000
02:05:01.417 > ets_main.c 371 
02:05:01.764 > ets Jun  8 2016 00:22:57
02:05:01.767 > 
02:05:01.768 > rst:0x10 (RTCWDT_RTC_RESET),boot:0x13 (SPI_FAST_FLASH_BOOT)
02:05:01.773 > flash read err, 1000
02:05:01.775 > ets_main.c 371 
02:05:02.122 > ets Jun  8 2016 00:22:57
02:05:02.125 > 
02:05:02.125 > rst:0x10 (RTCWDT_RTC_RESET),boot:0x13 (SPI_FAST_FLASH_BOOT)
02:05:02.131 > flash read err, 1000
02:05:02.132 > ets_main.c 371 
02:05:02.480 > ets Jun  8 2016 00:22:57
02:05:02.482 > 
02:05:02.482 > rst:0x10 (RTCWDT_RTC_RESET),boot:0x13 (SPI_FAST_FLASH_BOOT)
02:05:02.487 > flash read err, 1000
02:05:02.490 > ets_main.c 371 
02:05:02.837 > ets Jun  8 2016 00:22:57
02:05:02.840 > 
02:05:02.840 > rst:0x10 (RTCWDT_RTC_RESET),boot:0x13 (SPI_FAST_FLASH_BOOT)
02:05:02.845 > flash read err, 1000
02:05:02.847 > ets_main.c 371 
02:05:03.195 > ets Jun  8 2016 00:22:57
02:05:03.197 > 
02:05:03.198 > rst:0x10 (RTCWDT_RTC_RESET),boot:0x13 (SPI_FAST_FLASH_BOOT)
02:05:03.204 > flash read err, 1000
02:05:03.206 > ets_main.c 371 
02:05:03.553 > ets Jun  8 2016 00:22:57
02:05:03.555 > 
02:05:03.555 > rst:0x10 (RTCWDT_RTC_RESET),boot:0x13 (SPI_FAST_FLASH_BOOT)
02:05:03.560 > flash read err, 1000
02:05:03.562 > ets_main.c 371 
02:05:03.911 > ets Jun  8 2016 00:22:57
02:05:03.913 > 
02:05:03.913 > rst:0x10 (RTCWDT_RTC_RESET),boot:0x13 (SPI_FAST_FLASH_BOOT)
02:05:03.918 > flash read err, 1000
02:05:03.920 > ets_main.c 371 
02:05:04.268 > ets Jun  8 2016 00:22:57
02:05:04.271 > 
02:05:04.271 > rst:0x10 (RTCWDT_RTC_RESET),boot:0x13 (SPI_FAST_FLASH_BOOT)
02:05:04.276 > flash read err, 1000
02:05:04.278 > ets_main.c 371 
02:05:04.626 > ets Jun  8 2016 00:22:57
02:05:04.628 > 
02:05:04.629 > rst:0x10 (RTCWDT_RTC_RESET),boot:0x13 (SPI_FAST_FLASH_BOOT)
02:05:04.634 > flash read err, 1000
02:05:04.636 > ets_main.c 371 
02:05:04.984 > ets Jun  8 2016 00:22:57
02:05:04.986 > 
02:05:04.986 > rst:0x10 (RTCWDT_RTC_RESET),boot:0x13 (SPI_FAST_FLASH_BOOT)
02:05:04.992 > flash read err, 1000
02:05:04.994 > ets_main.c 371 
02:05:05.342 > ets Jun  8 2016 00:22:57
02:05:05.344 > 
02:05:05.344 > rst:0x10 (RTCWDT_RTC_RESET),boot:0x13 (SPI_FAST_FLASH_BOOT)
02:05:05.349 > flash read err, 1000
02:05:05.351 > ets_main.c 371 
02:05:05.699 > ets Jun  8 2016 00:22:57
02:05:05.702 > 
02:05:05.702 > rst:0x10 (RTCWDT_RTC_RESET),boot:0x13 (SPI_FAST_FLASH_BOOT)
02:05:05.707 > flash read err, 1000
02:05:05.709 > ets_main.c 371 
02:05:06.057 > ets Jun  8 2016 00:22:57
02:05:06.060 > 
02:05:06.060 > rst:0x10 (RTCWDT_RTC_RESET),boot:0x13 (SPI_FAST_FLASH_BOOT)
02:05:06.065 > flash read err, 1000
02:05:06.067 > ets_main.c 371 
02:05:06.415 > ets Jun  8 2016 00:22:57
02:05:06.417 > 
02:05:06.418 > rst:0x10 (RTCWDT_RTC_RESET),boot:0x13 (SPI_FAST_FLASH_BOOT)
02:05:06.423 > flash read err, 1000
02:05:06.425 > ets_main.c 371 
02:05:06.773 > ets Jun  8 2016 00:22:57
02:05:06.775 > 
02:05:06.775 > rst:0x10 (RTCWDT_RTC_RESET),boot:0x13 (SPI_FAST_FLASH_BOOT)
02:05:06.781 > flash read err, 1000
02:05:06.782 > ets_main.c 371 
02:05:07.131 > ets Jun  8 2016 00:22:57
02:05:07.133 > 
02:05:07.133 > rst:0x10 (RTCWDT_RTC_RESET),boot:0x13 (SPI_FAST_FLASH_BOOT)
02:05:07.139 > flash read err, 1000
02:05:07.140 > ets_main.c 371 
02:05:07.489 > ets Jun  8 2016 00:22:57
02:05:07.491 > 
02:05:07.491 > rst:0x10 (RTCWDT_RTC_RESET),boot:0x13 (SPI_FAST_FLASH_BOOT)
02:05:07.496 > flash read err, 1000
02:05:07.498 > ets_main.c 371 
02:05:07.846 > ets Jun  8 2016 00:22:57
02:05:07.849 > 
02:05:07.849 > rst:0x10 (RTCWDT_RTC_RESET),boot:0x13 (SPI_FAST_FLASH_BOOT)
02:05:07.854 > flash read err, 1000
02:05:07.856 > ets_main.c 371 
02:05:08.204 > ets Jun  8 2016 00:22:57
02:05:08.207 > 
02:05:08.207 > rst:0x10 (RTCWDT_RTC_RESET),boot:0x13 (SPI_FAST_FLASH_BOOT)
02:05:08.212 > flash read err, 1000
02:05:08.214 > ets_main.c 371 
02:05:08.562 > ets Jun  8 2016 00:22:57
02:05:08.564 > 
02:05:08.565 > rst:0x10 (RTCWDT_RTC_RESET),boot:0x13 (SPI_FAST_FLASH_BOOT)
02:05:08.570 > flash read err, 1000
02:05:08.572 > ets_main.c 371 
02:05:08.920 > ets Jun  8 2016 00:22:57
02:05:08.922 > 
02:05:08.922 > rst:0x10 (RTCWDT_RTC_RESET),boot:0x13 (SPI_FAST_FLASH_BOOT)
02:05:08.928 > flash read err, 1000
02:05:08.929 > ets_main.c 371 
02:05:09.278 > ets Jun  8 2016 00:22:57
02:05:09.280 > 
02:05:09.280 > rst:0x10 (RTCWDT_RTC_RESET),boot:0x13 (SPI_FAST_FLASH_BOOT)
02:05:09.285 > flash read err, 1000
02:05:09.287 > ets_main.c 371 
02:05:09.635 > ets Jun  8 2016 00:22:57
02:05:09.638 > 
02:05:09.638 > rst:0x10 (RTCWDT_RTC_RESET),boot:0x13 (SPI_FAST_FLASH_BOOT)
02:05:09.643 > configsip: 0, SPIWP:0xff
02:05:09.645 > clk_drv:0x0f,q_drv:0x0f,d_drv:0x0f,cs0_drv:0x0f,hd_drv:0x0f,wp_drv:0x0f
02:05:09.652 > mode:DIO, clock div:1
02:05:09.654 > cmd len -1
02:05:09.655 > ets_main.c 371 
02:05:09.993 > ets Jun  8 2016 00:22:57
02:05:09.996 > 
02:05:09.996 > rst:0x10 (RTCWDT_RTC_RESET),boot:0x13 (SPI_FAST_FLASH_BOOT)
02:05:10.001 > flash read err, 1000
02:05:10.003 > ets_main.c 371 
02:05:10.351 > ets Jun  8 2016 00:22:57
02:05:10.354 > 
02:05:10.354 > rst:0x10 (RTCWDT_RTC_RESET),boot:0x13 (SPI_FAST_FLASH_BOOT)
02:05:10.359 > flash read err, 1000
02:05:10.361 > ets_main.c 371 
02:05:10.709 > ets Jun  8 2016 00:22:57
02:05:10.712 > 
02:05:10.754 > rst:0x10 (RTCWDT_RTC_RESET),boot:0x13 (SPI_FAST_FLASH_BOOT)
02:05:10.754 > flash read err, 1000
02:05:10.754 > ets_main.c 371 
02:05:11.067 > ets Jun  8 2016 00:22:57
02:05:11.069 > 
02:05:11.070 > rst:0x10 (RTCWDT_RTC_RESET),boot:0x13 (SPI_FAST_FLASH_BOOT)
02:05:11.075 > flash read err, 1000
02:05:11.077 > ets_main.c 371 
02:05:11.425 > ets Jun  8 2016 00:22:57
02:05:11.427 > 
02:05:11.427 > rst:0x10 (RTCWDT_RTC_RESET),boot:0x13 (SPI_FAST_FLASH_BOOT)
02:05:11.433 > flash read err, 1000
02:05:11.435 > ets_main.c 371 
02:05:11.782 > ets Jun  8 2016 00:22:57
02:05:11.785 > 
02:05:11.785 > rst:0x10 (RTCWDT_RTC_RESET),boot:0x13 (SPI_FAST_FLASH_BOOT)
02:05:11.790 > flash read err, 1000
02:05:11.792 > ets_main.c 371 
02:05:12.140 > ets Jun  8 2016 00:22:57
02:05:12.143 > 
02:05:12.143 > rst:0x10 (RTCWDT_RTC_RESET),boot:0x13 (SPI_FAST_FLASH_BOOT)
02:05:12.148 > flash read err, 1000
02:05:12.150 > ets_main.c 371 
02:05:12.498 > ets Jun  8 2016 00:22:57
02:05:12.501 > 
02:05:12.501 > rst:0x10 (RTCWDT_RTC_RESET),boot:0x13 (SPI_FAST_FLASH_BOOT)
02:05:12.506 > configsip: 0, SPIWP:0xff
02:05:12.508 > clk_drv:0x0f,q_drv:0x0f,d_drv:0x0f,cs0_drv:0x0f,hd_drv:0x0f,wp_drv:0x0f
02:05:12.514 > mode:SLOW_RD, clock div:1
02:05:12.517 > cmd len -1
02:05:12.518 > ets_main.c 371 
02:05:12.856 > ets Jun  8 2016 00:22:57
02:05:12.858 > 
02:05:12.859 > rst:0x10 (RTCWDT_RTC_RESET),boot:0x13 (SPI_FAST_FLASH_BOOT)
02:05:12.864 > flash read err, 1000
02:05:12.866 > ets_main.c 371 
02:05:13.213 > ets Jun  8 2016 00:22:57
02:05:13.216 > 
02:05:13.216 > rst:0x10 (RTCWDT_RTC_RESET),boot:0x13 (SPI_FAST_FLASH_BOOT)
02:05:13.222 > flash read err, 1000
02:05:13.223 > ets_main.c 371 
02:05:13.571 > ets Jun  8 2016 00:22:57
02:05:13.574 > 
02:05:13.574 > rst:0x10 (RTCWDT_RTC_RESET),boot:0x13 (SPI_FAST_FLASH_BOOT)
02:05:13.579 > flash read err, 1000
02:05:13.581 > ets_main.c 371 
02:05:13.929 > ets Jun  8 2016 00:22:57
02:05:13.932 > 
02:05:13.932 > rst:0x10 (RTCWDT_RTC_RESET),boot:0x13 (SPI_FAST_FLASH_BOOT)
02:05:13.937 > configsip: 0, SPIWP:0xee
02:05:13.939 > clk_drv:0x00,q_drv:0x00,d_drv:0x00,cs0_drv:0x00,hd_drv:0x00,wp_drv:0x00
02:05:13.946 > mode:DIO, clock div:2
02:05:13.948 > load:0x3fff0018,len:4
02:05:13.950 > load:0x3fff001c,len:1044
02:05:13.952 > load:0x40078000,len:10124
02:05:13.954 > load:0x40080400,len:5828
02:05:13.956 > entry 0x400806a8
02:05:15.089 > Failed to detect and initialize sensor!
02:05:16.089 > Failed to detect and initialize sensor!
02:05:17.090 > Failed to detect and initialize sensor!
02:05:18.091 > Failed to detect and initialize sensor!
02:05:19.092 > Failed to detect and initialize sensor!
02:05:20.092 > Failed to detect and initialize sensor!
02:05:21.092 > Failed to detect and initialize sensor!
02:05:22.092 > Failed to detect and initialize sensor!
02:05:23.092 > Failed to detect and initialize sensor!
02:05:24.092 > Failed to detect and initialize sensor!
02:05:25.092 > Failed to detect and initialize sensor!
02:05:26.092 > Failed to detect and initialize sensor!
02:05:27.092 > Failed to detect and initialize sensor!
02:05:28.092 > Failed to detect and initialize sensor!
02:05:29.093 > Failed to detect and initialize sensor!
02:05:30.093 > Failed to detect and initialize sensor!
02:05:31.093 > Failed to detect and initialize sensor!
02:05:32.093 > Failed to detect and initialize sensor!
02:05:33.093 > Failed to detect and initialize sensor!
02:05:34.093 > Failed to detect and initialize sensor!
02:05:35.094 > Failed to detect and initialize sensor!
02:05:36.094 > Failed to detect and initialize sensor!
02:05:37.095 > Failed to detect and initialize sensor!
02:05:38.096 > Failed to detect and initialize sensor!
02:05:39.146 > Guru Meditation Error: Core  1 panic'ed (IllegalInstruction). Exception was unhandled.
02:05:39.154 > Memory dump at 0x400d2ba0: ffab0200 ffffffff ffffffff
02:05:39.159 > Core 1 register dump:
02:05:39.161 > PC      : 0x400d2ba4  PS      : 0x00060330  A0      : 0xfffffbff  A1      : 0x3ffb1e90  
02:05:39.169 > A2      : 0x00000003  A3      : 0x00000000  A4      : 0x00000000  A5      : 0x3ffbdc54  
02:05:39.176 > A6      : 0x00000000  A7      : 0x60013000  A8      : 0x800d2b68  A9      : 0x3ffb1e70  
02:05:39.184 > A10     : 0x3ffbdc54  A11     : 0x00000010  A12     : 0x00000000  A13     : 0x00000001  
02:05:39.192 > A14     : 0x00000032  A15     : 0x3ffb84f0  SAR     : 0x0000001c  EXCCAUSE: 0x00000000  
02:05:39.200 > EXCVADDR: 0x00000000  LBEG    : 0x4000c2e0  LEND    : 0x4000c2f6  LCOUNT  : 0x00000000  
02:05:39.208 > 
02:05:39.208 > ELF file SHA256: 0000000000000000
02:05:39.211 > 
02:05:39.211 > Backtrace: 0x400d2ba4:0x3ffb1e90 0x7ffffbfc:0x3ffb1ec0 0x400d10a5:0x3ffb1ee0 0x400d10f9:0x3ffb1f00 0x400d11f1:0x3ffb1f20 0x400d13ac:0x3ffb1f40 0x400d191d:0x3ffb1f60 0x400d0dfe:0x3ffb1f80 0x400d3aae:0x3ffb1fb0 0x40086a75:0x3ffb1fd0
02:05:39.231 > 
02:05:39.231 > Rebooting...
02:05:39.233 > ets Jun  8 2016 00:22:57
02:05:39.235 > 
02:05:39.235 > rst:0xc (SW_CPU_RESET),boot:0x13 (SPI_FAST_FLASH_BOOT)
02:05:39.240 > flash read err, 1000
02:05:39.242 > ets_main.c 371 
02:05:40.151 > ets Jun  8 2016 00:22:57
02:05:40.154 > 
02:05:40.154 > rst:0x10 (RTCWDT_RTC_RESET),boot:0x13 (SPI_FAST_FLASH_BOOT)
02:05:40.159 > flash read err, 1000
02:05:40.161 > ets_main.c 371 
02:05:40.510 > ets Jun  8 2016 00:22:57
02:05:40.512 > 
02:05:40.512 > rst:0x10 (RTCWDT_RTC_RESET),boot:0x13 (SPI_FAST_FLASH_BOOT)
02:05:40.518 > flash read err, 1000
02:05:40.519 > ets_main.c 371 
02:05:40.868 > ets Jun  8 2016 00:22:57
02:05:40.871 > 
02:05:40.871 > rst:0x10 (RTCWDT_RTC_RESET),boot:0x13 (SPI_FAST_FLASH_BOOT)
02:05:40.876 > flash read err, 1000
02:05:40.878 > ets_main.c 371 
02:05:41.227 > ets Jun  8 2016 00:22:57
02:05:41.229 > 
02:05:41.230 > rst:0x10 (RTCWDT_RTC_RESET),boot:0x13 (SPI_FAST_FLASH_BOOT)
02:05:41.235 > flash read err, 1000
02:05:41.237 > ets_main.c 371 
02:05:41.585 > ets Jun  8 2016 00:22:57
02:05:41.588 > 
02:05:41.588 > rst:0x10 (RTCWDT_RTC_RESET),boot:0x13 (SPI_FAST_FLASH_BOOT)
02:05:41.593 > flash read err, 1000
02:05:41.595 > ets_main.c 371 
02:05:41.944 > ets Jun  8 2016 00:22:57
02:05:41.946 > 
02:05:41.946 > rst:0x10 (RTCWDT_RTC_RESET),boot:0x13 (SPI_FAST_FLASH_BOOT)
02:05:41.952 > flash read err, 1000
02:05:41.954 > ets_main.c 371 
02:05:42.302 > ets Jun  8 2016 00:22:57
02:05:42.305 > 
02:05:42.305 > rst:0x10 (RTCWDT_RTC_RESET),boot:0x13 (SPI_FAST_FLASH_BOOT)
02:05:42.310 > flash read err, 1000
02:05:42.312 > ets_main.c 371 
02:05:42.661 > ets Jun  8 2016 00:22:57
02:05:42.663 > 
02:05:42.664 > rst:0x10 (RTCWDT_RTC_RESET),boot:0x13 (SPI_FAST_FLASH_BOOT)
02:05:42.669 > flash read err, 1000
02:05:42.671 > ets_main.c 371 
02:05:43.019 > ets Jun  8 2016 00:22:57
02:05:43.022 > 
02:05:43.022 > rst:0x10 (RTCWDT_RTC_RESET),boot:0x13 (SPI_FAST_FLASH_BOOT)
02:05:43.027 > flash read err, 1000
02:05:43.029 > ets_main.c 371 
02:05:43.378 > ets Jun  8 2016 00:22:57
02:05:43.381 > 
02:05:43.381 > rst:0x10 (RTCWDT_RTC_RESET),boot:0x13 (SPI_FAST_FLASH_BOOT)
02:05:43.386 > flash read err, 1000
02:05:43.388 > ets_main.c 371 
02:05:43.737 > ets Jun  8 2016 00:22:57
02:05:43.739 > 
02:05:43.739 > rst:0x10 (RTCWDT_RTC_RESET),boot:0x13 (SPI_FAST_FLASH_BOOT)
02:05:43.744 > flash read err, 1000
02:05:43.746 > ets_main.c 371 
02:05:44.095 > ets Jun  8 2016 00:22:57
02:05:44.098 > 
02:05:44.098 > rst:0x10 (RTCWDT_RTC_RESET),boot:0x13 (SPI_FAST_FLASH_BOOT)
02:05:44.103 > flash read err, 1000
02:05:44.105 > ets_main.c 371 
02:05:44.453 > ets Jun  8 2016 00:22:57
02:05:44.456 > 
02:05:44.456 > rst:0x10 (RTCWDT_RTC_RESET),boot:0x13 (SPI_FAST_FLASH_BOOT)
02:05:44.461 > flash read err, 1000
02:05:44.463 > ets_main.c 371 
02:05:44.812 > ets Jun  8 2016 00:22:57
02:05:44.814 > 
02:05:44.815 > rst:0x10 (RTCWDT_RTC_RESET),boot:0x13 (SPI_FAST_FLASH_BOOT)
02:05:44.820 > flash read err, 1000
02:05:44.822 > ets_main.c 371 
02:05:45.170 > ets Jun  8 2016 00:22:57
02:05:45.173 > 
02:05:45.173 > rst:0x10 (RTCWDT_RTC_RESET),boot:0x13 (SPI_FAST_FLASH_BOOT)
02:05:45.178 > flash read err, 1000
02:05:45.180 > ets_main.c 371 
02:05:45.528 > ets Jun  8 2016 00:22:57
02:05:45.531 > 
02:05:45.531 > rst:0x10 (RTCWDT_RTC_RESET),boot:0x13 (SPI_FAST_FLASH_BOOT)
02:05:45.537 > flash read err, 1000
02:05:45.538 > ets_main.c 371 
02:05:48.683 > ets Jun  8 2016 00:22:57
02:05:48.686 > 
02:05:48.686 > rst:0x1 (POWERON_RESET),boot:0x13 (SPI_FAST_FLASH_BOOT)
02:05:48.691 > flash read err, 1000
02:05:48.693 > ets_main.c 371 
02:05:49.041 > ets Jun  8 2016 00:22:57
02:05:49.044 > 
02:05:49.044 > rst:0x10 (RTCWDT_RTC_RESET),boot:0x13 (SPI_FAST_FLASH_BOOT)
02:05:49.049 > flash read err, 1000
02:05:49.051 > ets_main.c 371 
02:05:49.399 > ets Jun  8 2016 00:22:57
02:05:49.402 > 
02:05:49.403 > rst:0x10 (RTCWDT_RTC_RESET),boot:0x13 (SPI_FAST_FLASH_BOOT)
02:05:49.408 > flash read err, 1000
02:05:49.410 > ets_main.c 371 
02:05:49.758 > ets Jun  8 2016 00:22:57
02:05:49.761 > 
02:05:49.761 > rst:0x10 (RTCWDT_RTC_RESET),boot:0x13 (SPI_FAST_FLASH_BOOT)
02:05:49.766 > flash read err, 1000
02:05:49.768 > ets_main.c 371 
02:05:50.116 > ets Jun  8 2016 00:22:57
02:05:50.119 > 
02:05:50.120 > rst:0x10 (RTCWDT_RTC_RESET),boot:0x13 (SPI_FAST_FLASH_BOOT)
02:05:50.125 > flash read err, 1000
02:05:50.127 > ets_main.c 371 
02:05:50.475 > ets Jun  8 2016 00:22:57
02:05:50.478 > 
02:05:50.478 > rst:0x10 (RTCWDT_RTC_RESET),boot:0x13 (SPI_FAST_FLASH_BOOT)
02:05:50.483 > flash read err, 1000
02:05:50.485 > ets_main.c 371 
02:05:50.834 > ets Jun  8 2016 00:22:57
02:05:50.837 > 
02:05:50.837 > rst:0x10 (RTCWDT_RTC_RESET),boot:0x13 (SPI_FAST_FLASH_BOOT)
02:05:50.842 > flash read err, 1000
02:05:50.844 > ets_main.c 371 
02:05:51.192 > ets Jun  8 2016 00:22:57
02:05:51.195 > 
02:05:51.195 > rst:0x10 (RTCWDT_RTC_RESET),boot:0x13 (SPI_FAST_FLASH_BOOT)
02:05:51.200 > flash read err, 1000
02:05:51.202 > ets_main.c 371 
02:05:51.551 > ets Jun  8 2016 00:22:57
02:05:51.554 > 
02:05:51.554 > rst:0x10 (RTCWDT_RTC_RESET),boot:0x13 (SPI_FAST_FLASH_BOOT)
02:05:51.559 > flash read err, 1000
02:05:51.561 > ets_main.c 371 
02:05:51.909 > ets Jun  8 2016 00:22:57
02:05:51.912 > 
02:05:51.912 > rst:0x10 (RTCWDT_RTC_RESET),boot:0x13 (SPI_FAST_FLASH_BOOT)
02:05:51.917 > flash read err, 1000
02:05:51.919 > ets_main.c 371 
02:05:52.267 > ets Jun  8 2016 00:22:57
02:05:52.271 > 
02:05:52.271 > rst:0x10 (RTCWDT_RTC_RESET),boot:0x13 (SPI_FAST_FLASH_BOOT)
02:05:52.276 > flash read err, 1000
02:05:52.278 > ets_main.c 371 
02:05:52.626 > ets Jun  8 2016 00:22:57
02:05:52.629 > 
02:05:52.629 > rst:0x10 (RTCWDT_RTC_RESET),boot:0x13 (SPI_FAST_FLASH_BOOT)
02:05:52.634 > flash read err, 1000
02:05:52.636 > ets_main.c 371 
02:05:52.985 > ets Jun  8 2016 00:22:57
02:05:52.987 > 
02:05:52.987 > rst:0x10 (RTCWDT_RTC_RESET),boot:0x13 (SPI_FAST_FLASH_BOOT)
02:05:52.993 > flash read err, 1000
02:05:52.994 > ets_main.c 371 
02:05:53.343 > ets Jun  8 2016 00:22:57
02:05:53.345 > 
02:05:53.345 > rst:0x10 (RTCWDT_RTC_RESET),boot:0x13 (SPI_FAST_FLASH_BOOT)
02:05:53.351 > flash read err, 1000
02:05:53.353 > ets_main.c 371 
02:05:53.702 > ets Jun  8 2016 00:22:57
02:05:53.704 > 
02:05:53.704 > rst:0x10 (RTCWDT_RTC_RESET),boot:0x13 (SPI_FAST_FLASH_BOOT)
02:05:53.709 > flash read err, 1000
02:05:53.711 > ets_main.c 371 
02:05:54.060 > ets Jun  8 2016 00:22:57
02:05:54.062 > 
02:05:54.063 > rst:0x10 (RTCWDT_RTC_RESET),boot:0x13 (SPI_FAST_FLASH_BOOT)
02:05:54.068 > flash read err, 1000
02:05:54.070 > ets_main.c 371 
02:05:54.419 > ets Jun  8 2016 00:22:57
02:05:54.421 > 
02:05:54.421 > rst:0x10 (RTCWDT_RTC_RESET),boot:0x13 (SPI_FAST_FLASH_BOOT)
02:05:54.426 > flash read err, 1000
02:05:54.428 > ets_main.c 371 
02:05:54.777 > ets Jun  8 2016 00:22:57
02:05:54.779 > 
02:05:54.780 > rst:0x10 (RTCWDT_RTC_RESET),boot:0x13 (SPI_FAST_FLASH_BOOT)
02:05:54.785 > flash read err, 1000
02:05:54.787 > ets_main.c 371 
02:05:55.136 > ets Jun  8 2016 00:22:57
02:05:55.138 > 
02:05:55.138 > rst:0x10 (RTCWDT_RTC_RESET),boot:0x13 (SPI_FAST_FLASH_BOOT)
02:05:55.143 > flash read err, 1000
02:05:55.145 > ets_main.c 371 
02:05:55.494 > ets Jun  8 2016 00:22:57
02:05:55.496 > 
02:05:55.497 > rst:0x10 (RTCWDT_RTC_RESET),boot:0x13 (SPI_FAST_FLASH_BOOT)
02:05:55.502 > flash read err, 1000
02:05:55.504 > ets_main.c 371 
02:05:55.852 > ets Jun  8 2016 00:22:57
02:05:55.855 > 
02:05:55.855 > rst:0x10 (RTCWDT_RTC_RESET),boot:0x13 (SPI_FAST_FLASH_BOOT)
02:05:55.860 > flash read err, 1000
02:05:55.862 > ets_main.c 371 
02:05:56.211 > ets Jun  8 2016 00:22:57
02:05:56.213 > 
02:05:56.213 > rst:0x10 (RTCWDT_RTC_RESET),boot:0x13 (SPI_FAST_FLASH_BOOT)
02:05:56.219 > flash read err, 1000
02:05:56.220 > ets_main.c 371 
02:05:56.569 > ets Jun  8 2016 00:22:57
02:05:56.572 > 
02:05:56.572 > rst:0x10 (RTCWDT_RTC_RESET),boot:0x13 (SPI_FAST_FLASH_BOOT)
02:05:56.577 > flash read err, 1000
02:05:56.579 > ets_main.c 371 
02:05:56.928 > ets Jun  8 2016 00:22:57
02:05:56.930 > 
02:05:56.930 > rst:0x10 (RTCWDT_RTC_RESET),boot:0x13 (SPI_FAST_FLASH_BOOT)
02:05:56.935 > configsip: 0, SPIWP:0xee
02:05:56.938 > clk_drv:0x00,q_drv:0x00,d_drv:0x00,cs0_drv:0x00,hd_drv:0x00,wp_drv:0x00
02:05:56.944 > mode:DIO, clock div:2
02:05:56.946 > load:0x3fff0018,len:4
02:05:56.948 > load:0x3fff001c,len:1044
02:05:56.950 > load:0x40078000,len:10124
02:05:56.952 > load:0x40080400,len:5828
02:05:56.954 > entry 0x400806a8
02:05:58.088 > Failed to detect and initialize sensor!
02:05:59.089 > Failed to detect and initialize sensor!
02:06:00.090 > Failed to detect and initialize sensor!
02:06:01.090 > Failed to detect and initialize sensor!
02:06:02.091 > Failed to detect and initialize sensor!
02:06:03.092 > Failed to detect and initialize sensor!
02:06:04.093 > Failed to detect and initialize sensor!
02:06:05.094 > Failed to detect and initialize sensor!
02:06:06.095 > Failed to detect and initialize sensor!
02:06:07.096 > Failed to detect and initialize sensor!
02:06:08.097 > Failed to detect and initialize sensor!
02:06:09.098 > Failed to detect and initialize sensor!
02:06:10.098 > Failed to detect and initialize sensor!
02:06:11.099 > Failed to detect and initialize sensor!
02:06:12.100 > Failed to detect and initialize sensor!
02:06:13.101 > Failed to detect and initialize sensor!
02:06:14.102 > Failed to detect and initialize sensor!
02:06:15.103 > Failed to detect and initialize sensor!
02:06:16.104 > Failed to detect and initialize sensor!
02:06:17.105 > Failed to detect and initialize sensor!
02:06:18.106 > Failed to detect and initialize sensor!
02:06:19.106 > Failed to detect and initialize sensor!
02:06:20.107 > Failed to detect and initialize sensor!
02:06:21.108 > Failed to detect and initialize sensor!
02:06:22.109 > Failed to detect and initialize sensor!
02:06:23.110 > Failed to detect and initialize sensor!
02:06:24.111 > Failed to detect and initialize sensor!
02:06:25.112 > Failed to detect and initialize sensor!
02:06:26.113 > Failed to detect and initialize sensor!
02:06:27.113 > Failed to detect and initialize sensor!
02:06:28.114 > Failed to detect and initialize sensor!
02:06:29.115 > Failed to detect and initialize sensor!
02:06:30.116 > Failed to detect and initialize sensor!
02:06:31.117 > Failed to detect and initialize sensor!
02:06:32.118 > Failed to detect and initialize sensor!
02:06:33.119 > Failed to detect and initialize sensor!
02:06:34.120 > Failed to detect and initialize sensor!
02:06:35.121 > Failed to detect and initialize sensor!
02:06:36.121 > Failed to detect and initialize sensor!
02:06:37.122 > Failed to detect and initialize sensor!
02:06:38.123 > Failed to detect and initialize sensor!
02:06:39.124 > Failed to detect and initialize sensor!
02:06:40.125 > Failed to detect and initialize sensor!
02:06:41.126 > Failed to detect and initialize sensor!
02:06:42.127 > Failed to detect and initialize sensor!
02:06:43.128 > Failed to detect and initialize sensor!
02:06:44.129 > Failed to detect and initialize sensor!
02:06:45.129 > Failed to detect and initialize sensor!
02:06:46.130 > Failed to detect and initialize sensor!
02:06:47.131 > Failed to detect and initialize sensor!
02:06:48.132 > Failed to detect and initialize sensor!
02:06:49.133 > Failed to detect and initialize sensor!
02:06:50.134 > Failed to detect and initialize sensor!
02:06:51.135 > Failed to detect and initialize sensor!
02:06:52.136 > Failed to detect and initialize sensor!
02:06:53.136 > Failed to detect and initialize sensor!
02:06:54.137 > Failed to detect and initialize sensor!
02:06:55.138 > Failed to detect and initialize sensor!
02:06:56.139 > Failed to detect and initialize sensor!
02:06:57.140 > Failed to detect and initialize sensor!
02:06:58.141 > Failed to detect and initialize sensor!
02:06:59.142 > Failed to detect and initialize sensor!
02:07:00.143 > Failed to detect and initialize sensor!
02:07:01.144 > Failed to detect and initialize sensor!
02:07:02.144 > Failed to detect and initialize sensor!
